{"C:\\Users\\Member\\HACKTIV8\\final-project\\artmart-server\\app.js": {"path":"C:\\Users\\Member\\HACKTIV8\\final-project\\artmart-server\\app.js","statementMap":{"0":{"start":{"line":1,"column":0},"end":{"line":3,"column":1}},"1":{"start":{"line":2,"column":4},"end":{"line":2,"column":30}},"2":{"start":{"line":5,"column":16},"end":{"line":5,"column":34}},"3":{"start":{"line":6,"column":15},"end":{"line":6,"column":47}},"4":{"start":{"line":7,"column":22},"end":{"line":7,"column":61}},"5":{"start":{"line":8,"column":11},"end":{"line":8,"column":26}},"6":{"start":{"line":9,"column":12},"end":{"line":9,"column":21}},"7":{"start":{"line":12,"column":0},"end":{"line":12,"column":16}},"8":{"start":{"line":14,"column":0},"end":{"line":14,"column":48}},"9":{"start":{"line":16,"column":0},"end":{"line":16,"column":25}},"10":{"start":{"line":18,"column":0},"end":{"line":18,"column":21}},"11":{"start":{"line":20,"column":0},"end":{"line":20,"column":23}},"12":{"start":{"line":22,"column":0},"end":{"line":22,"column":20}}},"fnMap":{},"branchMap":{"0":{"loc":{"start":{"line":1,"column":0},"end":{"line":3,"column":1}},"type":"if","locations":[{"start":{"line":1,"column":0},"end":{"line":3,"column":1}},{"start":{"line":1,"column":0},"end":{"line":3,"column":1}}],"line":1},"1":{"loc":{"start":{"line":1,"column":4},"end":{"line":1,"column":77}},"type":"binary-expr","locations":[{"start":{"line":1,"column":4},"end":{"line":1,"column":42}},{"start":{"line":1,"column":46},"end":{"line":1,"column":77}}],"line":1}},"s":{"0":40,"1":40,"2":40,"3":40,"4":40,"5":40,"6":40,"7":40,"8":40,"9":40,"10":40,"11":40,"12":40},"f":{},"b":{"0":[40,0],"1":[40,40]},"_coverageSchema":"1a1c01bbd47fc00a2c39e90264f33305004495a9","hash":"680178cfe74e25bc449d85d5bf5850bc3baf7d15"}
,"C:\\Users\\Member\\HACKTIV8\\final-project\\artmart-server\\config\\config.js": {"path":"C:\\Users\\Member\\HACKTIV8\\final-project\\artmart-server\\config\\config.js","statementMap":{"0":{"start":{"line":1,"column":12},"end":{"line":1,"column":49}},"1":{"start":{"line":2,"column":22},"end":{"line":2,"column":39}},"2":{"start":{"line":4,"column":0},"end":{"line":4,"column":73}},"3":{"start":{"line":4,"column":45},"end":{"line":4,"column":73}},"4":{"start":{"line":6,"column":17},"end":{"line":6,"column":61}},"5":{"start":{"line":7,"column":17},"end":{"line":7,"column":61}},"6":{"start":{"line":8,"column":17},"end":{"line":8,"column":57}},"7":{"start":{"line":9,"column":13},"end":{"line":9,"column":53}},"8":{"start":{"line":10,"column":16},"end":{"line":10,"column":59}},"9":{"start":{"line":12,"column":0},"end":{"line":30,"column":1}}},"fnMap":{},"branchMap":{"0":{"loc":{"start":{"line":1,"column":12},"end":{"line":1,"column":49}},"type":"binary-expr","locations":[{"start":{"line":1,"column":12},"end":{"line":1,"column":32}},{"start":{"line":1,"column":36},"end":{"line":1,"column":49}}],"line":1},"1":{"loc":{"start":{"line":4,"column":0},"end":{"line":4,"column":73}},"type":"if","locations":[{"start":{"line":4,"column":0},"end":{"line":4,"column":73}},{"start":{"line":4,"column":0},"end":{"line":4,"column":73}}],"line":4},"2":{"loc":{"start":{"line":4,"column":4},"end":{"line":4,"column":43}},"type":"binary-expr","locations":[{"start":{"line":4,"column":4},"end":{"line":4,"column":25}},{"start":{"line":4,"column":29},"end":{"line":4,"column":43}}],"line":4}},"s":{"0":40,"1":40,"2":40,"3":40,"4":40,"5":40,"6":40,"7":40,"8":40,"9":40},"f":{},"b":{"0":[40,0],"1":[40,0],"2":[40,40]},"_coverageSchema":"1a1c01bbd47fc00a2c39e90264f33305004495a9","hash":"367afc1f558d0f691c6b8e5c7c7bcba3115d83a9"}
,"C:\\Users\\Member\\HACKTIV8\\final-project\\artmart-server\\controllers\\ArtistController.js": {"path":"C:\\Users\\Member\\HACKTIV8\\final-project\\artmart-server\\controllers\\ArtistController.js","statementMap":{"0":{"start":{"line":1,"column":19},"end":{"line":1,"column":46}},"1":{"start":{"line":2,"column":27},"end":{"line":2,"column":56}},"2":{"start":{"line":3,"column":26},"end":{"line":3,"column":52}},"3":{"start":{"line":7,"column":4},"end":{"line":21,"column":5}},"4":{"start":{"line":8,"column":17},"end":{"line":12,"column":8}},"5":{"start":{"line":13,"column":6},"end":{"line":18,"column":7}},"6":{"start":{"line":14,"column":8},"end":{"line":14,"column":39}},"7":{"start":{"line":15,"column":8},"end":{"line":15,"column":34}},"8":{"start":{"line":17,"column":8},"end":{"line":17,"column":40}},"9":{"start":{"line":20,"column":6},"end":{"line":20,"column":15}},"10":{"start":{"line":25,"column":4},"end":{"line":43,"column":5}},"11":{"start":{"line":26,"column":126},"end":{"line":26,"column":134}},"12":{"start":{"line":27,"column":17},"end":{"line":37,"column":8}},"13":{"start":{"line":39,"column":6},"end":{"line":39,"column":37}},"14":{"start":{"line":40,"column":6},"end":{"line":40,"column":34}},"15":{"start":{"line":42,"column":6},"end":{"line":42,"column":16}},"16":{"start":{"line":47,"column":4},"end":{"line":120,"column":5}},"17":{"start":{"line":48,"column":44},"end":{"line":48,"column":52}},"18":{"start":{"line":52,"column":6},"end":{"line":81,"column":7}},"19":{"start":{"line":53,"column":8},"end":{"line":54,"column":32}},"20":{"start":{"line":56,"column":10},"end":{"line":80,"column":11}},"21":{"start":{"line":57,"column":12},"end":{"line":57,"column":54}},"22":{"start":{"line":59,"column":26},"end":{"line":59,"column":65}},"23":{"start":{"line":61,"column":12},"end":{"line":79,"column":13}},"24":{"start":{"line":62,"column":30},"end":{"line":66,"column":15}},"25":{"start":{"line":68,"column":35},"end":{"line":68,"column":57}},"26":{"start":{"line":70,"column":14},"end":{"line":75,"column":16}},"27":{"start":{"line":78,"column":14},"end":{"line":78,"column":55}},"28":{"start":{"line":83,"column":6},"end":{"line":112,"column":9}},"29":{"start":{"line":84,"column":8},"end":{"line":85,"column":29}},"30":{"start":{"line":87,"column":10},"end":{"line":111,"column":11}},"31":{"start":{"line":88,"column":12},"end":{"line":88,"column":54}},"32":{"start":{"line":90,"column":26},"end":{"line":90,"column":65}},"33":{"start":{"line":92,"column":12},"end":{"line":110,"column":13}},"34":{"start":{"line":93,"column":30},"end":{"line":97,"column":15}},"35":{"start":{"line":99,"column":35},"end":{"line":99,"column":57}},"36":{"start":{"line":101,"column":14},"end":{"line":106,"column":16}},"37":{"start":{"line":109,"column":14},"end":{"line":109,"column":55}},"38":{"start":{"line":114,"column":6},"end":{"line":116,"column":7}},"39":{"start":{"line":115,"column":8},"end":{"line":115,"column":49}},"40":{"start":{"line":119,"column":6},"end":{"line":119,"column":16}},"41":{"start":{"line":124,"column":4},"end":{"line":161,"column":5}},"42":{"start":{"line":125,"column":16},"end":{"line":131,"column":7}},"43":{"start":{"line":132,"column":6},"end":{"line":132,"column":44}},"44":{"start":{"line":132,"column":25},"end":{"line":132,"column":44}},"45":{"start":{"line":138,"column":6},"end":{"line":140,"column":7}},"46":{"start":{"line":139,"column":8},"end":{"line":139,"column":99}},"47":{"start":{"line":142,"column":17},"end":{"line":147,"column":8}},"48":{"start":{"line":148,"column":22},"end":{"line":148,"column":29}},"49":{"start":{"line":150,"column":6},"end":{"line":157,"column":7}},"50":{"start":{"line":151,"column":22},"end":{"line":151,"column":32}},"51":{"start":{"line":152,"column":8},"end":{"line":152,"column":42}},"52":{"start":{"line":153,"column":8},"end":{"line":153,"column":38}},"53":{"start":{"line":165,"column":0},"end":{"line":165,"column":33}}},"fnMap":{"0":{"name":"(anonymous_0)","decl":{"start":{"line":6,"column":2},"end":{"line":6,"column":3}},"loc":{"start":{"line":6,"column":40},"end":{"line":22,"column":3}},"line":6},"1":{"name":"(anonymous_1)","decl":{"start":{"line":24,"column":2},"end":{"line":24,"column":3}},"loc":{"start":{"line":24,"column":41},"end":{"line":44,"column":3}},"line":24},"2":{"name":"(anonymous_2)","decl":{"start":{"line":46,"column":2},"end":{"line":46,"column":3}},"loc":{"start":{"line":46,"column":38},"end":{"line":121,"column":3}},"line":46},"3":{"name":"(anonymous_3)","decl":{"start":{"line":123,"column":2},"end":{"line":123,"column":3}},"loc":{"start":{"line":123,"column":36},"end":{"line":162,"column":3}},"line":123}},"branchMap":{"0":{"loc":{"start":{"line":13,"column":6},"end":{"line":18,"column":7}},"type":"if","locations":[{"start":{"line":13,"column":6},"end":{"line":18,"column":7}},{"start":{"line":13,"column":6},"end":{"line":18,"column":7}}],"line":13},"1":{"loc":{"start":{"line":52,"column":6},"end":{"line":81,"column":7}},"type":"if","locations":[{"start":{"line":52,"column":6},"end":{"line":81,"column":7}},{"start":{"line":52,"column":6},"end":{"line":81,"column":7}}],"line":52},"2":{"loc":{"start":{"line":52,"column":9},"end":{"line":52,"column":27}},"type":"binary-expr","locations":[{"start":{"line":52,"column":9},"end":{"line":52,"column":15}},{"start":{"line":52,"column":19},"end":{"line":52,"column":27}}],"line":52},"3":{"loc":{"start":{"line":56,"column":10},"end":{"line":80,"column":11}},"type":"if","locations":[{"start":{"line":56,"column":10},"end":{"line":80,"column":11}},{"start":{"line":56,"column":10},"end":{"line":80,"column":11}}],"line":56},"4":{"loc":{"start":{"line":61,"column":12},"end":{"line":79,"column":13}},"type":"if","locations":[{"start":{"line":61,"column":12},"end":{"line":79,"column":13}},{"start":{"line":61,"column":12},"end":{"line":79,"column":13}}],"line":61},"5":{"loc":{"start":{"line":83,"column":6},"end":{"line":112,"column":9}},"type":"if","locations":[{"start":{"line":83,"column":6},"end":{"line":112,"column":9}},{"start":{"line":83,"column":6},"end":{"line":112,"column":9}}],"line":83},"6":{"loc":{"start":{"line":83,"column":9},"end":{"line":83,"column":27}},"type":"binary-expr","locations":[{"start":{"line":83,"column":9},"end":{"line":83,"column":18}},{"start":{"line":83,"column":22},"end":{"line":83,"column":27}}],"line":83},"7":{"loc":{"start":{"line":87,"column":10},"end":{"line":111,"column":11}},"type":"if","locations":[{"start":{"line":87,"column":10},"end":{"line":111,"column":11}},{"start":{"line":87,"column":10},"end":{"line":111,"column":11}}],"line":87},"8":{"loc":{"start":{"line":92,"column":12},"end":{"line":110,"column":13}},"type":"if","locations":[{"start":{"line":92,"column":12},"end":{"line":110,"column":13}},{"start":{"line":92,"column":12},"end":{"line":110,"column":13}}],"line":92},"9":{"loc":{"start":{"line":114,"column":6},"end":{"line":116,"column":7}},"type":"if","locations":[{"start":{"line":114,"column":6},"end":{"line":116,"column":7}},{"start":{"line":114,"column":6},"end":{"line":116,"column":7}}],"line":114},"10":{"loc":{"start":{"line":114,"column":10},"end":{"line":114,"column":29}},"type":"binary-expr","locations":[{"start":{"line":114,"column":10},"end":{"line":114,"column":19}},{"start":{"line":114,"column":23},"end":{"line":114,"column":29}}],"line":114},"11":{"loc":{"start":{"line":132,"column":6},"end":{"line":132,"column":44}},"type":"if","locations":[{"start":{"line":132,"column":6},"end":{"line":132,"column":44}},{"start":{"line":132,"column":6},"end":{"line":132,"column":44}}],"line":132},"12":{"loc":{"start":{"line":138,"column":6},"end":{"line":140,"column":7}},"type":"if","locations":[{"start":{"line":138,"column":6},"end":{"line":140,"column":7}},{"start":{"line":138,"column":6},"end":{"line":140,"column":7}}],"line":138},"13":{"loc":{"start":{"line":150,"column":6},"end":{"line":157,"column":7}},"type":"if","locations":[{"start":{"line":150,"column":6},"end":{"line":157,"column":7}},{"start":{"line":150,"column":6},"end":{"line":157,"column":7}}],"line":150}},"s":{"0":40,"1":40,"2":40,"3":3,"4":3,"5":2,"6":1,"7":1,"8":1,"9":1,"10":7,"11":7,"12":7,"13":1,"14":1,"15":6,"16":6,"17":6,"18":6,"19":2,"20":2,"21":1,"22":1,"23":1,"24":1,"25":1,"26":1,"27":0,"28":6,"29":3,"30":3,"31":2,"32":1,"33":1,"34":1,"35":1,"36":1,"37":0,"38":6,"39":1,"40":0,"41":1,"42":1,"43":1,"44":0,"45":1,"46":0,"47":1,"48":1,"49":1,"50":1,"51":1,"52":1,"53":40},"f":{"0":3,"1":7,"2":6,"3":1},"b":{"0":[1,1],"1":[2,4],"2":[6,3],"3":[1,1],"4":[1,0],"5":[3,3],"6":[6,4],"7":[2,1],"8":[1,0],"9":[1,5],"10":[6,4],"11":[0,1],"12":[0,1],"13":[1,0]},"_coverageSchema":"1a1c01bbd47fc00a2c39e90264f33305004495a9","hash":"e2d34d36765c9c1bf0c8f7b056e0c24fc229691a"}
,"C:\\Users\\Member\\HACKTIV8\\final-project\\artmart-server\\controllers\\CommentController.js": {"path":"C:\\Users\\Member\\HACKTIV8\\final-project\\artmart-server\\controllers\\CommentController.js","statementMap":{"0":{"start":{"line":1,"column":26},"end":{"line":1,"column":53}},"1":{"start":{"line":5,"column":4},"end":{"line":18,"column":5}},"2":{"start":{"line":6,"column":17},"end":{"line":14,"column":8}},"3":{"start":{"line":15,"column":6},"end":{"line":15,"column":32}},"4":{"start":{"line":17,"column":6},"end":{"line":17,"column":15}},"5":{"start":{"line":22,"column":16},"end":{"line":22,"column":37}},"6":{"start":{"line":24,"column":4},"end":{"line":36,"column":5}},"7":{"start":{"line":25,"column":18},"end":{"line":27,"column":9}},"8":{"start":{"line":28,"column":6},"end":{"line":32,"column":7}},"9":{"start":{"line":29,"column":8},"end":{"line":29,"column":34}},"10":{"start":{"line":31,"column":8},"end":{"line":31,"column":40}},"11":{"start":{"line":35,"column":6},"end":{"line":35,"column":15}},"12":{"start":{"line":40,"column":4},"end":{"line":56,"column":5}},"13":{"start":{"line":41,"column":16},"end":{"line":45,"column":7}},"14":{"start":{"line":47,"column":6},"end":{"line":52,"column":7}},"15":{"start":{"line":48,"column":8},"end":{"line":48,"column":99}},"16":{"start":{"line":50,"column":21},"end":{"line":50,"column":46}},"17":{"start":{"line":51,"column":8},"end":{"line":51,"column":34}},"18":{"start":{"line":60,"column":4},"end":{"line":87,"column":5}},"19":{"start":{"line":61,"column":16},"end":{"line":63,"column":7}},"20":{"start":{"line":65,"column":6},"end":{"line":83,"column":7}},"21":{"start":{"line":66,"column":8},"end":{"line":66,"column":99}},"22":{"start":{"line":68,"column":21},"end":{"line":73,"column":10}},"23":{"start":{"line":74,"column":24},"end":{"line":74,"column":31}},"24":{"start":{"line":76,"column":8},"end":{"line":80,"column":9}},"25":{"start":{"line":77,"column":24},"end":{"line":77,"column":34}},"26":{"start":{"line":78,"column":10},"end":{"line":78,"column":44}},"27":{"start":{"line":79,"column":10},"end":{"line":79,"column":40}},"28":{"start":{"line":91,"column":4},"end":{"line":106,"column":5}},"29":{"start":{"line":92,"column":19},"end":{"line":96,"column":8}},"30":{"start":{"line":97,"column":6},"end":{"line":100,"column":7}},"31":{"start":{"line":101,"column":6},"end":{"line":101,"column":58}},"32":{"start":{"line":110,"column":0},"end":{"line":110,"column":34}}},"fnMap":{"0":{"name":"(anonymous_0)","decl":{"start":{"line":4,"column":2},"end":{"line":4,"column":3}},"loc":{"start":{"line":4,"column":39},"end":{"line":19,"column":3}},"line":4},"1":{"name":"(anonymous_1)","decl":{"start":{"line":21,"column":2},"end":{"line":21,"column":3}},"loc":{"start":{"line":21,"column":39},"end":{"line":37,"column":3}},"line":21},"2":{"name":"(anonymous_2)","decl":{"start":{"line":39,"column":2},"end":{"line":39,"column":3}},"loc":{"start":{"line":39,"column":37},"end":{"line":57,"column":3}},"line":39},"3":{"name":"(anonymous_3)","decl":{"start":{"line":59,"column":2},"end":{"line":59,"column":3}},"loc":{"start":{"line":59,"column":38},"end":{"line":88,"column":3}},"line":59},"4":{"name":"(anonymous_4)","decl":{"start":{"line":90,"column":2},"end":{"line":90,"column":3}},"loc":{"start":{"line":90,"column":39},"end":{"line":107,"column":3}},"line":90}},"branchMap":{"0":{"loc":{"start":{"line":28,"column":6},"end":{"line":32,"column":7}},"type":"if","locations":[{"start":{"line":28,"column":6},"end":{"line":32,"column":7}},{"start":{"line":28,"column":6},"end":{"line":32,"column":7}}],"line":28},"1":{"loc":{"start":{"line":47,"column":6},"end":{"line":52,"column":7}},"type":"if","locations":[{"start":{"line":47,"column":6},"end":{"line":52,"column":7}},{"start":{"line":47,"column":6},"end":{"line":52,"column":7}}],"line":47},"2":{"loc":{"start":{"line":65,"column":6},"end":{"line":83,"column":7}},"type":"if","locations":[{"start":{"line":65,"column":6},"end":{"line":83,"column":7}},{"start":{"line":65,"column":6},"end":{"line":83,"column":7}}],"line":65},"3":{"loc":{"start":{"line":76,"column":8},"end":{"line":80,"column":9}},"type":"if","locations":[{"start":{"line":76,"column":8},"end":{"line":80,"column":9}},{"start":{"line":76,"column":8},"end":{"line":80,"column":9}}],"line":76},"4":{"loc":{"start":{"line":97,"column":6},"end":{"line":100,"column":7}},"type":"if","locations":[{"start":{"line":97,"column":6},"end":{"line":100,"column":7}},{"start":{"line":97,"column":6},"end":{"line":100,"column":7}}],"line":97}},"s":{"0":40,"1":2,"2":2,"3":1,"4":1,"5":6,"6":6,"7":6,"8":4,"9":2,"10":2,"11":2,"12":2,"13":2,"14":2,"15":1,"16":1,"17":1,"18":2,"19":2,"20":2,"21":1,"22":1,"23":1,"24":1,"25":1,"26":1,"27":1,"28":1,"29":1,"30":1,"31":1,"32":40},"f":{"0":2,"1":6,"2":2,"3":2,"4":1},"b":{"0":[2,2],"1":[1,1],"2":[1,1],"3":[1,0],"4":[0,1]},"_coverageSchema":"1a1c01bbd47fc00a2c39e90264f33305004495a9","hash":"1ec0f6b1d3e4701dd9987ef142de7c07b95a53a0"}
,"C:\\Users\\Member\\HACKTIV8\\final-project\\artmart-server\\controllers\\OptionController.js": {"path":"C:\\Users\\Member\\HACKTIV8\\final-project\\artmart-server\\controllers\\OptionController.js","statementMap":{"0":{"start":{"line":1,"column":19},"end":{"line":1,"column":46}},"1":{"start":{"line":5,"column":4},"end":{"line":18,"column":5}},"2":{"start":{"line":6,"column":19},"end":{"line":13,"column":8}},"3":{"start":{"line":14,"column":6},"end":{"line":14,"column":32}},"4":{"start":{"line":22,"column":4},"end":{"line":33,"column":5}},"5":{"start":{"line":23,"column":20},"end":{"line":23,"column":80}},"6":{"start":{"line":25,"column":6},"end":{"line":27,"column":7}},"7":{"start":{"line":26,"column":8},"end":{"line":26,"column":34}},"8":{"start":{"line":37,"column":4},"end":{"line":47,"column":5}},"9":{"start":{"line":38,"column":36},"end":{"line":38,"column":44}},"10":{"start":{"line":39,"column":19},"end":{"line":43,"column":8}},"11":{"start":{"line":44,"column":6},"end":{"line":44,"column":32}},"12":{"start":{"line":51,"column":4},"end":{"line":81,"column":5}},"13":{"start":{"line":52,"column":36},"end":{"line":52,"column":44}},"14":{"start":{"line":53,"column":18},"end":{"line":56,"column":7}},"15":{"start":{"line":57,"column":6},"end":{"line":57,"column":38}},"16":{"start":{"line":57,"column":22},"end":{"line":57,"column":38}},"17":{"start":{"line":60,"column":6},"end":{"line":62,"column":7}},"18":{"start":{"line":61,"column":8},"end":{"line":61,"column":99}},"19":{"start":{"line":64,"column":19},"end":{"line":69,"column":8}},"20":{"start":{"line":70,"column":22},"end":{"line":70,"column":29}},"21":{"start":{"line":72,"column":6},"end":{"line":78,"column":7}},"22":{"start":{"line":73,"column":22},"end":{"line":73,"column":32}},"23":{"start":{"line":74,"column":8},"end":{"line":74,"column":38}},"24":{"start":{"line":85,"column":4},"end":{"line":99,"column":5}},"25":{"start":{"line":86,"column":20},"end":{"line":88,"column":8}},"26":{"start":{"line":90,"column":6},"end":{"line":93,"column":7}},"27":{"start":{"line":95,"column":6},"end":{"line":95,"column":65}},"28":{"start":{"line":103,"column":0},"end":{"line":103,"column":33}}},"fnMap":{"0":{"name":"(anonymous_0)","decl":{"start":{"line":4,"column":2},"end":{"line":4,"column":3}},"loc":{"start":{"line":4,"column":39},"end":{"line":19,"column":3}},"line":4},"1":{"name":"(anonymous_1)","decl":{"start":{"line":21,"column":2},"end":{"line":21,"column":3}},"loc":{"start":{"line":21,"column":44},"end":{"line":34,"column":3}},"line":21},"2":{"name":"(anonymous_2)","decl":{"start":{"line":36,"column":2},"end":{"line":36,"column":3}},"loc":{"start":{"line":36,"column":37},"end":{"line":48,"column":3}},"line":36},"3":{"name":"(anonymous_3)","decl":{"start":{"line":50,"column":2},"end":{"line":50,"column":3}},"loc":{"start":{"line":50,"column":36},"end":{"line":82,"column":3}},"line":50},"4":{"name":"(anonymous_4)","decl":{"start":{"line":84,"column":2},"end":{"line":84,"column":3}},"loc":{"start":{"line":84,"column":39},"end":{"line":100,"column":3}},"line":84}},"branchMap":{"0":{"loc":{"start":{"line":25,"column":6},"end":{"line":27,"column":7}},"type":"if","locations":[{"start":{"line":25,"column":6},"end":{"line":27,"column":7}},{"start":{"line":25,"column":6},"end":{"line":27,"column":7}}],"line":25},"1":{"loc":{"start":{"line":57,"column":6},"end":{"line":57,"column":38}},"type":"if","locations":[{"start":{"line":57,"column":6},"end":{"line":57,"column":38}},{"start":{"line":57,"column":6},"end":{"line":57,"column":38}}],"line":57},"2":{"loc":{"start":{"line":60,"column":6},"end":{"line":62,"column":7}},"type":"if","locations":[{"start":{"line":60,"column":6},"end":{"line":62,"column":7}},{"start":{"line":60,"column":6},"end":{"line":62,"column":7}}],"line":60},"3":{"loc":{"start":{"line":72,"column":6},"end":{"line":78,"column":7}},"type":"if","locations":[{"start":{"line":72,"column":6},"end":{"line":78,"column":7}},{"start":{"line":72,"column":6},"end":{"line":78,"column":7}}],"line":72},"4":{"loc":{"start":{"line":90,"column":6},"end":{"line":93,"column":7}},"type":"if","locations":[{"start":{"line":90,"column":6},"end":{"line":93,"column":7}},{"start":{"line":90,"column":6},"end":{"line":93,"column":7}}],"line":90}},"s":{"0":40,"1":1,"2":1,"3":1,"4":1,"5":1,"6":1,"7":1,"8":1,"9":1,"10":1,"11":1,"12":2,"13":2,"14":2,"15":2,"16":1,"17":2,"18":1,"19":1,"20":1,"21":1,"22":1,"23":1,"24":1,"25":1,"26":1,"27":1,"28":40},"f":{"0":1,"1":1,"2":1,"3":2,"4":1},"b":{"0":[1,0],"1":[1,1],"2":[1,1],"3":[1,0],"4":[0,1]},"_coverageSchema":"1a1c01bbd47fc00a2c39e90264f33305004495a9","hash":"058d49ccc09ea66566397e12a055202f86f6e872"}
,"C:\\Users\\Member\\HACKTIV8\\final-project\\artmart-server\\controllers\\OrderController.js": {"path":"C:\\Users\\Member\\HACKTIV8\\final-project\\artmart-server\\controllers\\OrderController.js","statementMap":{"0":{"start":{"line":1,"column":32},"end":{"line":1,"column":58}},"1":{"start":{"line":2,"column":14},"end":{"line":2,"column":30}},"2":{"start":{"line":6,"column":4},"end":{"line":19,"column":5}},"3":{"start":{"line":7,"column":19},"end":{"line":15,"column":8}},"4":{"start":{"line":16,"column":6},"end":{"line":16,"column":32}},"5":{"start":{"line":23,"column":4},"end":{"line":36,"column":5}},"6":{"start":{"line":24,"column":19},"end":{"line":32,"column":8}},"7":{"start":{"line":33,"column":6},"end":{"line":33,"column":32}},"8":{"start":{"line":40,"column":4},"end":{"line":56,"column":5}},"9":{"start":{"line":41,"column":19},"end":{"line":52,"column":8}},"10":{"start":{"line":53,"column":6},"end":{"line":53,"column":32}},"11":{"start":{"line":60,"column":4},"end":{"line":76,"column":5}},"12":{"start":{"line":61,"column":19},"end":{"line":72,"column":8}},"13":{"start":{"line":73,"column":6},"end":{"line":73,"column":32}},"14":{"start":{"line":80,"column":4},"end":{"line":143,"column":5}},"15":{"start":{"line":81,"column":49},"end":{"line":81,"column":57}},"16":{"start":{"line":82,"column":28},"end":{"line":82,"column":58}},"17":{"start":{"line":83,"column":18},"end":{"line":83,"column":22}},"18":{"start":{"line":84,"column":23},"end":{"line":84,"column":27}},"19":{"start":{"line":86,"column":6},"end":{"line":97,"column":7}},"20":{"start":{"line":96,"column":8},"end":{"line":96,"column":31}},"21":{"start":{"line":99,"column":6},"end":{"line":104,"column":7}},"22":{"start":{"line":103,"column":8},"end":{"line":103,"column":41}},"23":{"start":{"line":106,"column":29},"end":{"line":110,"column":8}},"24":{"start":{"line":112,"column":6},"end":{"line":119,"column":7}},"25":{"start":{"line":121,"column":18},"end":{"line":133,"column":7}},"26":{"start":{"line":134,"column":19},"end":{"line":138,"column":8}},"27":{"start":{"line":139,"column":6},"end":{"line":139,"column":32}},"28":{"start":{"line":174,"column":4},"end":{"line":212,"column":5}},"29":{"start":{"line":175,"column":25},"end":{"line":179,"column":8}},"30":{"start":{"line":180,"column":24},"end":{"line":184,"column":8}},"31":{"start":{"line":186,"column":6},"end":{"line":208,"column":9}},"32":{"start":{"line":190,"column":27},"end":{"line":190,"column":37}},"33":{"start":{"line":191,"column":10},"end":{"line":191,"column":78}},"34":{"start":{"line":193,"column":22},"end":{"line":193,"column":50}},"35":{"start":{"line":194,"column":23},"end":{"line":199,"column":12}},"36":{"start":{"line":200,"column":26},"end":{"line":200,"column":33}},"37":{"start":{"line":202,"column":10},"end":{"line":207,"column":11}},"38":{"start":{"line":203,"column":26},"end":{"line":203,"column":36}},"39":{"start":{"line":204,"column":12},"end":{"line":204,"column":42}},"40":{"start":{"line":217,"column":4},"end":{"line":283,"column":5}},"41":{"start":{"line":219,"column":24},"end":{"line":223,"column":8}},"42":{"start":{"line":224,"column":6},"end":{"line":226,"column":7}},"43":{"start":{"line":225,"column":8},"end":{"line":225,"column":52}},"44":{"start":{"line":229,"column":18},"end":{"line":229,"column":61}},"45":{"start":{"line":246,"column":17},"end":{"line":251,"column":8}},"46":{"start":{"line":253,"column":6},"end":{"line":280,"column":7}},"47":{"start":{"line":258,"column":24},"end":{"line":258,"column":31}},"48":{"start":{"line":260,"column":8},"end":{"line":279,"column":9}},"49":{"start":{"line":261,"column":24},"end":{"line":261,"column":34}},"50":{"start":{"line":263,"column":29},"end":{"line":272,"column":11}},"51":{"start":{"line":276,"column":10},"end":{"line":276,"column":40}},"52":{"start":{"line":282,"column":6},"end":{"line":282,"column":16}},"53":{"start":{"line":287,"column":4},"end":{"line":315,"column":5}},"54":{"start":{"line":288,"column":24},"end":{"line":292,"column":8}},"55":{"start":{"line":293,"column":6},"end":{"line":295,"column":7}},"56":{"start":{"line":294,"column":8},"end":{"line":294,"column":51}},"57":{"start":{"line":297,"column":18},"end":{"line":297,"column":32}},"58":{"start":{"line":298,"column":19},"end":{"line":303,"column":8}},"59":{"start":{"line":304,"column":22},"end":{"line":304,"column":29}},"60":{"start":{"line":306,"column":6},"end":{"line":312,"column":7}},"61":{"start":{"line":307,"column":22},"end":{"line":307,"column":32}},"62":{"start":{"line":308,"column":8},"end":{"line":308,"column":38}},"63":{"start":{"line":320,"column":4},"end":{"line":346,"column":5}},"64":{"start":{"line":321,"column":18},"end":{"line":326,"column":7}},"65":{"start":{"line":328,"column":6},"end":{"line":342,"column":8}},"66":{"start":{"line":340,"column":8},"end":{"line":340,"column":35}},"67":{"start":{"line":341,"column":8},"end":{"line":341,"column":51}},"68":{"start":{"line":350,"column":0},"end":{"line":350,"column":32}}},"fnMap":{"0":{"name":"(anonymous_0)","decl":{"start":{"line":5,"column":2},"end":{"line":5,"column":3}},"loc":{"start":{"line":5,"column":45},"end":{"line":20,"column":3}},"line":5},"1":{"name":"(anonymous_1)","decl":{"start":{"line":22,"column":2},"end":{"line":22,"column":3}},"loc":{"start":{"line":22,"column":47},"end":{"line":37,"column":3}},"line":22},"2":{"name":"(anonymous_2)","decl":{"start":{"line":39,"column":2},"end":{"line":39,"column":3}},"loc":{"start":{"line":39,"column":45},"end":{"line":57,"column":3}},"line":39},"3":{"name":"(anonymous_3)","decl":{"start":{"line":59,"column":2},"end":{"line":59,"column":3}},"loc":{"start":{"line":59,"column":47},"end":{"line":77,"column":3}},"line":59},"4":{"name":"(anonymous_4)","decl":{"start":{"line":79,"column":2},"end":{"line":79,"column":3}},"loc":{"start":{"line":79,"column":37},"end":{"line":144,"column":3}},"line":79},"5":{"name":"(anonymous_5)","decl":{"start":{"line":146,"column":2},"end":{"line":146,"column":3}},"loc":{"start":{"line":146,"column":42},"end":{"line":171,"column":3}},"line":146},"6":{"name":"(anonymous_6)","decl":{"start":{"line":173,"column":2},"end":{"line":173,"column":3}},"loc":{"start":{"line":173,"column":44},"end":{"line":213,"column":3}},"line":173},"7":{"name":"(anonymous_7)","decl":{"start":{"line":216,"column":2},"end":{"line":216,"column":3}},"loc":{"start":{"line":216,"column":42},"end":{"line":284,"column":3}},"line":216},"8":{"name":"(anonymous_8)","decl":{"start":{"line":286,"column":2},"end":{"line":286,"column":3}},"loc":{"start":{"line":286,"column":42},"end":{"line":316,"column":3}},"line":286},"9":{"name":"(anonymous_9)","decl":{"start":{"line":319,"column":2},"end":{"line":319,"column":3}},"loc":{"start":{"line":319,"column":47},"end":{"line":347,"column":3}},"line":319},"10":{"name":"(anonymous_10)","decl":{"start":{"line":336,"column":12},"end":{"line":336,"column":13}},"loc":{"start":{"line":336,"column":32},"end":{"line":338,"column":7}},"line":336},"11":{"name":"(anonymous_11)","decl":{"start":{"line":339,"column":13},"end":{"line":339,"column":14}},"loc":{"start":{"line":339,"column":30},"end":{"line":342,"column":7}},"line":339}},"branchMap":{"0":{"loc":{"start":{"line":82,"column":28},"end":{"line":82,"column":58}},"type":"binary-expr","locations":[{"start":{"line":82,"column":28},"end":{"line":82,"column":50}},{"start":{"line":82,"column":54},"end":{"line":82,"column":58}}],"line":82},"1":{"loc":{"start":{"line":86,"column":6},"end":{"line":97,"column":7}},"type":"if","locations":[{"start":{"line":86,"column":6},"end":{"line":97,"column":7}},{"start":{"line":86,"column":6},"end":{"line":97,"column":7}}],"line":86},"2":{"loc":{"start":{"line":99,"column":6},"end":{"line":104,"column":7}},"type":"if","locations":[{"start":{"line":99,"column":6},"end":{"line":104,"column":7}},{"start":{"line":99,"column":6},"end":{"line":104,"column":7}}],"line":99},"3":{"loc":{"start":{"line":112,"column":6},"end":{"line":119,"column":7}},"type":"if","locations":[{"start":{"line":112,"column":6},"end":{"line":119,"column":7}},{"start":{"line":112,"column":6},"end":{"line":119,"column":7}}],"line":112},"4":{"loc":{"start":{"line":186,"column":6},"end":{"line":208,"column":9}},"type":"if","locations":[{"start":{"line":186,"column":6},"end":{"line":208,"column":9}},{"start":{"line":186,"column":6},"end":{"line":208,"column":9}}],"line":186},"5":{"loc":{"start":{"line":202,"column":10},"end":{"line":207,"column":11}},"type":"if","locations":[{"start":{"line":202,"column":10},"end":{"line":207,"column":11}},{"start":{"line":202,"column":10},"end":{"line":207,"column":11}}],"line":202},"6":{"loc":{"start":{"line":224,"column":6},"end":{"line":226,"column":7}},"type":"if","locations":[{"start":{"line":224,"column":6},"end":{"line":226,"column":7}},{"start":{"line":224,"column":6},"end":{"line":226,"column":7}}],"line":224},"7":{"loc":{"start":{"line":253,"column":6},"end":{"line":280,"column":7}},"type":"if","locations":[{"start":{"line":253,"column":6},"end":{"line":280,"column":7}},{"start":{"line":253,"column":6},"end":{"line":280,"column":7}}],"line":253},"8":{"loc":{"start":{"line":260,"column":8},"end":{"line":279,"column":9}},"type":"if","locations":[{"start":{"line":260,"column":8},"end":{"line":279,"column":9}},{"start":{"line":260,"column":8},"end":{"line":279,"column":9}}],"line":260},"9":{"loc":{"start":{"line":293,"column":6},"end":{"line":295,"column":7}},"type":"if","locations":[{"start":{"line":293,"column":6},"end":{"line":295,"column":7}},{"start":{"line":293,"column":6},"end":{"line":295,"column":7}}],"line":293},"10":{"loc":{"start":{"line":306,"column":6},"end":{"line":312,"column":7}},"type":"if","locations":[{"start":{"line":306,"column":6},"end":{"line":312,"column":7}},{"start":{"line":306,"column":6},"end":{"line":312,"column":7}}],"line":306}},"s":{"0":40,"1":40,"2":1,"3":1,"4":1,"5":1,"6":1,"7":1,"8":1,"9":1,"10":1,"11":1,"12":1,"13":1,"14":1,"15":1,"16":1,"17":1,"18":1,"19":1,"20":1,"21":1,"22":1,"23":1,"24":1,"25":1,"26":1,"27":1,"28":1,"29":1,"30":1,"31":1,"32":1,"33":1,"34":1,"35":1,"36":1,"37":1,"38":1,"39":1,"40":2,"41":2,"42":2,"43":1,"44":1,"45":1,"46":1,"47":1,"48":1,"49":1,"50":1,"51":0,"52":1,"53":2,"54":2,"55":2,"56":1,"57":1,"58":1,"59":1,"60":1,"61":1,"62":1,"63":1,"64":1,"65":1,"66":1,"67":1,"68":40},"f":{"0":1,"1":1,"2":1,"3":1,"4":1,"5":0,"6":1,"7":2,"8":2,"9":1,"10":0,"11":1},"b":{"0":[1,1],"1":[0,1],"2":[0,1],"3":[0,1],"4":[0,1],"5":[1,0],"6":[1,1],"7":[0,1],"8":[1,0],"9":[1,1],"10":[1,0]},"_coverageSchema":"1a1c01bbd47fc00a2c39e90264f33305004495a9","hash":"c495e2957d9178d3f8cc63b12489241e558fd4d5"}
,"C:\\Users\\Member\\HACKTIV8\\final-project\\artmart-server\\controllers\\PictureController.js": {"path":"C:\\Users\\Member\\HACKTIV8\\final-project\\artmart-server\\controllers\\PictureController.js","statementMap":{"0":{"start":{"line":1,"column":42},"end":{"line":1,"column":69}},"1":{"start":{"line":5,"column":4},"end":{"line":58,"column":5}},"2":{"start":{"line":6,"column":19},"end":{"line":14,"column":8}},"3":{"start":{"line":16,"column":25},"end":{"line":16,"column":47}},"4":{"start":{"line":17,"column":23},"end":{"line":17,"column":45}},"5":{"start":{"line":19,"column":26},"end":{"line":19,"column":28}},"6":{"start":{"line":21,"column":6},"end":{"line":35,"column":7}},"7":{"start":{"line":22,"column":8},"end":{"line":34,"column":10}},"8":{"start":{"line":23,"column":10},"end":{"line":25,"column":11}},"9":{"start":{"line":24,"column":12},"end":{"line":24,"column":36}},"10":{"start":{"line":27,"column":10},"end":{"line":33,"column":11}},"11":{"start":{"line":28,"column":12},"end":{"line":32,"column":14}},"12":{"start":{"line":29,"column":14},"end":{"line":31,"column":15}},"13":{"start":{"line":30,"column":16},"end":{"line":30,"column":61}},"14":{"start":{"line":37,"column":6},"end":{"line":44,"column":7}},"15":{"start":{"line":38,"column":20},"end":{"line":38,"column":24}},"16":{"start":{"line":39,"column":8},"end":{"line":41,"column":10}},"17":{"start":{"line":40,"column":10},"end":{"line":40,"column":24}},"18":{"start":{"line":42,"column":8},"end":{"line":42,"column":64}},"19":{"start":{"line":43,"column":8},"end":{"line":43,"column":64}},"20":{"start":{"line":43,"column":39},"end":{"line":43,"column":64}},"21":{"start":{"line":46,"column":6},"end":{"line":53,"column":8}},"22":{"start":{"line":47,"column":8},"end":{"line":51,"column":9}},"23":{"start":{"line":48,"column":10},"end":{"line":50,"column":11}},"24":{"start":{"line":49,"column":12},"end":{"line":49,"column":72}},"25":{"start":{"line":55,"column":6},"end":{"line":55,"column":32}},"26":{"start":{"line":62,"column":4},"end":{"line":75,"column":5}},"27":{"start":{"line":63,"column":19},"end":{"line":71,"column":8}},"28":{"start":{"line":72,"column":6},"end":{"line":72,"column":32}},"29":{"start":{"line":74,"column":6},"end":{"line":74,"column":15}},"30":{"start":{"line":79,"column":4},"end":{"line":92,"column":5}},"31":{"start":{"line":80,"column":19},"end":{"line":88,"column":8}},"32":{"start":{"line":89,"column":6},"end":{"line":89,"column":32}},"33":{"start":{"line":91,"column":6},"end":{"line":91,"column":15}},"34":{"start":{"line":96,"column":4},"end":{"line":114,"column":5}},"35":{"start":{"line":97,"column":19},"end":{"line":105,"column":8}},"36":{"start":{"line":107,"column":6},"end":{"line":111,"column":7}},"37":{"start":{"line":108,"column":8},"end":{"line":108,"column":40}},"38":{"start":{"line":110,"column":8},"end":{"line":110,"column":34}},"39":{"start":{"line":113,"column":6},"end":{"line":113,"column":15}},"40":{"start":{"line":119,"column":4},"end":{"line":137,"column":5}},"41":{"start":{"line":120,"column":19},"end":{"line":128,"column":8}},"42":{"start":{"line":130,"column":6},"end":{"line":134,"column":7}},"43":{"start":{"line":131,"column":8},"end":{"line":131,"column":40}},"44":{"start":{"line":133,"column":8},"end":{"line":133,"column":34}},"45":{"start":{"line":136,"column":6},"end":{"line":136,"column":15}},"46":{"start":{"line":141,"column":4},"end":{"line":159,"column":5}},"47":{"start":{"line":142,"column":75},"end":{"line":142,"column":83}},"48":{"start":{"line":143,"column":6},"end":{"line":143,"column":32}},"49":{"start":{"line":143,"column":19},"end":{"line":143,"column":32}},"50":{"start":{"line":144,"column":18},"end":{"line":153,"column":7}},"51":{"start":{"line":155,"column":19},"end":{"line":155,"column":44}},"52":{"start":{"line":156,"column":6},"end":{"line":156,"column":32}},"53":{"start":{"line":158,"column":6},"end":{"line":158,"column":15}},"54":{"start":{"line":163,"column":4},"end":{"line":202,"column":5}},"55":{"start":{"line":164,"column":16},"end":{"line":172,"column":7}},"56":{"start":{"line":173,"column":6},"end":{"line":173,"column":36}},"57":{"start":{"line":173,"column":21},"end":{"line":173,"column":36}},"58":{"start":{"line":174,"column":6},"end":{"line":174,"column":50}},"59":{"start":{"line":174,"column":28},"end":{"line":174,"column":50}},"60":{"start":{"line":175,"column":6},"end":{"line":175,"column":38}},"61":{"start":{"line":175,"column":22},"end":{"line":175,"column":38}},"62":{"start":{"line":176,"column":6},"end":{"line":176,"column":36}},"63":{"start":{"line":176,"column":21},"end":{"line":176,"column":36}},"64":{"start":{"line":177,"column":6},"end":{"line":177,"column":40}},"65":{"start":{"line":177,"column":23},"end":{"line":177,"column":40}},"66":{"start":{"line":178,"column":6},"end":{"line":178,"column":48}},"67":{"start":{"line":178,"column":27},"end":{"line":178,"column":48}},"68":{"start":{"line":179,"column":6},"end":{"line":179,"column":40}},"69":{"start":{"line":179,"column":23},"end":{"line":179,"column":40}},"70":{"start":{"line":181,"column":6},"end":{"line":183,"column":7}},"71":{"start":{"line":182,"column":8},"end":{"line":182,"column":99}},"72":{"start":{"line":185,"column":17},"end":{"line":190,"column":8}},"73":{"start":{"line":191,"column":22},"end":{"line":191,"column":29}},"74":{"start":{"line":193,"column":6},"end":{"line":198,"column":7}},"75":{"start":{"line":194,"column":22},"end":{"line":194,"column":32}},"76":{"start":{"line":195,"column":8},"end":{"line":195,"column":38}},"77":{"start":{"line":206,"column":4},"end":{"line":233,"column":5}},"78":{"start":{"line":207,"column":16},"end":{"line":209,"column":7}},"79":{"start":{"line":210,"column":6},"end":{"line":210,"column":40}},"80":{"start":{"line":210,"column":23},"end":{"line":210,"column":40}},"81":{"start":{"line":212,"column":6},"end":{"line":214,"column":7}},"82":{"start":{"line":216,"column":17},"end":{"line":221,"column":8}},"83":{"start":{"line":222,"column":22},"end":{"line":222,"column":29}},"84":{"start":{"line":224,"column":6},"end":{"line":229,"column":7}},"85":{"start":{"line":225,"column":22},"end":{"line":225,"column":32}},"86":{"start":{"line":226,"column":8},"end":{"line":226,"column":38}},"87":{"start":{"line":237,"column":4},"end":{"line":250,"column":5}},"88":{"start":{"line":238,"column":19},"end":{"line":242,"column":8}},"89":{"start":{"line":243,"column":6},"end":{"line":247,"column":7}},"90":{"start":{"line":246,"column":8},"end":{"line":246,"column":62}},"91":{"start":{"line":254,"column":0},"end":{"line":254,"column":34}}},"fnMap":{"0":{"name":"(anonymous_0)","decl":{"start":{"line":4,"column":2},"end":{"line":4,"column":3}},"loc":{"start":{"line":4,"column":39},"end":{"line":59,"column":3}},"line":4},"1":{"name":"(anonymous_1)","decl":{"start":{"line":22,"column":27},"end":{"line":22,"column":28}},"loc":{"start":{"line":22,"column":32},"end":{"line":34,"column":9}},"line":22},"2":{"name":"(anonymous_2)","decl":{"start":{"line":28,"column":32},"end":{"line":28,"column":33}},"loc":{"start":{"line":28,"column":42},"end":{"line":32,"column":13}},"line":28},"3":{"name":"(anonymous_3)","decl":{"start":{"line":39,"column":35},"end":{"line":39,"column":36}},"loc":{"start":{"line":39,"column":44},"end":{"line":41,"column":9}},"line":39},"4":{"name":"(anonymous_4)","decl":{"start":{"line":46,"column":19},"end":{"line":46,"column":20}},"loc":{"start":{"line":46,"column":30},"end":{"line":53,"column":7}},"line":46},"5":{"name":"(anonymous_5)","decl":{"start":{"line":61,"column":2},"end":{"line":61,"column":3}},"loc":{"start":{"line":61,"column":45},"end":{"line":76,"column":3}},"line":61},"6":{"name":"(anonymous_6)","decl":{"start":{"line":78,"column":2},"end":{"line":78,"column":3}},"loc":{"start":{"line":78,"column":47},"end":{"line":93,"column":3}},"line":78},"7":{"name":"(anonymous_7)","decl":{"start":{"line":95,"column":2},"end":{"line":95,"column":3}},"loc":{"start":{"line":95,"column":45},"end":{"line":115,"column":3}},"line":95},"8":{"name":"(anonymous_8)","decl":{"start":{"line":118,"column":2},"end":{"line":118,"column":3}},"loc":{"start":{"line":118,"column":47},"end":{"line":138,"column":3}},"line":118},"9":{"name":"(anonymous_9)","decl":{"start":{"line":140,"column":2},"end":{"line":140,"column":3}},"loc":{"start":{"line":140,"column":37},"end":{"line":160,"column":3}},"line":140},"10":{"name":"(anonymous_10)","decl":{"start":{"line":162,"column":2},"end":{"line":162,"column":3}},"loc":{"start":{"line":162,"column":36},"end":{"line":203,"column":3}},"line":162},"11":{"name":"(anonymous_11)","decl":{"start":{"line":205,"column":2},"end":{"line":205,"column":3}},"loc":{"start":{"line":205,"column":44},"end":{"line":234,"column":3}},"line":205},"12":{"name":"(anonymous_12)","decl":{"start":{"line":236,"column":2},"end":{"line":236,"column":3}},"loc":{"start":{"line":236,"column":39},"end":{"line":251,"column":3}},"line":236}},"branchMap":{"0":{"loc":{"start":{"line":21,"column":6},"end":{"line":35,"column":7}},"type":"if","locations":[{"start":{"line":21,"column":6},"end":{"line":35,"column":7}},{"start":{"line":21,"column":6},"end":{"line":35,"column":7}}],"line":21},"1":{"loc":{"start":{"line":23,"column":10},"end":{"line":25,"column":11}},"type":"if","locations":[{"start":{"line":23,"column":10},"end":{"line":25,"column":11}},{"start":{"line":23,"column":10},"end":{"line":25,"column":11}}],"line":23},"2":{"loc":{"start":{"line":27,"column":10},"end":{"line":33,"column":11}},"type":"if","locations":[{"start":{"line":27,"column":10},"end":{"line":33,"column":11}},{"start":{"line":27,"column":10},"end":{"line":33,"column":11}}],"line":27},"3":{"loc":{"start":{"line":29,"column":14},"end":{"line":31,"column":15}},"type":"if","locations":[{"start":{"line":29,"column":14},"end":{"line":31,"column":15}},{"start":{"line":29,"column":14},"end":{"line":31,"column":15}}],"line":29},"4":{"loc":{"start":{"line":43,"column":8},"end":{"line":43,"column":64}},"type":"if","locations":[{"start":{"line":43,"column":8},"end":{"line":43,"column":64}},{"start":{"line":43,"column":8},"end":{"line":43,"column":64}}],"line":43},"5":{"loc":{"start":{"line":48,"column":10},"end":{"line":50,"column":11}},"type":"if","locations":[{"start":{"line":48,"column":10},"end":{"line":50,"column":11}},{"start":{"line":48,"column":10},"end":{"line":50,"column":11}}],"line":48},"6":{"loc":{"start":{"line":107,"column":6},"end":{"line":111,"column":7}},"type":"if","locations":[{"start":{"line":107,"column":6},"end":{"line":111,"column":7}},{"start":{"line":107,"column":6},"end":{"line":111,"column":7}}],"line":107},"7":{"loc":{"start":{"line":130,"column":6},"end":{"line":134,"column":7}},"type":"if","locations":[{"start":{"line":130,"column":6},"end":{"line":134,"column":7}},{"start":{"line":130,"column":6},"end":{"line":134,"column":7}}],"line":130},"8":{"loc":{"start":{"line":143,"column":6},"end":{"line":143,"column":32}},"type":"if","locations":[{"start":{"line":143,"column":6},"end":{"line":143,"column":32}},{"start":{"line":143,"column":6},"end":{"line":143,"column":32}}],"line":143},"9":{"loc":{"start":{"line":173,"column":6},"end":{"line":173,"column":36}},"type":"if","locations":[{"start":{"line":173,"column":6},"end":{"line":173,"column":36}},{"start":{"line":173,"column":6},"end":{"line":173,"column":36}}],"line":173},"10":{"loc":{"start":{"line":174,"column":6},"end":{"line":174,"column":50}},"type":"if","locations":[{"start":{"line":174,"column":6},"end":{"line":174,"column":50}},{"start":{"line":174,"column":6},"end":{"line":174,"column":50}}],"line":174},"11":{"loc":{"start":{"line":175,"column":6},"end":{"line":175,"column":38}},"type":"if","locations":[{"start":{"line":175,"column":6},"end":{"line":175,"column":38}},{"start":{"line":175,"column":6},"end":{"line":175,"column":38}}],"line":175},"12":{"loc":{"start":{"line":176,"column":6},"end":{"line":176,"column":36}},"type":"if","locations":[{"start":{"line":176,"column":6},"end":{"line":176,"column":36}},{"start":{"line":176,"column":6},"end":{"line":176,"column":36}}],"line":176},"13":{"loc":{"start":{"line":177,"column":6},"end":{"line":177,"column":40}},"type":"if","locations":[{"start":{"line":177,"column":6},"end":{"line":177,"column":40}},{"start":{"line":177,"column":6},"end":{"line":177,"column":40}}],"line":177},"14":{"loc":{"start":{"line":178,"column":6},"end":{"line":178,"column":48}},"type":"if","locations":[{"start":{"line":178,"column":6},"end":{"line":178,"column":48}},{"start":{"line":178,"column":6},"end":{"line":178,"column":48}}],"line":178},"15":{"loc":{"start":{"line":179,"column":6},"end":{"line":179,"column":40}},"type":"if","locations":[{"start":{"line":179,"column":6},"end":{"line":179,"column":40}},{"start":{"line":179,"column":6},"end":{"line":179,"column":40}}],"line":179},"16":{"loc":{"start":{"line":181,"column":6},"end":{"line":183,"column":7}},"type":"if","locations":[{"start":{"line":181,"column":6},"end":{"line":183,"column":7}},{"start":{"line":181,"column":6},"end":{"line":183,"column":7}}],"line":181},"17":{"loc":{"start":{"line":193,"column":6},"end":{"line":198,"column":7}},"type":"if","locations":[{"start":{"line":193,"column":6},"end":{"line":198,"column":7}},{"start":{"line":193,"column":6},"end":{"line":198,"column":7}}],"line":193},"18":{"loc":{"start":{"line":210,"column":6},"end":{"line":210,"column":40}},"type":"if","locations":[{"start":{"line":210,"column":6},"end":{"line":210,"column":40}},{"start":{"line":210,"column":6},"end":{"line":210,"column":40}}],"line":210},"19":{"loc":{"start":{"line":212,"column":6},"end":{"line":214,"column":7}},"type":"if","locations":[{"start":{"line":212,"column":6},"end":{"line":214,"column":7}},{"start":{"line":212,"column":6},"end":{"line":214,"column":7}}],"line":212},"20":{"loc":{"start":{"line":224,"column":6},"end":{"line":229,"column":7}},"type":"if","locations":[{"start":{"line":224,"column":6},"end":{"line":229,"column":7}},{"start":{"line":224,"column":6},"end":{"line":229,"column":7}}],"line":224},"21":{"loc":{"start":{"line":243,"column":6},"end":{"line":247,"column":7}},"type":"if","locations":[{"start":{"line":243,"column":6},"end":{"line":247,"column":7}},{"start":{"line":243,"column":6},"end":{"line":247,"column":7}}],"line":243}},"s":{"0":40,"1":1,"2":1,"3":1,"4":1,"5":1,"6":1,"7":1,"8":5,"9":5,"10":5,"11":5,"12":20,"13":4,"14":1,"15":5,"16":5,"17":4,"18":5,"19":5,"20":4,"21":1,"22":2,"23":10,"24":2,"25":1,"26":2,"27":2,"28":1,"29":1,"30":2,"31":2,"32":1,"33":1,"34":3,"35":3,"36":2,"37":1,"38":1,"39":1,"40":3,"41":3,"42":2,"43":1,"44":1,"45":1,"46":4,"47":4,"48":4,"49":0,"50":4,"51":4,"52":1,"53":3,"54":2,"55":2,"56":2,"57":1,"58":2,"59":2,"60":2,"61":2,"62":2,"63":2,"64":2,"65":2,"66":2,"67":2,"68":2,"69":2,"70":2,"71":1,"72":1,"73":1,"74":1,"75":1,"76":1,"77":1,"78":1,"79":1,"80":0,"81":1,"82":1,"83":1,"84":1,"85":1,"86":1,"87":1,"88":1,"89":1,"90":1,"91":40},"f":{"0":1,"1":5,"2":20,"3":4,"4":2,"5":2,"6":2,"7":3,"8":3,"9":4,"10":2,"11":1,"12":1},"b":{"0":[1,0],"1":[5,0],"2":[5,0],"3":[4,16],"4":[4,1],"5":[2,8],"6":[1,1],"7":[1,1],"8":[0,4],"9":[1,1],"10":[2,0],"11":[2,0],"12":[2,0],"13":[2,0],"14":[2,0],"15":[2,0],"16":[1,1],"17":[1,0],"18":[0,1],"19":[0,1],"20":[1,0],"21":[0,1]},"_coverageSchema":"1a1c01bbd47fc00a2c39e90264f33305004495a9","hash":"b516480556f2322a62d71ebfae2ecf899b05f9d8"}
,"C:\\Users\\Member\\HACKTIV8\\final-project\\artmart-server\\controllers\\RatingController.js": {"path":"C:\\Users\\Member\\HACKTIV8\\final-project\\artmart-server\\controllers\\RatingController.js","statementMap":{"0":{"start":{"line":1,"column":26},"end":{"line":1,"column":53}},"1":{"start":{"line":5,"column":4},"end":{"line":14,"column":5}},"2":{"start":{"line":6,"column":19},"end":{"line":10,"column":8}},"3":{"start":{"line":11,"column":6},"end":{"line":11,"column":32}},"4":{"start":{"line":13,"column":6},"end":{"line":13,"column":15}},"5":{"start":{"line":18,"column":4},"end":{"line":34,"column":5}},"6":{"start":{"line":19,"column":19},"end":{"line":23,"column":8}},"7":{"start":{"line":24,"column":18},"end":{"line":24,"column":22}},"8":{"start":{"line":26,"column":6},"end":{"line":28,"column":8}},"9":{"start":{"line":27,"column":8},"end":{"line":27,"column":29}},"10":{"start":{"line":30,"column":20},"end":{"line":30,"column":41}},"11":{"start":{"line":31,"column":6},"end":{"line":31,"column":86}},"12":{"start":{"line":33,"column":6},"end":{"line":33,"column":15}},"13":{"start":{"line":38,"column":4},"end":{"line":53,"column":5}},"14":{"start":{"line":39,"column":20},"end":{"line":42,"column":9}},"15":{"start":{"line":44,"column":6},"end":{"line":48,"column":7}},"16":{"start":{"line":45,"column":8},"end":{"line":45,"column":34}},"17":{"start":{"line":47,"column":8},"end":{"line":47,"column":41}},"18":{"start":{"line":57,"column":4},"end":{"line":71,"column":5}},"19":{"start":{"line":58,"column":20},"end":{"line":61,"column":9}},"20":{"start":{"line":63,"column":6},"end":{"line":67,"column":7}},"21":{"start":{"line":64,"column":8},"end":{"line":64,"column":34}},"22":{"start":{"line":66,"column":8},"end":{"line":66,"column":41}},"23":{"start":{"line":70,"column":6},"end":{"line":70,"column":15}},"24":{"start":{"line":75,"column":4},"end":{"line":84,"column":5}},"25":{"start":{"line":76,"column":19},"end":{"line":80,"column":8}},"26":{"start":{"line":81,"column":6},"end":{"line":81,"column":32}},"27":{"start":{"line":83,"column":6},"end":{"line":83,"column":15}},"28":{"start":{"line":88,"column":4},"end":{"line":126,"column":5}},"29":{"start":{"line":89,"column":24},"end":{"line":93,"column":8}},"30":{"start":{"line":95,"column":6},"end":{"line":122,"column":7}},"31":{"start":{"line":97,"column":13},"end":{"line":122,"column":7}},"32":{"start":{"line":100,"column":8},"end":{"line":102,"column":9}},"33":{"start":{"line":104,"column":20},"end":{"line":108,"column":9}},"34":{"start":{"line":110,"column":21},"end":{"line":110,"column":45}},"35":{"start":{"line":112,"column":26},"end":{"line":114,"column":9}},"36":{"start":{"line":116,"column":33},"end":{"line":120,"column":10}},"37":{"start":{"line":121,"column":8},"end":{"line":121,"column":34}},"38":{"start":{"line":130,"column":4},"end":{"line":159,"column":5}},"39":{"start":{"line":131,"column":18},"end":{"line":133,"column":7}},"40":{"start":{"line":134,"column":6},"end":{"line":134,"column":38}},"41":{"start":{"line":134,"column":22},"end":{"line":134,"column":38}},"42":{"start":{"line":136,"column":6},"end":{"line":138,"column":7}},"43":{"start":{"line":137,"column":8},"end":{"line":137,"column":99}},"44":{"start":{"line":140,"column":17},"end":{"line":145,"column":8}},"45":{"start":{"line":147,"column":22},"end":{"line":147,"column":29}},"46":{"start":{"line":149,"column":6},"end":{"line":156,"column":7}},"47":{"start":{"line":150,"column":22},"end":{"line":150,"column":32}},"48":{"start":{"line":152,"column":8},"end":{"line":152,"column":38}},"49":{"start":{"line":163,"column":4},"end":{"line":173,"column":5}},"50":{"start":{"line":164,"column":19},"end":{"line":168,"column":8}},"51":{"start":{"line":170,"column":6},"end":{"line":170,"column":58}},"52":{"start":{"line":177,"column":0},"end":{"line":177,"column":33}}},"fnMap":{"0":{"name":"(anonymous_0)","decl":{"start":{"line":4,"column":2},"end":{"line":4,"column":3}},"loc":{"start":{"line":4,"column":47},"end":{"line":15,"column":3}},"line":4},"1":{"name":"(anonymous_1)","decl":{"start":{"line":17,"column":2},"end":{"line":17,"column":3}},"loc":{"start":{"line":17,"column":49},"end":{"line":35,"column":3}},"line":17},"2":{"name":"(anonymous_2)","decl":{"start":{"line":26,"column":19},"end":{"line":26,"column":20}},"loc":{"start":{"line":26,"column":29},"end":{"line":28,"column":7}},"line":26},"3":{"name":"(anonymous_3)","decl":{"start":{"line":37,"column":2},"end":{"line":37,"column":3}},"loc":{"start":{"line":37,"column":48},"end":{"line":54,"column":3}},"line":37},"4":{"name":"(anonymous_4)","decl":{"start":{"line":56,"column":2},"end":{"line":56,"column":3}},"loc":{"start":{"line":56,"column":50},"end":{"line":72,"column":3}},"line":56},"5":{"name":"(anonymous_5)","decl":{"start":{"line":74,"column":2},"end":{"line":74,"column":3}},"loc":{"start":{"line":74,"column":45},"end":{"line":85,"column":3}},"line":74},"6":{"name":"(anonymous_6)","decl":{"start":{"line":87,"column":2},"end":{"line":87,"column":3}},"loc":{"start":{"line":87,"column":37},"end":{"line":127,"column":3}},"line":87},"7":{"name":"(anonymous_7)","decl":{"start":{"line":129,"column":2},"end":{"line":129,"column":3}},"loc":{"start":{"line":129,"column":36},"end":{"line":160,"column":3}},"line":129},"8":{"name":"(anonymous_8)","decl":{"start":{"line":162,"column":2},"end":{"line":162,"column":3}},"loc":{"start":{"line":162,"column":39},"end":{"line":174,"column":3}},"line":162}},"branchMap":{"0":{"loc":{"start":{"line":44,"column":6},"end":{"line":48,"column":7}},"type":"if","locations":[{"start":{"line":44,"column":6},"end":{"line":48,"column":7}},{"start":{"line":44,"column":6},"end":{"line":48,"column":7}}],"line":44},"1":{"loc":{"start":{"line":63,"column":6},"end":{"line":67,"column":7}},"type":"if","locations":[{"start":{"line":63,"column":6},"end":{"line":67,"column":7}},{"start":{"line":63,"column":6},"end":{"line":67,"column":7}}],"line":63},"2":{"loc":{"start":{"line":95,"column":6},"end":{"line":122,"column":7}},"type":"if","locations":[{"start":{"line":95,"column":6},"end":{"line":122,"column":7}},{"start":{"line":95,"column":6},"end":{"line":122,"column":7}}],"line":95},"3":{"loc":{"start":{"line":97,"column":13},"end":{"line":122,"column":7}},"type":"if","locations":[{"start":{"line":97,"column":13},"end":{"line":122,"column":7}},{"start":{"line":97,"column":13},"end":{"line":122,"column":7}}],"line":97},"4":{"loc":{"start":{"line":100,"column":8},"end":{"line":102,"column":9}},"type":"if","locations":[{"start":{"line":100,"column":8},"end":{"line":102,"column":9}},{"start":{"line":100,"column":8},"end":{"line":102,"column":9}}],"line":100},"5":{"loc":{"start":{"line":134,"column":6},"end":{"line":134,"column":38}},"type":"if","locations":[{"start":{"line":134,"column":6},"end":{"line":134,"column":38}},{"start":{"line":134,"column":6},"end":{"line":134,"column":38}}],"line":134},"6":{"loc":{"start":{"line":136,"column":6},"end":{"line":138,"column":7}},"type":"if","locations":[{"start":{"line":136,"column":6},"end":{"line":138,"column":7}},{"start":{"line":136,"column":6},"end":{"line":138,"column":7}}],"line":136},"7":{"loc":{"start":{"line":149,"column":6},"end":{"line":156,"column":7}},"type":"if","locations":[{"start":{"line":149,"column":6},"end":{"line":156,"column":7}},{"start":{"line":149,"column":6},"end":{"line":156,"column":7}}],"line":149}},"s":{"0":40,"1":2,"2":2,"3":1,"4":1,"5":2,"6":2,"7":1,"8":1,"9":3,"10":1,"11":1,"12":1,"13":2,"14":2,"15":2,"16":1,"17":1,"18":3,"19":3,"20":2,"21":1,"22":1,"23":1,"24":2,"25":2,"26":1,"27":1,"28":1,"29":1,"30":1,"31":1,"32":1,"33":1,"34":1,"35":1,"36":1,"37":1,"38":2,"39":2,"40":2,"41":1,"42":2,"43":1,"44":1,"45":1,"46":1,"47":1,"48":1,"49":1,"50":1,"51":1,"52":40},"f":{"0":2,"1":2,"2":3,"3":2,"4":3,"5":2,"6":1,"7":2,"8":1},"b":{"0":[1,1],"1":[1,1],"2":[0,1],"3":[0,1],"4":[0,1],"5":[1,1],"6":[1,1],"7":[1,0]},"_coverageSchema":"1a1c01bbd47fc00a2c39e90264f33305004495a9","hash":"07a2f85445d45809aa22d54ba6dc14ef0aef0533"}
,"C:\\Users\\Member\\HACKTIV8\\final-project\\artmart-server\\controllers\\ReviewController.js": {"path":"C:\\Users\\Member\\HACKTIV8\\final-project\\artmart-server\\controllers\\ReviewController.js","statementMap":{"0":{"start":{"line":1,"column":26},"end":{"line":1,"column":53}},"1":{"start":{"line":5,"column":4},"end":{"line":14,"column":5}},"2":{"start":{"line":6,"column":19},"end":{"line":10,"column":8}},"3":{"start":{"line":11,"column":6},"end":{"line":11,"column":32}},"4":{"start":{"line":13,"column":6},"end":{"line":13,"column":15}},"5":{"start":{"line":18,"column":4},"end":{"line":27,"column":5}},"6":{"start":{"line":19,"column":19},"end":{"line":23,"column":8}},"7":{"start":{"line":24,"column":6},"end":{"line":24,"column":32}},"8":{"start":{"line":26,"column":6},"end":{"line":26,"column":15}},"9":{"start":{"line":31,"column":4},"end":{"line":45,"column":5}},"10":{"start":{"line":32,"column":20},"end":{"line":35,"column":9}},"11":{"start":{"line":37,"column":6},"end":{"line":41,"column":7}},"12":{"start":{"line":38,"column":8},"end":{"line":38,"column":34}},"13":{"start":{"line":40,"column":8},"end":{"line":40,"column":41}},"14":{"start":{"line":44,"column":6},"end":{"line":44,"column":15}},"15":{"start":{"line":49,"column":4},"end":{"line":63,"column":5}},"16":{"start":{"line":50,"column":20},"end":{"line":53,"column":9}},"17":{"start":{"line":55,"column":6},"end":{"line":59,"column":7}},"18":{"start":{"line":56,"column":8},"end":{"line":56,"column":34}},"19":{"start":{"line":58,"column":8},"end":{"line":58,"column":41}},"20":{"start":{"line":62,"column":6},"end":{"line":62,"column":15}},"21":{"start":{"line":67,"column":4},"end":{"line":108,"column":5}},"22":{"start":{"line":68,"column":24},"end":{"line":72,"column":8}},"23":{"start":{"line":75,"column":6},"end":{"line":77,"column":7}},"24":{"start":{"line":76,"column":8},"end":{"line":76,"column":57}},"25":{"start":{"line":79,"column":6},"end":{"line":104,"column":7}},"26":{"start":{"line":81,"column":13},"end":{"line":104,"column":7}},"27":{"start":{"line":84,"column":39},"end":{"line":84,"column":47}},"28":{"start":{"line":85,"column":20},"end":{"line":90,"column":9}},"29":{"start":{"line":92,"column":21},"end":{"line":92,"column":45}},"30":{"start":{"line":94,"column":26},"end":{"line":96,"column":9}},"31":{"start":{"line":98,"column":33},"end":{"line":102,"column":10}},"32":{"start":{"line":103,"column":8},"end":{"line":103,"column":34}},"33":{"start":{"line":107,"column":6},"end":{"line":107,"column":15}},"34":{"start":{"line":112,"column":4},"end":{"line":144,"column":5}},"35":{"start":{"line":113,"column":37},"end":{"line":113,"column":45}},"36":{"start":{"line":114,"column":18},"end":{"line":117,"column":7}},"37":{"start":{"line":118,"column":6},"end":{"line":118,"column":38}},"38":{"start":{"line":118,"column":22},"end":{"line":118,"column":38}},"39":{"start":{"line":119,"column":6},"end":{"line":119,"column":50}},"40":{"start":{"line":119,"column":28},"end":{"line":119,"column":50}},"41":{"start":{"line":121,"column":6},"end":{"line":123,"column":7}},"42":{"start":{"line":122,"column":8},"end":{"line":122,"column":99}},"43":{"start":{"line":126,"column":17},"end":{"line":131,"column":8}},"44":{"start":{"line":132,"column":22},"end":{"line":132,"column":29}},"45":{"start":{"line":134,"column":6},"end":{"line":141,"column":7}},"46":{"start":{"line":135,"column":22},"end":{"line":135,"column":32}},"47":{"start":{"line":137,"column":8},"end":{"line":137,"column":38}},"48":{"start":{"line":148,"column":4},"end":{"line":158,"column":5}},"49":{"start":{"line":149,"column":19},"end":{"line":153,"column":8}},"50":{"start":{"line":155,"column":6},"end":{"line":155,"column":58}},"51":{"start":{"line":162,"column":0},"end":{"line":162,"column":33}}},"fnMap":{"0":{"name":"(anonymous_0)","decl":{"start":{"line":4,"column":2},"end":{"line":4,"column":3}},"loc":{"start":{"line":4,"column":47},"end":{"line":15,"column":3}},"line":4},"1":{"name":"(anonymous_1)","decl":{"start":{"line":17,"column":2},"end":{"line":17,"column":3}},"loc":{"start":{"line":17,"column":45},"end":{"line":28,"column":3}},"line":17},"2":{"name":"(anonymous_2)","decl":{"start":{"line":30,"column":2},"end":{"line":30,"column":3}},"loc":{"start":{"line":30,"column":48},"end":{"line":46,"column":3}},"line":30},"3":{"name":"(anonymous_3)","decl":{"start":{"line":48,"column":2},"end":{"line":48,"column":3}},"loc":{"start":{"line":48,"column":51},"end":{"line":64,"column":3}},"line":48},"4":{"name":"(anonymous_4)","decl":{"start":{"line":66,"column":2},"end":{"line":66,"column":3}},"loc":{"start":{"line":66,"column":37},"end":{"line":109,"column":3}},"line":66},"5":{"name":"(anonymous_5)","decl":{"start":{"line":111,"column":2},"end":{"line":111,"column":3}},"loc":{"start":{"line":111,"column":36},"end":{"line":145,"column":3}},"line":111},"6":{"name":"(anonymous_6)","decl":{"start":{"line":147,"column":2},"end":{"line":147,"column":3}},"loc":{"start":{"line":147,"column":39},"end":{"line":159,"column":3}},"line":147}},"branchMap":{"0":{"loc":{"start":{"line":37,"column":6},"end":{"line":41,"column":7}},"type":"if","locations":[{"start":{"line":37,"column":6},"end":{"line":41,"column":7}},{"start":{"line":37,"column":6},"end":{"line":41,"column":7}}],"line":37},"1":{"loc":{"start":{"line":55,"column":6},"end":{"line":59,"column":7}},"type":"if","locations":[{"start":{"line":55,"column":6},"end":{"line":59,"column":7}},{"start":{"line":55,"column":6},"end":{"line":59,"column":7}}],"line":55},"2":{"loc":{"start":{"line":75,"column":6},"end":{"line":77,"column":7}},"type":"if","locations":[{"start":{"line":75,"column":6},"end":{"line":77,"column":7}},{"start":{"line":75,"column":6},"end":{"line":77,"column":7}}],"line":75},"3":{"loc":{"start":{"line":79,"column":6},"end":{"line":104,"column":7}},"type":"if","locations":[{"start":{"line":79,"column":6},"end":{"line":104,"column":7}},{"start":{"line":79,"column":6},"end":{"line":104,"column":7}}],"line":79},"4":{"loc":{"start":{"line":81,"column":13},"end":{"line":104,"column":7}},"type":"if","locations":[{"start":{"line":81,"column":13},"end":{"line":104,"column":7}},{"start":{"line":81,"column":13},"end":{"line":104,"column":7}}],"line":81},"5":{"loc":{"start":{"line":118,"column":6},"end":{"line":118,"column":38}},"type":"if","locations":[{"start":{"line":118,"column":6},"end":{"line":118,"column":38}},{"start":{"line":118,"column":6},"end":{"line":118,"column":38}}],"line":118},"6":{"loc":{"start":{"line":119,"column":6},"end":{"line":119,"column":50}},"type":"if","locations":[{"start":{"line":119,"column":6},"end":{"line":119,"column":50}},{"start":{"line":119,"column":6},"end":{"line":119,"column":50}}],"line":119},"7":{"loc":{"start":{"line":121,"column":6},"end":{"line":123,"column":7}},"type":"if","locations":[{"start":{"line":121,"column":6},"end":{"line":123,"column":7}},{"start":{"line":121,"column":6},"end":{"line":123,"column":7}}],"line":121},"8":{"loc":{"start":{"line":134,"column":6},"end":{"line":141,"column":7}},"type":"if","locations":[{"start":{"line":134,"column":6},"end":{"line":141,"column":7}},{"start":{"line":134,"column":6},"end":{"line":141,"column":7}}],"line":134}},"s":{"0":40,"1":2,"2":2,"3":1,"4":1,"5":2,"6":2,"7":1,"8":1,"9":3,"10":3,"11":2,"12":1,"13":1,"14":1,"15":3,"16":3,"17":2,"18":1,"19":1,"20":1,"21":1,"22":1,"23":1,"24":1,"25":1,"26":1,"27":1,"28":1,"29":1,"30":1,"31":1,"32":1,"33":1,"34":2,"35":2,"36":2,"37":2,"38":1,"39":2,"40":2,"41":2,"42":1,"43":1,"44":1,"45":1,"46":1,"47":1,"48":1,"49":1,"50":1,"51":40},"f":{"0":2,"1":2,"2":3,"3":3,"4":1,"5":2,"6":1},"b":{"0":[1,1],"1":[1,1],"2":[1,0],"3":[0,1],"4":[0,1],"5":[1,1],"6":[2,0],"7":[1,1],"8":[1,0]},"_coverageSchema":"1a1c01bbd47fc00a2c39e90264f33305004495a9","hash":"1c6f3abcb01dc1d7b4fec5a5f107a3e159a488c8"}
,"C:\\Users\\Member\\HACKTIV8\\final-project\\artmart-server\\controllers\\UserController.js": {"path":"C:\\Users\\Member\\HACKTIV8\\final-project\\artmart-server\\controllers\\UserController.js","statementMap":{"0":{"start":{"line":1,"column":17},"end":{"line":1,"column":44}},"1":{"start":{"line":2,"column":27},"end":{"line":2,"column":56}},"2":{"start":{"line":3,"column":26},"end":{"line":3,"column":52}},"3":{"start":{"line":7,"column":4},"end":{"line":21,"column":5}},"4":{"start":{"line":8,"column":17},"end":{"line":12,"column":8}},"5":{"start":{"line":13,"column":6},"end":{"line":18,"column":7}},"6":{"start":{"line":14,"column":8},"end":{"line":14,"column":39}},"7":{"start":{"line":15,"column":8},"end":{"line":15,"column":34}},"8":{"start":{"line":17,"column":8},"end":{"line":17,"column":40}},"9":{"start":{"line":20,"column":6},"end":{"line":20,"column":15}},"10":{"start":{"line":25,"column":4},"end":{"line":40,"column":5}},"11":{"start":{"line":26,"column":81},"end":{"line":26,"column":89}},"12":{"start":{"line":27,"column":17},"end":{"line":34,"column":8}},"13":{"start":{"line":36,"column":6},"end":{"line":36,"column":37}},"14":{"start":{"line":37,"column":6},"end":{"line":37,"column":34}},"15":{"start":{"line":39,"column":6},"end":{"line":39,"column":16}},"16":{"start":{"line":44,"column":4},"end":{"line":105,"column":5}},"17":{"start":{"line":45,"column":44},"end":{"line":45,"column":52}},"18":{"start":{"line":47,"column":6},"end":{"line":101,"column":7}},"19":{"start":{"line":48,"column":19},"end":{"line":52,"column":10}},"20":{"start":{"line":53,"column":8},"end":{"line":73,"column":9}},"21":{"start":{"line":54,"column":10},"end":{"line":54,"column":51}},"22":{"start":{"line":56,"column":24},"end":{"line":56,"column":63}},"23":{"start":{"line":57,"column":10},"end":{"line":72,"column":11}},"24":{"start":{"line":61,"column":28},"end":{"line":65,"column":13}},"25":{"start":{"line":66,"column":33},"end":{"line":66,"column":56}},"26":{"start":{"line":67,"column":12},"end":{"line":71,"column":51}},"27":{"start":{"line":75,"column":19},"end":{"line":79,"column":10}},"28":{"start":{"line":80,"column":8},"end":{"line":100,"column":9}},"29":{"start":{"line":81,"column":10},"end":{"line":81,"column":51}},"30":{"start":{"line":83,"column":24},"end":{"line":83,"column":63}},"31":{"start":{"line":84,"column":10},"end":{"line":99,"column":11}},"32":{"start":{"line":88,"column":28},"end":{"line":92,"column":13}},"33":{"start":{"line":93,"column":33},"end":{"line":93,"column":56}},"34":{"start":{"line":94,"column":12},"end":{"line":98,"column":51}},"35":{"start":{"line":104,"column":6},"end":{"line":104,"column":16}},"36":{"start":{"line":109,"column":4},"end":{"line":148,"column":5}},"37":{"start":{"line":110,"column":16},"end":{"line":116,"column":7}},"38":{"start":{"line":117,"column":6},"end":{"line":117,"column":44}},"39":{"start":{"line":117,"column":25},"end":{"line":117,"column":44}},"40":{"start":{"line":118,"column":6},"end":{"line":118,"column":38}},"41":{"start":{"line":118,"column":22},"end":{"line":118,"column":38}},"42":{"start":{"line":119,"column":6},"end":{"line":119,"column":46}},"43":{"start":{"line":119,"column":26},"end":{"line":119,"column":46}},"44":{"start":{"line":120,"column":6},"end":{"line":120,"column":44}},"45":{"start":{"line":120,"column":25},"end":{"line":120,"column":44}},"46":{"start":{"line":121,"column":6},"end":{"line":121,"column":56}},"47":{"start":{"line":121,"column":31},"end":{"line":121,"column":56}},"48":{"start":{"line":123,"column":6},"end":{"line":126,"column":7}},"49":{"start":{"line":128,"column":17},"end":{"line":133,"column":8}},"50":{"start":{"line":134,"column":22},"end":{"line":134,"column":29}},"51":{"start":{"line":136,"column":6},"end":{"line":143,"column":7}},"52":{"start":{"line":137,"column":22},"end":{"line":137,"column":32}},"53":{"start":{"line":138,"column":8},"end":{"line":138,"column":42}},"54":{"start":{"line":139,"column":8},"end":{"line":139,"column":38}},"55":{"start":{"line":152,"column":0},"end":{"line":152,"column":31}}},"fnMap":{"0":{"name":"(anonymous_0)","decl":{"start":{"line":6,"column":2},"end":{"line":6,"column":3}},"loc":{"start":{"line":6,"column":40},"end":{"line":22,"column":3}},"line":6},"1":{"name":"(anonymous_1)","decl":{"start":{"line":24,"column":2},"end":{"line":24,"column":3}},"loc":{"start":{"line":24,"column":41},"end":{"line":41,"column":3}},"line":24},"2":{"name":"(anonymous_2)","decl":{"start":{"line":43,"column":2},"end":{"line":43,"column":3}},"loc":{"start":{"line":43,"column":38},"end":{"line":106,"column":3}},"line":43},"3":{"name":"(anonymous_3)","decl":{"start":{"line":108,"column":2},"end":{"line":108,"column":3}},"loc":{"start":{"line":108,"column":36},"end":{"line":149,"column":3}},"line":108}},"branchMap":{"0":{"loc":{"start":{"line":13,"column":6},"end":{"line":18,"column":7}},"type":"if","locations":[{"start":{"line":13,"column":6},"end":{"line":18,"column":7}},{"start":{"line":13,"column":6},"end":{"line":18,"column":7}}],"line":13},"1":{"loc":{"start":{"line":47,"column":6},"end":{"line":101,"column":7}},"type":"if","locations":[{"start":{"line":47,"column":6},"end":{"line":101,"column":7}},{"start":{"line":47,"column":6},"end":{"line":101,"column":7}}],"line":47},"2":{"loc":{"start":{"line":53,"column":8},"end":{"line":73,"column":9}},"type":"if","locations":[{"start":{"line":53,"column":8},"end":{"line":73,"column":9}},{"start":{"line":53,"column":8},"end":{"line":73,"column":9}}],"line":53},"3":{"loc":{"start":{"line":57,"column":10},"end":{"line":72,"column":11}},"type":"if","locations":[{"start":{"line":57,"column":10},"end":{"line":72,"column":11}},{"start":{"line":57,"column":10},"end":{"line":72,"column":11}}],"line":57},"4":{"loc":{"start":{"line":80,"column":8},"end":{"line":100,"column":9}},"type":"if","locations":[{"start":{"line":80,"column":8},"end":{"line":100,"column":9}},{"start":{"line":80,"column":8},"end":{"line":100,"column":9}}],"line":80},"5":{"loc":{"start":{"line":84,"column":10},"end":{"line":99,"column":11}},"type":"if","locations":[{"start":{"line":84,"column":10},"end":{"line":99,"column":11}},{"start":{"line":84,"column":10},"end":{"line":99,"column":11}}],"line":84},"6":{"loc":{"start":{"line":117,"column":6},"end":{"line":117,"column":44}},"type":"if","locations":[{"start":{"line":117,"column":6},"end":{"line":117,"column":44}},{"start":{"line":117,"column":6},"end":{"line":117,"column":44}}],"line":117},"7":{"loc":{"start":{"line":118,"column":6},"end":{"line":118,"column":38}},"type":"if","locations":[{"start":{"line":118,"column":6},"end":{"line":118,"column":38}},{"start":{"line":118,"column":6},"end":{"line":118,"column":38}}],"line":118},"8":{"loc":{"start":{"line":119,"column":6},"end":{"line":119,"column":46}},"type":"if","locations":[{"start":{"line":119,"column":6},"end":{"line":119,"column":46}},{"start":{"line":119,"column":6},"end":{"line":119,"column":46}}],"line":119},"9":{"loc":{"start":{"line":120,"column":6},"end":{"line":120,"column":44}},"type":"if","locations":[{"start":{"line":120,"column":6},"end":{"line":120,"column":44}},{"start":{"line":120,"column":6},"end":{"line":120,"column":44}}],"line":120},"10":{"loc":{"start":{"line":121,"column":6},"end":{"line":121,"column":56}},"type":"if","locations":[{"start":{"line":121,"column":6},"end":{"line":121,"column":56}},{"start":{"line":121,"column":6},"end":{"line":121,"column":56}}],"line":121},"11":{"loc":{"start":{"line":123,"column":6},"end":{"line":126,"column":7}},"type":"if","locations":[{"start":{"line":123,"column":6},"end":{"line":126,"column":7}},{"start":{"line":123,"column":6},"end":{"line":126,"column":7}}],"line":123},"12":{"loc":{"start":{"line":136,"column":6},"end":{"line":143,"column":7}},"type":"if","locations":[{"start":{"line":136,"column":6},"end":{"line":143,"column":7}},{"start":{"line":136,"column":6},"end":{"line":143,"column":7}}],"line":136}},"s":{"0":40,"1":40,"2":40,"3":3,"4":3,"5":2,"6":1,"7":1,"8":1,"9":1,"10":7,"11":7,"12":7,"13":1,"14":1,"15":6,"16":7,"17":7,"18":7,"19":2,"20":2,"21":1,"22":1,"23":1,"24":1,"25":1,"26":1,"27":5,"28":4,"29":3,"30":1,"31":1,"32":1,"33":1,"34":1,"35":1,"36":1,"37":1,"38":1,"39":0,"40":1,"41":1,"42":1,"43":1,"44":1,"45":1,"46":1,"47":1,"48":1,"49":1,"50":1,"51":1,"52":1,"53":1,"54":1,"55":40},"f":{"0":3,"1":7,"2":7,"3":1},"b":{"0":[1,1],"1":[2,5],"2":[1,1],"3":[0,1],"4":[3,1],"5":[0,1],"6":[0,1],"7":[1,0],"8":[1,0],"9":[1,0],"10":[1,0],"11":[0,1],"12":[1,0]},"_coverageSchema":"1a1c01bbd47fc00a2c39e90264f33305004495a9","hash":"d863428913e5fbb7e726d16016bc07e2a30b8c97"}
,"C:\\Users\\Member\\HACKTIV8\\final-project\\artmart-server\\controllers\\categoriesController.js": {"path":"C:\\Users\\Member\\HACKTIV8\\final-project\\artmart-server\\controllers\\categoriesController.js","statementMap":{"0":{"start":{"line":1,"column":21},"end":{"line":1,"column":47}},"1":{"start":{"line":5,"column":8},"end":{"line":11,"column":9}},"2":{"start":{"line":6,"column":21},"end":{"line":6,"column":45}},"3":{"start":{"line":8,"column":10},"end":{"line":8,"column":36}},"4":{"start":{"line":15,"column":0},"end":{"line":15,"column":30}}},"fnMap":{"0":{"name":"(anonymous_0)","decl":{"start":{"line":4,"column":4},"end":{"line":4,"column":5}},"loc":{"start":{"line":4,"column":41},"end":{"line":12,"column":7}},"line":4}},"branchMap":{},"s":{"0":40,"1":1,"2":1,"3":1,"4":40},"f":{"0":1},"b":{},"_coverageSchema":"1a1c01bbd47fc00a2c39e90264f33305004495a9","hash":"f425df6ecfee3fdd72536892d0a639e633f5d5af"}
,"C:\\Users\\Member\\HACKTIV8\\final-project\\artmart-server\\helpers\\bcrypt.js": {"path":"C:\\Users\\Member\\HACKTIV8\\final-project\\artmart-server\\helpers\\bcrypt.js","statementMap":{"0":{"start":{"line":1,"column":13},"end":{"line":1,"column":32}},"1":{"start":{"line":4,"column":15},"end":{"line":4,"column":37}},"2":{"start":{"line":5,"column":15},"end":{"line":5,"column":50}},"3":{"start":{"line":6,"column":2},"end":{"line":6,"column":13}},"4":{"start":{"line":10,"column":2},"end":{"line":10,"column":54}},"5":{"start":{"line":13,"column":0},"end":{"line":16,"column":1}}},"fnMap":{"0":{"name":"hashPassword","decl":{"start":{"line":3,"column":9},"end":{"line":3,"column":21}},"loc":{"start":{"line":3,"column":37},"end":{"line":7,"column":1}},"line":3},"1":{"name":"checkPassword","decl":{"start":{"line":9,"column":9},"end":{"line":9,"column":22}},"loc":{"start":{"line":9,"column":50},"end":{"line":11,"column":1}},"line":9}},"branchMap":{},"s":{"0":40,"1":9,"2":9,"3":9,"4":4,"5":40},"f":{"0":9,"1":4},"b":{},"_coverageSchema":"1a1c01bbd47fc00a2c39e90264f33305004495a9","hash":"0376b53f4cae1f22170edb6aee92038d31687aec"}
,"C:\\Users\\Member\\HACKTIV8\\final-project\\artmart-server\\helpers\\jwt.js": {"path":"C:\\Users\\Member\\HACKTIV8\\final-project\\artmart-server\\helpers\\jwt.js","statementMap":{"0":{"start":{"line":5,"column":12},"end":{"line":5,"column":36}},"1":{"start":{"line":7,"column":19},"end":{"line":7,"column":78}},"2":{"start":{"line":10,"column":16},"end":{"line":10,"column":47}},"3":{"start":{"line":11,"column":2},"end":{"line":11,"column":14}},"4":{"start":{"line":15,"column":18},"end":{"line":15,"column":47}},"5":{"start":{"line":16,"column":2},"end":{"line":16,"column":16}},"6":{"start":{"line":19,"column":0},"end":{"line":22,"column":1}}},"fnMap":{"0":{"name":"generateToken","decl":{"start":{"line":9,"column":9},"end":{"line":9,"column":22}},"loc":{"start":{"line":9,"column":33},"end":{"line":12,"column":1}},"line":9},"1":{"name":"checkToken","decl":{"start":{"line":14,"column":9},"end":{"line":14,"column":19}},"loc":{"start":{"line":14,"column":28},"end":{"line":17,"column":1}},"line":14}},"branchMap":{"0":{"loc":{"start":{"line":7,"column":19},"end":{"line":7,"column":78}},"type":"cond-expr","locations":[{"start":{"line":7,"column":44},"end":{"line":7,"column":66}},{"start":{"line":7,"column":69},"end":{"line":7,"column":78}}],"line":7}},"s":{"0":40,"1":40,"2":24,"3":24,"4":79,"5":60,"6":40},"f":{"0":24,"1":79},"b":{"0":[35,5]},"_coverageSchema":"1a1c01bbd47fc00a2c39e90264f33305004495a9","hash":"2696e6a4ecfcc9b7d6681565fea877a6d0011a7e"}
,"C:\\Users\\Member\\HACKTIV8\\final-project\\artmart-server\\middlewares\\auth.js": {"path":"C:\\Users\\Member\\HACKTIV8\\final-project\\artmart-server\\middlewares\\auth.js","statementMap":{"0":{"start":{"line":1,"column":23},"end":{"line":1,"column":49}},"1":{"start":{"line":2,"column":74},"end":{"line":2,"column":101}},"2":{"start":{"line":5,"column":2},"end":{"line":36,"column":3}},"3":{"start":{"line":6,"column":18},"end":{"line":6,"column":55}},"4":{"start":{"line":8,"column":19},"end":{"line":12,"column":6}},"5":{"start":{"line":14,"column":21},"end":{"line":18,"column":6}},"6":{"start":{"line":20,"column":4},"end":{"line":33,"column":5}},"7":{"start":{"line":21,"column":6},"end":{"line":21,"column":61}},"8":{"start":{"line":23,"column":6},"end":{"line":32,"column":7}},"9":{"start":{"line":24,"column":8},"end":{"line":24,"column":36}},"10":{"start":{"line":26,"column":8},"end":{"line":26,"column":15}},"11":{"start":{"line":29,"column":8},"end":{"line":29,"column":32}},"12":{"start":{"line":31,"column":8},"end":{"line":31,"column":15}},"13":{"start":{"line":35,"column":4},"end":{"line":35,"column":14}},"14":{"start":{"line":40,"column":2},"end":{"line":64,"column":3}},"15":{"start":{"line":41,"column":21},"end":{"line":41,"column":39}},"16":{"start":{"line":42,"column":15},"end":{"line":46,"column":6}},"17":{"start":{"line":48,"column":4},"end":{"line":50,"column":5}},"18":{"start":{"line":49,"column":6},"end":{"line":49,"column":12}},"19":{"start":{"line":68,"column":2},"end":{"line":88,"column":3}},"20":{"start":{"line":69,"column":21},"end":{"line":69,"column":41}},"21":{"start":{"line":70,"column":15},"end":{"line":74,"column":6}},"22":{"start":{"line":75,"column":4},"end":{"line":78,"column":5}},"23":{"start":{"line":80,"column":4},"end":{"line":85,"column":5}},"24":{"start":{"line":83,"column":11},"end":{"line":85,"column":5}},"25":{"start":{"line":84,"column":6},"end":{"line":84,"column":12}},"26":{"start":{"line":92,"column":2},"end":{"line":116,"column":3}},"27":{"start":{"line":93,"column":21},"end":{"line":93,"column":40}},"28":{"start":{"line":94,"column":15},"end":{"line":98,"column":6}},"29":{"start":{"line":100,"column":4},"end":{"line":102,"column":5}},"30":{"start":{"line":101,"column":6},"end":{"line":101,"column":12}},"31":{"start":{"line":120,"column":2},"end":{"line":144,"column":3}},"32":{"start":{"line":121,"column":21},"end":{"line":121,"column":40}},"33":{"start":{"line":122,"column":15},"end":{"line":126,"column":6}},"34":{"start":{"line":128,"column":4},"end":{"line":130,"column":5}},"35":{"start":{"line":129,"column":6},"end":{"line":129,"column":12}},"36":{"start":{"line":148,"column":2},"end":{"line":167,"column":3}},"37":{"start":{"line":150,"column":21},"end":{"line":150,"column":42}},"38":{"start":{"line":151,"column":15},"end":{"line":155,"column":6}},"39":{"start":{"line":157,"column":4},"end":{"line":159,"column":5}},"40":{"start":{"line":158,"column":6},"end":{"line":158,"column":12}},"41":{"start":{"line":171,"column":2},"end":{"line":190,"column":3}},"42":{"start":{"line":172,"column":21},"end":{"line":172,"column":42}},"43":{"start":{"line":173,"column":15},"end":{"line":177,"column":6}},"44":{"start":{"line":178,"column":4},"end":{"line":180,"column":5}},"45":{"start":{"line":179,"column":6},"end":{"line":179,"column":46}},"46":{"start":{"line":182,"column":4},"end":{"line":187,"column":5}},"47":{"start":{"line":185,"column":11},"end":{"line":187,"column":5}},"48":{"start":{"line":186,"column":6},"end":{"line":186,"column":12}},"49":{"start":{"line":194,"column":2},"end":{"line":210,"column":3}},"50":{"start":{"line":195,"column":21},"end":{"line":195,"column":42}},"51":{"start":{"line":196,"column":15},"end":{"line":200,"column":6}},"52":{"start":{"line":202,"column":4},"end":{"line":207,"column":5}},"53":{"start":{"line":205,"column":11},"end":{"line":207,"column":5}},"54":{"start":{"line":206,"column":6},"end":{"line":206,"column":12}},"55":{"start":{"line":209,"column":4},"end":{"line":209,"column":14}},"56":{"start":{"line":214,"column":2},"end":{"line":238,"column":3}},"57":{"start":{"line":215,"column":
[...]
,"C:\\Users\\Member\\HACKTIV8\\final-project\\artmart-server\\models\\order.js": {"path":"C:\\Users\\Member\\HACKTIV8\\final-project\\artmart-server\\models\\order.js","statementMap":{"0":{"start":{"line":4,"column":4},"end":{"line":4,"column":24}},"1":{"start":{"line":5,"column":0},"end":{"line":80,"column":2}},"2":{"start":{"line":14,"column":6},"end":{"line":14,"column":34}},"3":{"start":{"line":15,"column":6},"end":{"line":15,"column":36}},"4":{"start":{"line":16,"column":6},"end":{"line":16,"column":36}},"5":{"start":{"line":17,"column":6},"end":{"line":17,"column":36}},"6":{"start":{"line":20,"column":2},"end":{"line":78,"column":5}},"7":{"start":{"line":79,"column":2},"end":{"line":79,"column":15}}},"fnMap":{"0":{"name":"(anonymous_0)","decl":{"start":{"line":5,"column":17},"end":{"line":5,"column":18}},"loc":{"start":{"line":5,"column":43},"end":{"line":80,"column":1}},"line":5},"1":{"name":"(anonymous_1)","decl":{"start":{"line":12,"column":4},"end":{"line":12,"column":5}},"loc":{"start":{"line":12,"column":29},"end":{"line":18,"column":5}},"line":12}},"branchMap":{},"s":{"0":40,"1":40,"2":40,"3":40,"4":40,"5":40,"6":40,"7":40},"f":{"0":40,"1":40},"b":{},"_coverageSchema":"1a1c01bbd47fc00a2c39e90264f33305004495a9","hash":"4dd92b5b78eed5a3b169b8316bacf9a976a5a3c6"}
,"C:\\Users\\Member\\HACKTIV8\\final-project\\artmart-server\\models\\picture.js": {"path":"C:\\Users\\Member\\HACKTIV8\\final-project\\artmart-server\\models\\picture.js","statementMap":{"0":{"start":{"line":4,"column":4},"end":{"line":4,"column":24}},"1":{"start":{"line":5,"column":0},"end":{"line":63,"column":2}},"2":{"start":{"line":14,"column":6},"end":{"line":14,"column":40}},"3":{"start":{"line":15,"column":6},"end":{"line":15,"column":38}},"4":{"start":{"line":16,"column":6},"end":{"line":16,"column":36}},"5":{"start":{"line":19,"column":2},"end":{"line":61,"column":5}},"6":{"start":{"line":62,"column":2},"end":{"line":62,"column":17}}},"fnMap":{"0":{"name":"(anonymous_0)","decl":{"start":{"line":5,"column":17},"end":{"line":5,"column":18}},"loc":{"start":{"line":5,"column":43},"end":{"line":63,"column":1}},"line":5},"1":{"name":"(anonymous_1)","decl":{"start":{"line":12,"column":4},"end":{"line":12,"column":5}},"loc":{"start":{"line":12,"column":29},"end":{"line":17,"column":5}},"line":12}},"branchMap":{},"s":{"0":40,"1":40,"2":40,"3":40,"4":40,"5":40,"6":40},"f":{"0":40,"1":40},"b":{},"_coverageSchema":"1a1c01bbd47fc00a2c39e90264f33305004495a9","hash":"add07f74990c185349ce6ad459023827fe6a2167"}
,"C:\\Users\\Member\\HACKTIV8\\final-project\\artmart-server\\models\\rating.js": {"path":"C:\\Users\\Member\\HACKTIV8\\final-project\\artmart-server\\models\\rating.js","statementMap":{"0":{"start":{"line":4,"column":4},"end":{"line":4,"column":24}},"1":{"start":{"line":5,"column":0},"end":{"line":50,"column":2}},"2":{"start":{"line":14,"column":6},"end":{"line":16,"column":8}},"3":{"start":{"line":17,"column":6},"end":{"line":17,"column":37}},"4":{"start":{"line":20,"column":2},"end":{"line":48,"column":5}},"5":{"start":{"line":49,"column":2},"end":{"line":49,"column":16}}},"fnMap":{"0":{"name":"(anonymous_0)","decl":{"start":{"line":5,"column":17},"end":{"line":5,"column":18}},"loc":{"start":{"line":5,"column":43},"end":{"line":50,"column":1}},"line":5},"1":{"name":"(anonymous_1)","decl":{"start":{"line":12,"column":4},"end":{"line":12,"column":5}},"loc":{"start":{"line":12,"column":29},"end":{"line":18,"column":5}},"line":12}},"branchMap":{},"s":{"0":40,"1":40,"2":40,"3":40,"4":40,"5":40},"f":{"0":40,"1":40},"b":{},"_coverageSchema":"1a1c01bbd47fc00a2c39e90264f33305004495a9","hash":"9303cd654d7ed246e4f82929682cd9c5ab8ea6e5"}
,"C:\\Users\\Member\\HACKTIV8\\final-project\\artmart-server\\models\\review.js": {"path":"C:\\Users\\Member\\HACKTIV8\\final-project\\artmart-server\\models\\review.js","statementMap":{"0":{"start":{"line":4,"column":4},"end":{"line":4,"column":24}},"1":{"start":{"line":5,"column":0},"end":{"line":60,"column":2}},"2":{"start":{"line":14,"column":6},"end":{"line":16,"column":8}},"3":{"start":{"line":17,"column":6},"end":{"line":17,"column":37}},"4":{"start":{"line":20,"column":2},"end":{"line":58,"column":5}},"5":{"start":{"line":59,"column":2},"end":{"line":59,"column":16}}},"fnMap":{"0":{"name":"(anonymous_0)","decl":{"start":{"line":5,"column":17},"end":{"line":5,"column":18}},"loc":{"start":{"line":5,"column":43},"end":{"line":60,"column":1}},"line":5},"1":{"name":"(anonymous_1)","decl":{"start":{"line":12,"column":4},"end":{"line":12,"column":5}},"loc":{"start":{"line":12,"column":29},"end":{"line":18,"column":5}},"line":12}},"branchMap":{},"s":{"0":40,"1":40,"2":40,"3":40,"4":40,"5":40},"f":{"0":40,"1":40},"b":{},"_coverageSchema":"1a1c01bbd47fc00a2c39e90264f33305004495a9","hash":"53c67e18abd688fd5990ba386192df11b4528ce8"}
,"C:\\Users\\Member\\HACKTIV8\\final-project\\artmart-server\\models\\user.js": {"path":"C:\\Users\\Member\\HACKTIV8\\final-project\\artmart-server\\models\\user.js","statementMap":{"0":{"start":{"line":2,"column":26},"end":{"line":2,"column":55}},"1":{"start":{"line":6,"column":4},"end":{"line":6,"column":24}},"2":{"start":{"line":7,"column":0},"end":{"line":91,"column":2}},"3":{"start":{"line":16,"column":6},"end":{"line":18,"column":8}},"4":{"start":{"line":19,"column":6},"end":{"line":21,"column":8}},"5":{"start":{"line":22,"column":6},"end":{"line":24,"column":8}},"6":{"start":{"line":25,"column":6},"end":{"line":25,"column":32}},"7":{"start":{"line":26,"column":6},"end":{"line":26,"column":34}},"8":{"start":{"line":27,"column":6},"end":{"line":27,"column":34}},"9":{"start":{"line":30,"column":2},"end":{"line":89,"column":5}},"10":{"start":{"line":83,"column":8},"end":{"line":83,"column":52}},"11":{"start":{"line":84,"column":8},"end":{"line":86,"column":9}},"12":{"start":{"line":85,"column":10},"end":{"line":85,"column":101}},"13":{"start":{"line":90,"column":2},"end":{"line":90,"column":14}}},"fnMap":{"0":{"name":"(anonymous_0)","decl":{"start":{"line":7,"column":17},"end":{"line":7,"column":18}},"loc":{"start":{"line":7,"column":43},"end":{"line":91,"column":1}},"line":7},"1":{"name":"(anonymous_1)","decl":{"start":{"line":14,"column":4},"end":{"line":14,"column":5}},"loc":{"start":{"line":14,"column":29},"end":{"line":28,"column":5}},"line":14},"2":{"name":"(anonymous_2)","decl":{"start":{"line":82,"column":20},"end":{"line":82,"column":21}},"loc":{"start":{"line":82,"column":39},"end":{"line":87,"column":7}},"line":82}},"branchMap":{"0":{"loc":{"start":{"line":84,"column":8},"end":{"line":86,"column":9}},"type":"if","locations":[{"start":{"line":84,"column":8},"end":{"line":86,"column":9}},{"start":{"line":84,"column":8},"end":{"line":86,"column":9}}],"line":84}},"s":{"0":40,"1":40,"2":40,"3":40,"4":40,"5":40,"6":40,"7":40,"8":40,"9":40,"10":4,"11":4,"12":3,"13":40},"f":{"0":40,"1":40,"2":4},"b":{"0":[3,1]},"_coverageSchema":"1a1c01bbd47fc00a2c39e90264f33305004495a9","hash":"0b7a523b2e103835d5ecc44511c0d26cc85e5d0f"}
,"C:\\Users\\Member\\HACKTIV8\\final-project\\artmart-server\\routes\\artistsRouter.js": {"path":"C:\\Users\\Member\\HACKTIV8\\final-project\\artmart-server\\routes\\artistsRouter.js","statementMap":{"0":{"start":{"line":1,"column":15},"end":{"line":1,"column":43}},"1":{"start":{"line":2,"column":25},"end":{"line":2,"column":68}},"2":{"start":{"line":3,"column":46},"end":{"line":3,"column":77}},"3":{"start":{"line":5,"column":0},"end":{"line":5,"column":59}},"4":{"start":{"line":7,"column":0},"end":{"line":7,"column":60}},"5":{"start":{"line":9,"column":0},"end":{"line":9,"column":54}},"6":{"start":{"line":11,"column":0},"end":{"line":11,"column":90}},"7":{"start":{"line":13,"column":0},"end":{"line":13,"column":23}}},"fnMap":{},"branchMap":{},"s":{"0":40,"1":40,"2":40,"3":40,"4":40,"5":40,"6":40,"7":40},"f":{},"b":{},"_coverageSchema":"1a1c01bbd47fc00a2c39e90264f33305004495a9","hash":"4f5775b546ca734b91529558517e528a34dcf500"}
,"C:\\Users\\Member\\HACKTIV8\\final-project\\artmart-server\\routes\\catRouter.js": {"path":"C:\\Users\\Member\\HACKTIV8\\final-project\\artmart-server\\routes\\catRouter.js","statementMap":{"0":{"start":{"line":1,"column":15},"end":{"line":1,"column":43}},"1":{"start":{"line":2,"column":22},"end":{"line":2,"column":69}},"2":{"start":{"line":5,"column":0},"end":{"line":5,"column":48}},"3":{"start":{"line":8,"column":0},"end":{"line":8,"column":23}}},"fnMap":{},"branchMap":{},"s":{"0":40,"1":40,"2":40,"3":40},"f":{},"b":{},"_coverageSchema":"1a1c01bbd47fc00a2c39e90264f33305004495a9","hash":"fe10d390377769793ef6f969b0eeeed4c7df67f8"}
,"C:\\Users\\Member\\HACKTIV8\\final-project\\artmart-server\\routes\\commentsRouter.js": {"path":"C:\\Users\\Member\\HACKTIV8\\final-project\\artmart-server\\routes\\commentsRouter.js","statementMap":{"0":{"start":{"line":1,"column":15},"end":{"line":1,"column":43}},"1":{"start":{"line":2,"column":26},"end":{"line":2,"column":70}},"2":{"start":{"line":3,"column":47},"end":{"line":3,"column":78}},"3":{"start":{"line":5,"column":0},"end":{"line":5,"column":68}},"4":{"start":{"line":7,"column":0},"end":{"line":7,"column":76}},"5":{"start":{"line":9,"column":0},"end":{"line":9,"column":80}},"6":{"start":{"line":11,"column":0},"end":{"line":11,"column":95}},"7":{"start":{"line":13,"column":0},"end":{"line":13,"column":130}},"8":{"start":{"line":15,"column":0},"end":{"line":15,"column":132}},"9":{"start":{"line":17,"column":0},"end":{"line":17,"column":23}}},"fnMap":{},"branchMap":{},"s":{"0":40,"1":40,"2":40,"3":40,"4":40,"5":40,"6":40,"7":40,"8":40,"9":40},"f":{},"b":{},"_coverageSchema":"1a1c01bbd47fc00a2c39e90264f33305004495a9","hash":"22ad885557b75770492b6ad6e54d719157adc7cc"}
,"C:\\Users\\Member\\HACKTIV8\\final-project\\artmart-server\\routes\\indexRouter.js": {"path":"C:\\Users\\Member\\HACKTIV8\\final-project\\artmart-server\\routes\\indexRouter.js","statementMap":{"0":{"start":{"line":1,"column":15},"end":{"line":1,"column":43}},"1":{"start":{"line":2,"column":20},"end":{"line":2,"column":45}},"2":{"start":{"line":3,"column":22},"end":{"line":3,"column":49}},"3":{"start":{"line":4,"column":21},"end":{"line":4,"column":47}},"4":{"start":{"line":5,"column":23},"end":{"line":5,"column":51}},"5":{"start":{"line":6,"column":22},"end":{"line":6,"column":49}},"6":{"start":{"line":7,"column":23},"end":{"line":7,"column":51}},"7":{"start":{"line":8,"column":22},"end":{"line":8,"column":49}},"8":{"start":{"line":9,"column":22},"end":{"line":9,"column":49}},"9":{"start":{"line":10,"column":23},"end":{"line":10,"column":45}},"10":{"start":{"line":12,"column":0},"end":{"line":14,"column":2}},"11":{"start":{"line":13,"column":4},"end":{"line":13,"column":72}},"12":{"start":{"line":16,"column":0},"end":{"line":16,"column":27}},"13":{"start":{"line":18,"column":0},"end":{"line":18,"column":24}},"14":{"start":{"line":20,"column":0},"end":{"line":20,"column":26}},"15":{"start":{"line":22,"column":0},"end":{"line":22,"column":25}},"16":{"start":{"line":24,"column":0},"end":{"line":24,"column":27}},"17":{"start":{"line":26,"column":0},"end":{"line":26,"column":26}},"18":{"start":{"line":28,"column":0},"end":{"line":28,"column":27}},"19":{"start":{"line":30,"column":0},"end":{"line":30,"column":26}},"20":{"start":{"line":32,"column":0},"end":{"line":32,"column":26}},"21":{"start":{"line":35,"column":0},"end":{"line":35,"column":23}}},"fnMap":{"0":{"name":"(anonymous_0)","decl":{"start":{"line":12,"column":16},"end":{"line":12,"column":17}},"loc":{"start":{"line":12,"column":30},"end":{"line":14,"column":1}},"line":12}},"branchMap":{},"s":{"0":40,"1":40,"2":40,"3":40,"4":40,"5":40,"6":40,"7":40,"8":40,"9":40,"10":40,"11":1,"12":40,"13":40,"14":40,"15":40,"16":40,"17":40,"18":40,"19":40,"20":40,"21":40},"f":{"0":1},"b":{},"_coverageSchema":"1a1c01bbd47fc00a2c39e90264f33305004495a9","hash":"17c1d1bb8c4f7a4ab1ba66c930e4d3144fa6468c"}
,"C:\\Users\\Member\\HACKTIV8\\final-project\\artmart-server\\routes\\optionsRouter.js": {"path":"C:\\Users\\Member\\HACKTIV8\\final-project\\artmart-server\\routes\\optionsRouter.js","statementMap":{"0":{"start":{"line":1,"column":15},"end":{"line":1,"column":43}},"1":{"start":{"line":2,"column":26},"end":{"line":2,"column":69}},"2":{"start":{"line":3,"column":48},"end":{"line":3,"column":79}},"3":{"start":{"line":5,"column":0},"end":{"line":5,"column":80}},"4":{"start":{"line":7,"column":0},"end":{"line":7,"column":95}},"5":{"start":{"line":9,"column":0},"end":{"line":9,"column":79}},"6":{"start":{"line":11,"column":0},"end":{"line":11,"column":110}},"7":{"start":{"line":13,"column":0},"end":{"line":13,"column":116}},"8":{"start":{"line":15,"column":0},"end":{"line":15,"column":23}}},"fnMap":{},"branchMap":{},"s":{"0":40,"1":40,"2":40,"3":40,"4":40,"5":40,"6":40,"7":40,"8":40},"f":{},"b":{},"_coverageSchema":"1a1c01bbd47fc00a2c39e90264f33305004495a9","hash":"07b3e6938f4a27486139e89ee859e3c09b9bbac4"}
,"C:\\Users\\Member\\HACKTIV8\\final-project\\artmart-server\\routes\\ordersRouter.js": {"path":"C:\\Users\\Member\\HACKTIV8\\final-project\\artmart-server\\routes\\ordersRouter.js","statementMap":{"0":{"start":{"line":1,"column":15},"end":{"line":1,"column":43}},"1":{"start":{"line":2,"column":24},"end":{"line":2,"column":66}},"2":{"start":{"line":3,"column":67},"end":{"line":3,"column":98}},"3":{"start":{"line":5,"column":0},"end":{"line":5,"column":80}},"4":{"start":{"line":7,"column":0},"end":{"line":7,"column":86}},"5":{"start":{"line":9,"column":0},"end":{"line":9,"column":109}},"6":{"start":{"line":11,"column":0},"end":{"line":11,"column":118}},"7":{"start":{"line":13,"column":0},"end":{"line":13,"column":92}},"8":{"start":{"line":15,"column":0},"end":{"line":15,"column":106}},"9":{"start":{"line":17,"column":0},"end":{"line":17,"column":126}},"10":{"start":{"line":19,"column":0},"end":{"line":19,"column":120}},"11":{"start":{"line":21,"column":0},"end":{"line":21,"column":116}},"12":{"start":{"line":23,"column":0},"end":{"line":23,"column":114}},"13":{"start":{"line":25,"column":0},"end":{"line":25,"column":23}}},"fnMap":{},"branchMap":{},"s":{"0":40,"1":40,"2":40,"3":40,"4":40,"5":40,"6":40,"7":40,"8":40,"9":40,"10":40,"11":40,"12":40,"13":40},"f":{},"b":{},"_coverageSchema":"1a1c01bbd47fc00a2c39e90264f33305004495a9","hash":"fb8fe8f15d8d84c576a4ba03010bf304eeee356b"}
,"C:\\Users\\Member\\HACKTIV8\\final-project\\artmart-server\\routes\\picturesRouter.js": {"path":"C:\\Users\\Member\\HACKTIV8\\final-project\\artmart-server\\routes\\picturesRouter.js","statementMap":{"0":{"start":{"line":1,"column":15},"end":{"line":1,"column":43}},"1":{"start":{"line":2,"column":26},"end":{"line":2,"column":70}},"2":{"start":{"line":3,"column":71},"end":{"line":3,"column":102}},"3":{"start":{"line":5,"column":0},"end":{"line":5,"column":50}},"4":{"start":{"line":7,"column":0},"end":{"line":7,"column":70}},"5":{"start":{"line":9,"column":0},"end":{"line":9,"column":76}},"6":{"start":{"line":11,"column":0},"end":{"line":11,"column":81}},"7":{"start":{"line":13,"column":0},"end":{"line":13,"column":87}},"8":{"start":{"line":15,"column":0},"end":{"line":15,"column":82}},"9":{"start":{"line":17,"column":0},"end":{"line":17,"column":114}},"10":{"start":{"line":19,"column":0},"end":{"line":19,"column":118}},"11":{"start":{"line":21,"column":0},"end":{"line":21,"column":120}},"12":{"start":{"line":24,"column":0},"end":{"line":24,"column":23}}},"fnMap":{},"branchMap":{},"s":{"0":40,"1":40,"2":40,"3":40,"4":40,"5":40,"6":40,"7":40,"8":40,"9":40,"10":40,"11":40,"12":40},"f":{},"b":{},"_coverageSchema":"1a1c01bbd47fc00a2c39e90264f33305004495a9","hash":"0fd75414378c1ac76c2a27e7309b46d77238fa66"}
,"C:\\Users\\Member\\HACKTIV8\\final-project\\artmart-server\\routes\\ratingsRouter.js": {"path":"C:\\Users\\Member\\HACKTIV8\\final-project\\artmart-server\\routes\\ratingsRouter.js","statementMap":{"0":{"start":{"line":1,"column":15},"end":{"line":1,"column":43}},"1":{"start":{"line":2,"column":26},"end":{"line":2,"column":69}},"2":{"start":{"line":3,"column":46},"end":{"line":3,"column":77}},"3":{"start":{"line":5,"column":0},"end":{"line":5,"column":74}},"4":{"start":{"line":7,"column":0},"end":{"line":7,"column":84}},"5":{"start":{"line":9,"column":0},"end":{"line":9,"column":68}},"6":{"start":{"line":11,"column":0},"end":{"line":11,"column":81}},"7":{"start":{"line":13,"column":0},"end":{"line":13,"column":87}},"8":{"start":{"line":15,"column":0},"end":{"line":15,"column":110}},"9":{"start":{"line":17,"column":0},"end":{"line":17,"column":122}},"10":{"start":{"line":19,"column":0},"end":{"line":19,"column":128}},"11":{"start":{"line":21,"column":0},"end":{"line":21,"column":23}}},"fnMap":{},"branchMap":{},"s":{"0":40,"1":40,"2":40,"3":40,"4":40,"5":40,"6":40,"7":40,"8":40,"9":40,"10":40,"11":40},"f":{},"b":{},"_coverageSchema":"1a1c01bbd47fc00a2c39e90264f33305004495a9","hash":"8c2b114cb67b968a03cf1392ce371672e9eb3795"}
,"C:\\Users\\Member\\HACKTIV8\\final-project\\artmart-server\\routes\\reviewsRouter.js": {"path":"C:\\Users\\Member\\HACKTIV8\\final-project\\artmart-server\\routes\\reviewsRouter.js","statementMap":{"0":{"start":{"line":1,"column":15},"end":{"line":1,"column":43}},"1":{"start":{"line":2,"column":26},"end":{"line":2,"column":69}},"2":{"start":{"line":3,"column":43},"end":{"line":3,"column":74}},"3":{"start":{"line":5,"column":0},"end":{"line":5,"column":74}},"4":{"start":{"line":7,"column":0},"end":{"line":7,"column":68}},"5":{"start":{"line":9,"column":0},"end":{"line":9,"column":88}},"6":{"start":{"line":11,"column":0},"end":{"line":11,"column":81}},"7":{"start":{"line":13,"column":0},"end":{"line":13,"column":110}},"8":{"start":{"line":15,"column":0},"end":{"line":15,"column":117}},"9":{"start":{"line":17,"column":0},"end":{"line":17,"column":123}},"10":{"start":{"line":19,"column":0},"end":{"line":19,"column":23}}},"fnMap":{},"branchMap":{},"s":{"0":40,"1":40,"2":40,"3":40,"4":40,"5":40,"6":40,"7":40,"8":40,"9":40,"10":40},"f":{},"b":{},"_coverageSchema":"1a1c01bbd47fc00a2c39e90264f33305004495a9","hash":"8d713b8506d3b6b3ce9b0929347b33269914bc86"}
,"C:\\Users\\Member\\HACKTIV8\\final-project\\artmart-server\\routes\\usersRouter.js": {"path":"C:\\Users\\Member\\HACKTIV8\\final-project\\artmart-server\\routes\\usersRouter.js","statementMap":{"0":{"start":{"line":1,"column":15},"end":{"line":1,"column":43}},"1":{"start":{"line":2,"column":23},"end":{"line":2,"column":64}},"2":{"start":{"line":3,"column":44},"end":{"line":3,"column":75}},"3":{"start":{"line":5,"column":0},"end":{"line":5,"column":53}},"4":{"start":{"line":7,"column":0},"end":{"line":7,"column":56}},"5":{"start":{"line":9,"column":0},"end":{"line":9,"column":50}},"6":{"start":{"line":11,"column":0},"end":{"line":11,"column":82}},"7":{"start":{"line":13,"column":0},"end":{"line":13,"column":23}}},"fnMap":{},"branchMap":{},"s":{"0":40,"1":40,"2":40,"3":40,"4":40,"5":40,"6":40,"7":40},"f":{},"b":{},"_coverageSchema":"1a1c01bbd47fc00a2c39e90264f33305004495a9","hash":"8fbeaa8e7354f65163a5fbcc58e8d1104f864edd"}
}
