{"C:\\Users\\Member\\HACKTIV8\\final-project\\artmart-server\\app.js": {"path":"C:\\Users\\Member\\HACKTIV8\\final-project\\artmart-server\\app.js","statementMap":{"0":{"start":{"line":1,"column":0},"end":{"line":3,"column":1}},"1":{"start":{"line":2,"column":4},"end":{"line":2,"column":30}},"2":{"start":{"line":5,"column":16},"end":{"line":5,"column":34}},"3":{"start":{"line":6,"column":15},"end":{"line":6,"column":47}},"4":{"start":{"line":7,"column":22},"end":{"line":7,"column":61}},"5":{"start":{"line":8,"column":11},"end":{"line":8,"column":26}},"6":{"start":{"line":9,"column":12},"end":{"line":9,"column":21}},"7":{"start":{"line":10,"column":13},"end":{"line":10,"column":37}},"8":{"start":{"line":12,"column":0},"end":{"line":12,"column":16}},"9":{"start":{"line":14,"column":0},"end":{"line":14,"column":48}},"10":{"start":{"line":16,"column":0},"end":{"line":16,"column":25}},"11":{"start":{"line":18,"column":0},"end":{"line":18,"column":21}},"12":{"start":{"line":20,"column":0},"end":{"line":20,"column":23}},"13":{"start":{"line":22,"column":0},"end":{"line":24,"column":2}},"14":{"start":{"line":23,"column":0},"end":{"line":23,"column":69}}},"fnMap":{"0":{"name":"(anonymous_0)","decl":{"start":{"line":22,"column":17},"end":{"line":22,"column":18}},"loc":{"start":{"line":22,"column":23},"end":{"line":24,"column":1}},"line":22}},"branchMap":{"0":{"loc":{"start":{"line":1,"column":0},"end":{"line":3,"column":1}},"type":"if","locations":[{"start":{"line":1,"column":0},"end":{"line":3,"column":1}},{"start":{"line":1,"column":0},"end":{"line":3,"column":1}}],"line":1},"1":{"loc":{"start":{"line":1,"column":4},"end":{"line":1,"column":77}},"type":"binary-expr","locations":[{"start":{"line":1,"column":4},"end":{"line":1,"column":42}},{"start":{"line":1,"column":46},"end":{"line":1,"column":77}}],"line":1},"2":{"loc":{"start":{"line":10,"column":13},"end":{"line":10,"column":37}},"type":"binary-expr","locations":[{"start":{"line":10,"column":13},"end":{"line":10,"column":29}},{"start":{"line":10,"column":33},"end":{"line":10,"column":37}}],"line":10}},"s":{"0":31,"1":31,"2":31,"3":31,"4":31,"5":31,"6":31,"7":31,"8":31,"9":31,"10":31,"11":31,"12":31,"13":31,"14":1},"f":{"0":1},"b":{"0":[31,0],"1":[31,31],"2":[31,0]},"_coverageSchema":"1a1c01bbd47fc00a2c39e90264f33305004495a9","hash":"f73ef5dbc8a8afe2c43a9d5da73d5e73426aca34"}
,"C:\\Users\\Member\\HACKTIV8\\final-project\\artmart-server\\config\\config.js": {"path":"C:\\Users\\Member\\HACKTIV8\\final-project\\artmart-server\\config\\config.js","statementMap":{"0":{"start":{"line":1,"column":12},"end":{"line":1,"column":49}},"1":{"start":{"line":2,"column":22},"end":{"line":2,"column":39}},"2":{"start":{"line":4,"column":0},"end":{"line":4,"column":73}},"3":{"start":{"line":4,"column":45},"end":{"line":4,"column":73}},"4":{"start":{"line":6,"column":17},"end":{"line":6,"column":61}},"5":{"start":{"line":7,"column":17},"end":{"line":7,"column":61}},"6":{"start":{"line":8,"column":17},"end":{"line":8,"column":57}},"7":{"start":{"line":9,"column":13},"end":{"line":9,"column":53}},"8":{"start":{"line":10,"column":16},"end":{"line":10,"column":59}},"9":{"start":{"line":12,"column":0},"end":{"line":30,"column":1}}},"fnMap":{},"branchMap":{"0":{"loc":{"start":{"line":1,"column":12},"end":{"line":1,"column":49}},"type":"binary-expr","locations":[{"start":{"line":1,"column":12},"end":{"line":1,"column":32}},{"start":{"line":1,"column":36},"end":{"line":1,"column":49}}],"line":1},"1":{"loc":{"start":{"line":4,"column":0},"end":{"line":4,"column":73}},"type":"if","locations":[{"start":{"line":4,"column":0},"end":{"line":4,"column":73}},{"start":{"line":4,"column":0},"end":{"line":4,"column":73}}],"line":4},"2":{"loc":{"start":{"line":4,"column":4},"end":{"line":4,"column":43}},"type":"binary-expr","locations":[{"start":{"line":4,"column":4},"end":{"line":4,"column":25}},{"start":{"line":4,"column":29},"end":{"line":4,"column":43}}],"line":4}},"s":{"0":31,"1":31,"2":31,"3":31,"4":31,"5":31,"6":31,"7":31,"8":31,"9":31},"f":{},"b":{"0":[31,0],"1":[31,0],"2":[31,31]},"_coverageSchema":"1a1c01bbd47fc00a2c39e90264f33305004495a9","hash":"367afc1f558d0f691c6b8e5c7c7bcba3115d83a9"}
,"C:\\Users\\Member\\HACKTIV8\\final-project\\artmart-server\\controllers\\ArtistController.js": {"path":"C:\\Users\\Member\\HACKTIV8\\final-project\\artmart-server\\controllers\\ArtistController.js","statementMap":{"0":{"start":{"line":1,"column":19},"end":{"line":1,"column":46}},"1":{"start":{"line":2,"column":27},"end":{"line":2,"column":56}},"2":{"start":{"line":3,"column":26},"end":{"line":3,"column":52}},"3":{"start":{"line":7,"column":4},"end":{"line":21,"column":5}},"4":{"start":{"line":8,"column":17},"end":{"line":12,"column":8}},"5":{"start":{"line":13,"column":6},"end":{"line":18,"column":7}},"6":{"start":{"line":14,"column":8},"end":{"line":14,"column":39}},"7":{"start":{"line":15,"column":8},"end":{"line":15,"column":34}},"8":{"start":{"line":17,"column":8},"end":{"line":17,"column":40}},"9":{"start":{"line":20,"column":6},"end":{"line":20,"column":15}},"10":{"start":{"line":25,"column":4},"end":{"line":40,"column":5}},"11":{"start":{"line":26,"column":112},"end":{"line":26,"column":120}},"12":{"start":{"line":27,"column":17},"end":{"line":36,"column":8}},"13":{"start":{"line":37,"column":6},"end":{"line":37,"column":34}},"14":{"start":{"line":39,"column":6},"end":{"line":39,"column":16}},"15":{"start":{"line":44,"column":4},"end":{"line":93,"column":5}},"16":{"start":{"line":45,"column":44},"end":{"line":45,"column":52}},"17":{"start":{"line":47,"column":6},"end":{"line":89,"column":7}},"18":{"start":{"line":48,"column":19},"end":{"line":52,"column":10}},"19":{"start":{"line":53,"column":8},"end":{"line":67,"column":9}},"20":{"start":{"line":54,"column":10},"end":{"line":54,"column":51}},"21":{"start":{"line":56,"column":24},"end":{"line":56,"column":63}},"22":{"start":{"line":57,"column":10},"end":{"line":66,"column":11}},"23":{"start":{"line":58,"column":12},"end":{"line":58,"column":53}},"24":{"start":{"line":60,"column":28},"end":{"line":63,"column":13}},"25":{"start":{"line":64,"column":33},"end":{"line":64,"column":56}},"26":{"start":{"line":65,"column":12},"end":{"line":65,"column":87}},"27":{"start":{"line":69,"column":19},"end":{"line":73,"column":10}},"28":{"start":{"line":74,"column":8},"end":{"line":88,"column":9}},"29":{"start":{"line":75,"column":10},"end":{"line":75,"column":51}},"30":{"start":{"line":77,"column":24},"end":{"line":77,"column":63}},"31":{"start":{"line":78,"column":10},"end":{"line":87,"column":11}},"32":{"start":{"line":79,"column":12},"end":{"line":79,"column":53}},"33":{"start":{"line":81,"column":28},"end":{"line":84,"column":13}},"34":{"start":{"line":85,"column":33},"end":{"line":85,"column":56}},"35":{"start":{"line":86,"column":12},"end":{"line":86,"column":87}},"36":{"start":{"line":92,"column":6},"end":{"line":92,"column":16}},"37":{"start":{"line":97,"column":4},"end":{"line":133,"column":5}},"38":{"start":{"line":98,"column":16},"end":{"line":104,"column":7}},"39":{"start":{"line":105,"column":6},"end":{"line":105,"column":44}},"40":{"start":{"line":105,"column":25},"end":{"line":105,"column":44}},"41":{"start":{"line":106,"column":6},"end":{"line":106,"column":38}},"42":{"start":{"line":106,"column":22},"end":{"line":106,"column":38}},"43":{"start":{"line":107,"column":6},"end":{"line":107,"column":46}},"44":{"start":{"line":107,"column":26},"end":{"line":107,"column":46}},"45":{"start":{"line":108,"column":6},"end":{"line":108,"column":44}},"46":{"start":{"line":108,"column":25},"end":{"line":108,"column":44}},"47":{"start":{"line":109,"column":6},"end":{"line":109,"column":56}},"48":{"start":{"line":109,"column":31},"end":{"line":109,"column":56}},"49":{"start":{"line":111,"column":6},"end":{"line":113,"column":7}},"50":{"start":{"line":112,"column":8},"end":{"line":112,"column":99}},"51":{"start":{"line":115,"column":17},"end":{"line":120,"column":8}},"52":{"start":{"line":121,"column":22},"end":{"line":121,"column":29}},"53":{"start":{"line":123,"column":6},"end":{"line":129,"column":7}},"54":{"start":{"line":124,"column":22},"end":{"line":124,"column":32}},"55":{"start":{"line":125,"column":8},"end":{"line":125,"column":42}},"56":{"start":{"line":126,"column":8},"end":{"line":126,"column":38}},"57":{"start":{"line":128,"column":8},"end":{"line":128,"column":40}},"58":{"start":{"line":132,"column":6},"end":{"line":132,"column":15}},"59":{"start":{"line":137,"column":0},"end":{"line":137,"column":33}}},"fnMap":{"0":{"name":"(anonymous_0)","decl":{"start":{"line":6,"column":2},"end":{"line":6,"column":3}},"loc":{"start":{"line":6,"column":40},"end":{"line":22,"column":3}},"line":6},"1":{"name":"(anonymous_1)","decl":{"start":{"line":24,"column":2},"end":{"line":24,"column":3}},"loc":{"start":{"line":24,"column":41},"end":{"line":41,"column":3}},"line":24},"2":{"name":"(anonymous_2)","decl":{"start":{"line":43,"column":2},"end":{"line":43,"column":3}},"loc":{"start":{"line":43,"column":38},"end":{"line":94,"column":3}},"line":43},"3":{"name":"(anonymous_3)","decl":{"start":{"line":96,"column":2},"end":{"line":96,"column":3}},"loc":{"start":{"line":96,"column":36},"end":{"line":134,"column":3}},"line":96}},"branchMap":{"0":{"loc":{"start":{"line":13,"column":6},"end":{"line":18,"column":7}},"type":"if","locations":[{"start":{"line":13,"column":6},"end":{"line":18,"column":7}},{"start":{"line":13,"column":6},"end":{"line":18,"column":7}}],"line":13},"1":{"loc":{"start":{"line":47,"column":6},"end":{"line":89,"column":7}},"type":"if","locations":[{"start":{"line":47,"column":6},"end":{"line":89,"column":7}},{"start":{"line":47,"column":6},"end":{"line":89,"column":7}}],"line":47},"2":{"loc":{"start":{"line":53,"column":8},"end":{"line":67,"column":9}},"type":"if","locations":[{"start":{"line":53,"column":8},"end":{"line":67,"column":9}},{"start":{"line":53,"column":8},"end":{"line":67,"column":9}}],"line":53},"3":{"loc":{"start":{"line":57,"column":10},"end":{"line":66,"column":11}},"type":"if","locations":[{"start":{"line":57,"column":10},"end":{"line":66,"column":11}},{"start":{"line":57,"column":10},"end":{"line":66,"column":11}}],"line":57},"4":{"loc":{"start":{"line":74,"column":8},"end":{"line":88,"column":9}},"type":"if","locations":[{"start":{"line":74,"column":8},"end":{"line":88,"column":9}},{"start":{"line":74,"column":8},"end":{"line":88,"column":9}}],"line":74},"5":{"loc":{"start":{"line":78,"column":10},"end":{"line":87,"column":11}},"type":"if","locations":[{"start":{"line":78,"column":10},"end":{"line":87,"column":11}},{"start":{"line":78,"column":10},"end":{"line":87,"column":11}}],"line":78},"6":{"loc":{"start":{"line":105,"column":6},"end":{"line":105,"column":44}},"type":"if","locations":[{"start":{"line":105,"column":6},"end":{"line":105,"column":44}},{"start":{"line":105,"column":6},"end":{"line":105,"column":44}}],"line":105},"7":{"loc":{"start":{"line":106,"column":6},"end":{"line":106,"column":38}},"type":"if","locations":[{"start":{"line":106,"column":6},"end":{"line":106,"column":38}},{"start":{"line":106,"column":6},"end":{"line":106,"column":38}}],"line":106},"8":{"loc":{"start":{"line":107,"column":6},"end":{"line":107,"column":46}},"type":"if","locations":[{"start":{"line":107,"column":6},"end":{"line":107,"column":46}},{"start":{"line":107,"column":6},"end":{"line":107,"column":46}}],"line":107},"9":{"loc":{"start":{"line":108,"column":6},"end":{"line":108,"column":44}},"type":"if","locations":[{"start":{"line":108,"column":6},"end":{"line":108,"column":44}},{"start":{"line":108,"column":6},"end":{"line":108,"column":44}}],"line":108},"10":{"loc":{"start":{"line":109,"column":6},"end":{"line":109,"column":56}},"type":"if","locations":[{"start":{"line":109,"column":6},"end":{"line":109,"column":56}},{"start":{"line":109,"column":6},"end":{"line":109,"column":56}}],"line":109},"11":{"loc":{"start":{"line":111,"column":6},"end":{"line":113,"column":7}},"type":"if","locations":[{"start":{"line":111,"column":6},"end":{"line":113,"column":7}},{"start":{"line":111,"column":6},"end":{"line":113,"column":7}}],"line":111},"12":{"loc":{"start":{"line":123,"column":6},"end":{"line":129,"column":7}},"type":"if","locations":[{"start":{"line":123,"column":6},"end":{"line":129,"column":7}},{"start":{"line":123,"column":6},"end":{"line":129,"column":7}}],"line":123}},"s":{"0":31,"1":31,"2":31,"3":0,"4":0,"5":0,"6":0,"7":0,"8":0,"9":0,"10":0,"11":0,"12":0,"13":0,"14":0,"15":0,"16":0,"17":0,"18":0,"19":0,"20":0,"21":0,"22":0,"23":0,"24":0,"25":0,"26":0,"27":0,"28":0,"29":0,"30":0,"31":0,"32":0,"33":0,"34":0,"35":0,"36":0,"37":0,"38":0,"39":0,"40":0,"41":0,"42":0,"43":0,"44":0,"45":0,"46":0,"47":0,"48":0,"49":0,"50":0,"51":0,"52":0,"53":0,"54":0,"55":0,"56":0,"57":0,"58":0,"59":31},"f":{"0":0,"1":0,"2":0,"3":0},"b":{"0":[0,0],"1":[0,0],"2":[0,0],"3":[0,0],"4":[0,0],"5":[0,0],"6":[0,0],"7":[0,0],"8":[0,0],"9":[0,0],"10":[0,0],"11":[0,0],"12":[0,0]},"_coverageSchema":"1a1c01bbd47fc00a2c39e90264f33305004495a9","hash":"c0da7568981e80a1997ebde2b12d637579418b7b"}
,"C:\\Users\\Member\\HACKTIV8\\final-project\\artmart-server\\controllers\\CommentController.js": {"path":"C:\\Users\\Member\\HACKTIV8\\final-project\\artmart-server\\controllers\\CommentController.js","statementMap":{"0":{"start":{"line":1,"column":26},"end":{"line":1,"column":53}},"1":{"start":{"line":5,"column":4},"end":{"line":18,"column":5}},"2":{"start":{"line":6,"column":17},"end":{"line":14,"column":8}},"3":{"start":{"line":15,"column":6},"end":{"line":15,"column":32}},"4":{"start":{"line":17,"column":6},"end":{"line":17,"column":15}},"5":{"start":{"line":22,"column":4},"end":{"line":38,"column":5}},"6":{"start":{"line":23,"column":16},"end":{"line":27,"column":7}},"7":{"start":{"line":29,"column":6},"end":{"line":34,"column":7}},"8":{"start":{"line":30,"column":8},"end":{"line":30,"column":99}},"9":{"start":{"line":32,"column":21},"end":{"line":32,"column":46}},"10":{"start":{"line":33,"column":8},"end":{"line":33,"column":34}},"11":{"start":{"line":37,"column":6},"end":{"line":37,"column":15}},"12":{"start":{"line":42,"column":4},"end":{"line":69,"column":5}},"13":{"start":{"line":43,"column":16},"end":{"line":45,"column":7}},"14":{"start":{"line":47,"column":6},"end":{"line":65,"column":7}},"15":{"start":{"line":48,"column":8},"end":{"line":48,"column":99}},"16":{"start":{"line":50,"column":21},"end":{"line":55,"column":10}},"17":{"start":{"line":56,"column":24},"end":{"line":56,"column":31}},"18":{"start":{"line":58,"column":8},"end":{"line":64,"column":9}},"19":{"start":{"line":59,"column":24},"end":{"line":59,"column":34}},"20":{"start":{"line":60,"column":10},"end":{"line":60,"column":44}},"21":{"start":{"line":61,"column":10},"end":{"line":61,"column":40}},"22":{"start":{"line":63,"column":10},"end":{"line":63,"column":42}},"23":{"start":{"line":68,"column":6},"end":{"line":68,"column":15}},"24":{"start":{"line":73,"column":4},"end":{"line":87,"column":5}},"25":{"start":{"line":74,"column":19},"end":{"line":78,"column":8}},"26":{"start":{"line":79,"column":6},"end":{"line":83,"column":7}},"27":{"start":{"line":80,"column":8},"end":{"line":80,"column":42}},"28":{"start":{"line":82,"column":8},"end":{"line":82,"column":60}},"29":{"start":{"line":86,"column":6},"end":{"line":86,"column":15}},"30":{"start":{"line":91,"column":0},"end":{"line":91,"column":34}}},"fnMap":{"0":{"name":"(anonymous_0)","decl":{"start":{"line":4,"column":2},"end":{"line":4,"column":3}},"loc":{"start":{"line":4,"column":39},"end":{"line":19,"column":3}},"line":4},"1":{"name":"(anonymous_1)","decl":{"start":{"line":21,"column":2},"end":{"line":21,"column":3}},"loc":{"start":{"line":21,"column":37},"end":{"line":39,"column":3}},"line":21},"2":{"name":"(anonymous_2)","decl":{"start":{"line":41,"column":2},"end":{"line":41,"column":3}},"loc":{"start":{"line":41,"column":38},"end":{"line":70,"column":3}},"line":41},"3":{"name":"(anonymous_3)","decl":{"start":{"line":72,"column":2},"end":{"line":72,"column":3}},"loc":{"start":{"line":72,"column":39},"end":{"line":88,"column":3}},"line":72}},"branchMap":{"0":{"loc":{"start":{"line":29,"column":6},"end":{"line":34,"column":7}},"type":"if","locations":[{"start":{"line":29,"column":6},"end":{"line":34,"column":7}},{"start":{"line":29,"column":6},"end":{"line":34,"column":7}}],"line":29},"1":{"loc":{"start":{"line":47,"column":6},"end":{"line":65,"column":7}},"type":"if","locations":[{"start":{"line":47,"column":6},"end":{"line":65,"column":7}},{"start":{"line":47,"column":6},"end":{"line":65,"column":7}}],"line":47},"2":{"loc":{"start":{"line":58,"column":8},"end":{"line":64,"column":9}},"type":"if","locations":[{"start":{"line":58,"column":8},"end":{"line":64,"column":9}},{"start":{"line":58,"column":8},"end":{"line":64,"column":9}}],"line":58},"3":{"loc":{"start":{"line":79,"column":6},"end":{"line":83,"column":7}},"type":"if","locations":[{"start":{"line":79,"column":6},"end":{"line":83,"column":7}},{"start":{"line":79,"column":6},"end":{"line":83,"column":7}}],"line":79}},"s":{"0":31,"1":0,"2":0,"3":0,"4":0,"5":0,"6":0,"7":0,"8":0,"9":0,"10":0,"11":0,"12":0,"13":0,"14":0,"15":0,"16":0,"17":0,"18":0,"19":0,"20":0,"21":0,"22":0,"23":0,"24":0,"25":0,"26":0,"27":0,"28":0,"29":0,"30":31},"f":{"0":0,"1":0,"2":0,"3":0},"b":{"0":[0,0],"1":[0,0],"2":[0,0],"3":[0,0]},"_coverageSchema":"1a1c01bbd47fc00a2c39e90264f33305004495a9","hash":"8a325da55fa49b1990bce00d943c910764d57294"}
,"C:\\Users\\Member\\HACKTIV8\\final-project\\artmart-server\\controllers\\OptionController.js": {"path":"C:\\Users\\Member\\HACKTIV8\\final-project\\artmart-server\\controllers\\OptionController.js","statementMap":{"0":{"start":{"line":1,"column":19},"end":{"line":1,"column":46}},"1":{"start":{"line":5,"column":4},"end":{"line":17,"column":5}},"2":{"start":{"line":6,"column":19},"end":{"line":13,"column":8}},"3":{"start":{"line":14,"column":6},"end":{"line":14,"column":32}},"4":{"start":{"line":16,"column":6},"end":{"line":16,"column":15}},"5":{"start":{"line":21,"column":4},"end":{"line":31,"column":5}},"6":{"start":{"line":22,"column":36},"end":{"line":22,"column":44}},"7":{"start":{"line":23,"column":19},"end":{"line":27,"column":8}},"8":{"start":{"line":28,"column":6},"end":{"line":28,"column":32}},"9":{"start":{"line":30,"column":6},"end":{"line":30,"column":15}},"10":{"start":{"line":35,"column":4},"end":{"line":64,"column":5}},"11":{"start":{"line":36,"column":36},"end":{"line":36,"column":44}},"12":{"start":{"line":37,"column":18},"end":{"line":40,"column":7}},"13":{"start":{"line":41,"column":6},"end":{"line":41,"column":38}},"14":{"start":{"line":41,"column":22},"end":{"line":41,"column":38}},"15":{"start":{"line":42,"column":6},"end":{"line":42,"column":48}},"16":{"start":{"line":42,"column":27},"end":{"line":42,"column":48}},"17":{"start":{"line":44,"column":6},"end":{"line":46,"column":7}},"18":{"start":{"line":45,"column":8},"end":{"line":45,"column":99}},"19":{"start":{"line":48,"column":19},"end":{"line":53,"column":8}},"20":{"start":{"line":54,"column":22},"end":{"line":54,"column":29}},"21":{"start":{"line":56,"column":6},"end":{"line":61,"column":7}},"22":{"start":{"line":57,"column":22},"end":{"line":57,"column":32}},"23":{"start":{"line":58,"column":8},"end":{"line":58,"column":38}},"24":{"start":{"line":60,"column":8},"end":{"line":60,"column":40}},"25":{"start":{"line":63,"column":6},"end":{"line":63,"column":15}},"26":{"start":{"line":68,"column":4},"end":{"line":72,"column":5}},"27":{"start":{"line":71,"column":6},"end":{"line":71,"column":15}},"28":{"start":{"line":76,"column":0},"end":{"line":76,"column":33}}},"fnMap":{"0":{"name":"(anonymous_0)","decl":{"start":{"line":4,"column":2},"end":{"line":4,"column":3}},"loc":{"start":{"line":4,"column":39},"end":{"line":18,"column":3}},"line":4},"1":{"name":"(anonymous_1)","decl":{"start":{"line":20,"column":2},"end":{"line":20,"column":3}},"loc":{"start":{"line":20,"column":37},"end":{"line":32,"column":3}},"line":20},"2":{"name":"(anonymous_2)","decl":{"start":{"line":34,"column":2},"end":{"line":34,"column":3}},"loc":{"start":{"line":34,"column":36},"end":{"line":65,"column":3}},"line":34},"3":{"name":"(anonymous_3)","decl":{"start":{"line":67,"column":2},"end":{"line":67,"column":3}},"loc":{"start":{"line":67,"column":39},"end":{"line":73,"column":3}},"line":67}},"branchMap":{"0":{"loc":{"start":{"line":41,"column":6},"end":{"line":41,"column":38}},"type":"if","locations":[{"start":{"line":41,"column":6},"end":{"line":41,"column":38}},{"start":{"line":41,"column":6},"end":{"line":41,"column":38}}],"line":41},"1":{"loc":{"start":{"line":42,"column":6},"end":{"line":42,"column":48}},"type":"if","locations":[{"start":{"line":42,"column":6},"end":{"line":42,"column":48}},{"start":{"line":42,"column":6},"end":{"line":42,"column":48}}],"line":42},"2":{"loc":{"start":{"line":44,"column":6},"end":{"line":46,"column":7}},"type":"if","locations":[{"start":{"line":44,"column":6},"end":{"line":46,"column":7}},{"start":{"line":44,"column":6},"end":{"line":46,"column":7}}],"line":44},"3":{"loc":{"start":{"line":56,"column":6},"end":{"line":61,"column":7}},"type":"if","locations":[{"start":{"line":56,"column":6},"end":{"line":61,"column":7}},{"start":{"line":56,"column":6},"end":{"line":61,"column":7}}],"line":56}},"s":{"0":31,"1":0,"2":0,"3":0,"4":0,"5":0,"6":0,"7":0,"8":0,"9":0,"10":0,"11":0,"12":0,"13":0,"14":0,"15":0,"16":0,"17":0,"18":0,"19":0,"20":0,"21":0,"22":0,"23":0,"24":0,"25":0,"26":0,"27":0,"28":31},"f":{"0":0,"1":0,"2":0,"3":0},"b":{"0":[0,0],"1":[0,0],"2":[0,0],"3":[0,0]},"_coverageSchema":"1a1c01bbd47fc00a2c39e90264f33305004495a9","hash":"e4f44c7a840caf33bf4f4b7497d54abd539ecee3"}
,"C:\\Users\\Member\\HACKTIV8\\final-project\\artmart-server\\controllers\\OrderController.js": {"path":"C:\\Users\\Member\\HACKTIV8\\final-project\\artmart-server\\controllers\\OrderController.js","statementMap":{"0":{"start":{"line":1,"column":32},"end":{"line":1,"column":58}},"1":{"start":{"line":5,"column":4},"end":{"line":15,"column":5}},"2":{"start":{"line":6,"column":19},"end":{"line":11,"column":8}},"3":{"start":{"line":12,"column":6},"end":{"line":12,"column":32}},"4":{"start":{"line":14,"column":6},"end":{"line":14,"column":15}},"5":{"start":{"line":19,"column":4},"end":{"line":29,"column":5}},"6":{"start":{"line":20,"column":19},"end":{"line":25,"column":8}},"7":{"start":{"line":26,"column":6},"end":{"line":26,"column":32}},"8":{"start":{"line":28,"column":6},"end":{"line":28,"column":15}},"9":{"start":{"line":33,"column":4},"end":{"line":77,"column":5}},"10":{"start":{"line":34,"column":110},"end":{"line":34,"column":118}},"11":{"start":{"line":35,"column":21},"end":{"line":35,"column":25}},"12":{"start":{"line":37,"column":26},"end":{"line":41,"column":8}},"13":{"start":{"line":42,"column":6},"end":{"line":42,"column":45}},"14":{"start":{"line":44,"column":29},"end":{"line":48,"column":8}},"15":{"start":{"line":50,"column":6},"end":{"line":56,"column":7}},"16":{"start":{"line":51,"column":8},"end":{"line":55,"column":10}},"17":{"start":{"line":52,"column":10},"end":{"line":54,"column":11}},"18":{"start":{"line":53,"column":12},"end":{"line":53,"column":64}},"19":{"start":{"line":58,"column":18},"end":{"line":71,"column":7}},"20":{"start":{"line":72,"column":19},"end":{"line":72,"column":42}},"21":{"start":{"line":73,"column":6},"end":{"line":73,"column":32}},"22":{"start":{"line":76,"column":6},"end":{"line":76,"column":15}},"23":{"start":{"line":81,"column":4},"end":{"line":104,"column":5}},"24":{"start":{"line":82,"column":18},"end":{"line":85,"column":7}},"25":{"start":{"line":87,"column":19},"end":{"line":92,"column":8}},"26":{"start":{"line":94,"column":22},"end":{"line":94,"column":29}},"27":{"start":{"line":96,"column":6},"end":{"line":101,"column":7}},"28":{"start":{"line":97,"column":22},"end":{"line":97,"column":32}},"29":{"start":{"line":98,"column":8},"end":{"line":98,"column":38}},"30":{"start":{"line":100,"column":8},"end":{"line":100,"column":40}},"31":{"start":{"line":103,"column":6},"end":{"line":103,"column":15}},"32":{"start":{"line":108,"column":4},"end":{"line":126,"column":5}},"33":{"start":{"line":109,"column":18},"end":{"line":109,"column":36}},"34":{"start":{"line":110,"column":19},"end":{"line":115,"column":8}},"35":{"start":{"line":116,"column":22},"end":{"line":116,"column":29}},"36":{"start":{"line":118,"column":6},"end":{"line":123,"column":7}},"37":{"start":{"line":119,"column":22},"end":{"line":119,"column":32}},"38":{"start":{"line":120,"column":8},"end":{"line":120,"column":38}},"39":{"start":{"line":122,"column":8},"end":{"line":122,"column":40}},"40":{"start":{"line":125,"column":6},"end":{"line":125,"column":15}},"41":{"start":{"line":131,"column":4},"end":{"line":153,"column":5}},"42":{"start":{"line":132,"column":18},"end":{"line":132,"column":61}},"43":{"start":{"line":133,"column":6},"end":{"line":150,"column":7}},"44":{"start":{"line":134,"column":8},"end":{"line":134,"column":103}},"45":{"start":{"line":136,"column":21},"end":{"line":141,"column":10}},"46":{"start":{"line":142,"column":24},"end":{"line":142,"column":31}},"47":{"start":{"line":144,"column":8},"end":{"line":149,"column":9}},"48":{"start":{"line":145,"column":24},"end":{"line":145,"column":34}},"49":{"start":{"line":146,"column":10},"end":{"line":146,"column":40}},"50":{"start":{"line":148,"column":10},"end":{"line":148,"column":42}},"51":{"start":{"line":152,"column":6},"end":{"line":152,"column":16}},"52":{"start":{"line":157,"column":4},"end":{"line":175,"column":5}},"53":{"start":{"line":158,"column":18},"end":{"line":158,"column":32}},"54":{"start":{"line":159,"column":19},"end":{"line":164,"column":8}},"55":{"start":{"line":165,"column":22},"end":{"line":165,"column":29}},"56":{"start":{"line":167,"column":6},"end":{"line":172,"column":7}},"57":{"start":{"line":168,"column":22},"end":{"line":168,"column":32}},"58":{"start":{"line":169,"column":8},"end":{"line":169,"column":38}},"59":{"start":{"line":171,"column":8},"end":{"line":171,"column":40}},"60":{"start":{"line":174,"column":6},"end":{"line":174,"column":15}},"61":{"start":{"line":179,"column":0},"end":{"line":179,"column":32}}},"fnMap":{"0":{"name":"(anonymous_0)","decl":{"start":{"line":4,"column":2},"end":{"line":4,"column":3}},"loc":{"start":{"line":4,"column":45},"end":{"line":16,"column":3}},"line":4},"1":{"name":"(anonymous_1)","decl":{"start":{"line":18,"column":2},"end":{"line":18,"column":3}},"loc":{"start":{"line":18,"column":47},"end":{"line":30,"column":3}},"line":18},"2":{"name":"(anonymous_2)","decl":{"start":{"line":32,"column":2},"end":{"line":32,"column":3}},"loc":{"start":{"line":32,"column":37},"end":{"line":78,"column":3}},"line":32},"3":{"name":"(anonymous_3)","decl":{"start":{"line":51,"column":31},"end":{"line":51,"column":32}},"loc":{"start":{"line":51,"column":36},"end":{"line":55,"column":9}},"line":51},"4":{"name":"(anonymous_4)","decl":{"start":{"line":80,"column":2},"end":{"line":80,"column":3}},"loc":{"start":{"line":80,"column":42},"end":{"line":105,"column":3}},"line":80},"5":{"name":"(anonymous_5)","decl":{"start":{"line":107,"column":2},"end":{"line":107,"column":3}},"loc":{"start":{"line":107,"column":44},"end":{"line":127,"column":3}},"line":107},"6":{"name":"(anonymous_6)","decl":{"start":{"line":130,"column":2},"end":{"line":130,"column":3}},"loc":{"start":{"line":130,"column":42},"end":{"line":154,"column":3}},"line":130},"7":{"name":"(anonymous_7)","decl":{"start":{"line":156,"column":2},"end":{"line":156,"column":3}},"loc":{"start":{"line":156,"column":42},"end":{"line":176,"column":3}},"line":156}},"branchMap":{"0":{"loc":{"start":{"line":50,"column":6},"end":{"line":56,"column":7}},"type":"if","locations":[{"start":{"line":50,"column":6},"end":{"line":56,"column":7}},{"start":{"line":50,"column":6},"end":{"line":56,"column":7}}],"line":50},"1":{"loc":{"start":{"line":52,"column":10},"end":{"line":54,"column":11}},"type":"if","locations":[{"start":{"line":52,"column":10},"end":{"line":54,"column":11}},{"start":{"line":52,"column":10},"end":{"line":54,"column":11}}],"line":52},"2":{"loc":{"start":{"line":96,"column":6},"end":{"line":101,"column":7}},"type":"if","locations":[{"start":{"line":96,"column":6},"end":{"line":101,"column":7}},{"start":{"line":96,"column":6},"end":{"line":101,"column":7}}],"line":96},"3":{"loc":{"start":{"line":118,"column":6},"end":{"line":123,"column":7}},"type":"if","locations":[{"start":{"line":118,"column":6},"end":{"line":123,"column":7}},{"start":{"line":118,"column":6},"end":{"line":123,"column":7}}],"line":118},"4":{"loc":{"start":{"line":133,"column":6},"end":{"line":150,"column":7}},"type":"if","locations":[{"start":{"line":133,"column":6},"end":{"line":150,"column":7}},{"start":{"line":133,"column":6},"end":{"line":150,"column":7}}],"line":133},"5":{"loc":{"start":{"line":144,"column":8},"end":{"line":149,"column":9}},"type":"if","locations":[{"start":{"line":144,"column":8},"end":{"line":149,"column":9}},{"start":{"line":144,"column":8},"end":{"line":149,"column":9}}],"line":144},"6":{"loc":{"start":{"line":167,"column":6},"end":{"line":172,"column":7}},"type":"if","locations":[{"start":{"line":167,"column":6},"end":{"line":172,"column":7}},{"start":{"line":167,"column":6},"end":{"line":172,"column":7}}],"line":167}},"s":{"0":31,"1":0,"2":0,"3":0,"4":0,"5":0,"6":0,"7":0,"8":0,"9":0,"10":0,"11":0,"12":0,"13":0,"14":0,"15":0,"16":0,"17":0,"18":0,"19":0,"20":0,"21":0,"22":0,"23":0,"24":0,"25":0,"26":0,"27":0,"28":0,"29":0,"30":0,"31":0,"32":0,"33":0,"34":0,"35":0,"36":0,"37":0,"38":0,"39":0,"40":0,"41":0,"42":0,"43":0,"44":0,"45":0,"46":0,"47":0,"48":0,"49":0,"50":0,"51":0,"52":0,"53":0,"54":0,"55":0,"56":0,"57":0,"58":0,"59":0,"60":0,"61":31},"f":{"0":0,"1":0,"2":0,"3":0,"4":0,"5":0,"6":0,"7":0},"b":{"0":[0,0],"1":[0,0],"2":[0,0],"3":[0,0],"4":[0,0],"5":[0,0],"6":[0,0]},"_coverageSchema":"1a1c01bbd47fc00a2c39e90264f33305004495a9","hash":"155ba225c780cccfeb53d4606b42322b1f093dbb"}
,"C:\\Users\\Member\\HACKTIV8\\final-project\\artmart-server\\controllers\\PictureController.js": {"path":"C:\\Users\\Member\\HACKTIV8\\final-project\\artmart-server\\controllers\\PictureController.js","statementMap":{"0":{"start":{"line":1,"column":34},"end":{"line":1,"column":61}},"1":{"start":{"line":5,"column":4},"end":{"line":10,"column":5}},"2":{"start":{"line":6,"column":19},"end":{"line":6,"column":42}},"3":{"start":{"line":7,"column":6},"end":{"line":7,"column":32}},"4":{"start":{"line":9,"column":6},"end":{"line":9,"column":15}},"5":{"start":{"line":14,"column":4},"end":{"line":27,"column":5}},"6":{"start":{"line":15,"column":19},"end":{"line":23,"column":8}},"7":{"start":{"line":24,"column":6},"end":{"line":24,"column":32}},"8":{"start":{"line":26,"column":6},"end":{"line":26,"column":15}},"9":{"start":{"line":31,"column":4},"end":{"line":44,"column":5}},"10":{"start":{"line":32,"column":19},"end":{"line":40,"column":8}},"11":{"start":{"line":41,"column":6},"end":{"line":41,"column":32}},"12":{"start":{"line":43,"column":6},"end":{"line":43,"column":15}},"13":{"start":{"line":48,"column":4},"end":{"line":66,"column":5}},"14":{"start":{"line":49,"column":19},"end":{"line":57,"column":8}},"15":{"start":{"line":59,"column":6},"end":{"line":63,"column":7}},"16":{"start":{"line":60,"column":8},"end":{"line":60,"column":40}},"17":{"start":{"line":62,"column":8},"end":{"line":62,"column":34}},"18":{"start":{"line":65,"column":6},"end":{"line":65,"column":15}},"19":{"start":{"line":71,"column":4},"end":{"line":89,"column":5}},"20":{"start":{"line":72,"column":19},"end":{"line":80,"column":8}},"21":{"start":{"line":82,"column":6},"end":{"line":86,"column":7}},"22":{"start":{"line":83,"column":8},"end":{"line":83,"column":40}},"23":{"start":{"line":85,"column":8},"end":{"line":85,"column":34}},"24":{"start":{"line":88,"column":6},"end":{"line":88,"column":15}},"25":{"start":{"line":93,"column":4},"end":{"line":111,"column":5}},"26":{"start":{"line":94,"column":75},"end":{"line":94,"column":83}},"27":{"start":{"line":95,"column":6},"end":{"line":95,"column":32}},"28":{"start":{"line":95,"column":19},"end":{"line":95,"column":32}},"29":{"start":{"line":96,"column":18},"end":{"line":105,"column":7}},"30":{"start":{"line":107,"column":19},"end":{"line":107,"column":44}},"31":{"start":{"line":108,"column":6},"end":{"line":108,"column":32}},"32":{"start":{"line":110,"column":6},"end":{"line":110,"column":15}},"33":{"start":{"line":115,"column":4},"end":{"line":152,"column":5}},"34":{"start":{"line":116,"column":16},"end":{"line":123,"column":7}},"35":{"start":{"line":124,"column":6},"end":{"line":124,"column":36}},"36":{"start":{"line":124,"column":21},"end":{"line":124,"column":36}},"37":{"start":{"line":125,"column":6},"end":{"line":125,"column":50}},"38":{"start":{"line":125,"column":28},"end":{"line":125,"column":50}},"39":{"start":{"line":126,"column":6},"end":{"line":126,"column":38}},"40":{"start":{"line":126,"column":22},"end":{"line":126,"column":38}},"41":{"start":{"line":127,"column":6},"end":{"line":127,"column":36}},"42":{"start":{"line":127,"column":21},"end":{"line":127,"column":36}},"43":{"start":{"line":128,"column":6},"end":{"line":128,"column":40}},"44":{"start":{"line":128,"column":23},"end":{"line":128,"column":40}},"45":{"start":{"line":129,"column":6},"end":{"line":129,"column":48}},"46":{"start":{"line":129,"column":27},"end":{"line":129,"column":48}},"47":{"start":{"line":131,"column":6},"end":{"line":133,"column":7}},"48":{"start":{"line":132,"column":8},"end":{"line":132,"column":99}},"49":{"start":{"line":135,"column":17},"end":{"line":140,"column":8}},"50":{"start":{"line":141,"column":22},"end":{"line":141,"column":29}},"51":{"start":{"line":143,"column":6},"end":{"line":148,"column":7}},"52":{"start":{"line":144,"column":22},"end":{"line":144,"column":32}},"53":{"start":{"line":145,"column":8},"end":{"line":145,"column":38}},"54":{"start":{"line":147,"column":8},"end":{"line":147,"column":40}},"55":{"start":{"line":151,"column":6},"end":{"line":151,"column":15}},"56":{"start":{"line":156,"column":4},"end":{"line":169,"column":5}},"57":{"start":{"line":157,"column":19},"end":{"line":161,"column":8}},"58":{"start":{"line":162,"column":6},"end":{"line":166,"column":7}},"59":{"start":{"line":163,"column":8},"end":{"line":163,"column":41}},"60":{"start":{"line":165,"column":8},"end":{"line":165,"column":62}},"61":{"start":{"line":168,"column":6},"end":{"line":168,"column":15}},"62":{"start":{"line":173,"column":0},"end":{"line":173,"column":34}}},"fnMap":{"0":{"name":"(anonymous_0)","decl":{"start":{"line":4,"column":2},"end":{"line":4,"column":3}},"loc":{"start":{"line":4,"column":39},"end":{"line":11,"column":3}},"line":4},"1":{"name":"(anonymous_1)","decl":{"start":{"line":13,"column":2},"end":{"line":13,"column":3}},"loc":{"start":{"line":13,"column":45},"end":{"line":28,"column":3}},"line":13},"2":{"name":"(anonymous_2)","decl":{"start":{"line":30,"column":2},"end":{"line":30,"column":3}},"loc":{"start":{"line":30,"column":47},"end":{"line":45,"column":3}},"line":30},"3":{"name":"(anonymous_3)","decl":{"start":{"line":47,"column":2},"end":{"line":47,"column":3}},"loc":{"start":{"line":47,"column":45},"end":{"line":67,"column":3}},"line":47},"4":{"name":"(anonymous_4)","decl":{"start":{"line":70,"column":2},"end":{"line":70,"column":3}},"loc":{"start":{"line":70,"column":47},"end":{"line":90,"column":3}},"line":70},"5":{"name":"(anonymous_5)","decl":{"start":{"line":92,"column":2},"end":{"line":92,"column":3}},"loc":{"start":{"line":92,"column":37},"end":{"line":112,"column":3}},"line":92},"6":{"name":"(anonymous_6)","decl":{"start":{"line":114,"column":2},"end":{"line":114,"column":3}},"loc":{"start":{"line":114,"column":36},"end":{"line":153,"column":3}},"line":114},"7":{"name":"(anonymous_7)","decl":{"start":{"line":155,"column":2},"end":{"line":155,"column":3}},"loc":{"start":{"line":155,"column":39},"end":{"line":170,"column":3}},"line":155}},"branchMap":{"0":{"loc":{"start":{"line":59,"column":6},"end":{"line":63,"column":7}},"type":"if","locations":[{"start":{"line":59,"column":6},"end":{"line":63,"column":7}},{"start":{"line":59,"column":6},"end":{"line":63,"column":7}}],"line":59},"1":{"loc":{"start":{"line":82,"column":6},"end":{"line":86,"column":7}},"type":"if","locations":[{"start":{"line":82,"column":6},"end":{"line":86,"column":7}},{"start":{"line":82,"column":6},"end":{"line":86,"column":7}}],"line":82},"2":{"loc":{"start":{"line":95,"column":6},"end":{"line":95,"column":32}},"type":"if","locations":[{"start":{"line":95,"column":6},"end":{"line":95,"column":32}},{"start":{"line":95,"column":6},"end":{"line":95,"column":32}}],"line":95},"3":{"loc":{"start":{"line":124,"column":6},"end":{"line":124,"column":36}},"type":"if","locations":[{"start":{"line":124,"column":6},"end":{"line":124,"column":36}},{"start":{"line":124,"column":6},"end":{"line":124,"column":36}}],"line":124},"4":{"loc":{"start":{"line":125,"column":6},"end":{"line":125,"column":50}},"type":"if","locations":[{"start":{"line":125,"column":6},"end":{"line":125,"column":50}},{"start":{"line":125,"column":6},"end":{"line":125,"column":50}}],"line":125},"5":{"loc":{"start":{"line":126,"column":6},"end":{"line":126,"column":38}},"type":"if","locations":[{"start":{"line":126,"column":6},"end":{"line":126,"column":38}},{"start":{"line":126,"column":6},"end":{"line":126,"column":38}}],"line":126},"6":{"loc":{"start":{"line":127,"column":6},"end":{"line":127,"column":36}},"type":"if","locations":[{"start":{"line":127,"column":6},"end":{"line":127,"column":36}},{"start":{"line":127,"column":6},"end":{"line":127,"column":36}}],"line":127},"7":{"loc":{"start":{"line":128,"column":6},"end":{"line":128,"column":40}},"type":"if","locations":[{"start":{"line":128,"column":6},"end":{"line":128,"column":40}},{"start":{"line":128,"column":6},"end":{"line":128,"column":40}}],"line":128},"8":{"loc":{"start":{"line":129,"column":6},"end":{"line":129,"column":48}},"type":"if","locations":[{"start":{"line":129,"column":6},"end":{"line":129,"column":48}},{"start":{"line":129,"column":6},"end":{"line":129,"column":48}}],"line":129},"9":{"loc":{"start":{"line":131,"column":6},"end":{"line":133,"column":7}},"type":"if","locations":[{"start":{"line":131,"column":6},"end":{"line":133,"column":7}},{"start":{"line":131,"column":6},"end":{"line":133,"column":7}}],"line":131},"10":{"loc":{"start":{"line":143,"column":6},"end":{"line":148,"column":7}},"type":"if","locations":[{"start":{"line":143,"column":6},"end":{"line":148,"column":7}},{"start":{"line":143,"column":6},"end":{"line":148,"column":7}}],"line":143},"11":{"loc":{"start":{"line":162,"column":6},"end":{"line":166,"column":7}},"type":"if","locations":[{"start":{"line":162,"column":6},"end":{"line":166,"column":7}},{"start":{"line":162,"column":6},"end":{"line":166,"column":7}}],"line":162}},"s":{"0":31,"1":0,"2":0,"3":0,"4":0,"5":0,"6":0,"7":0,"8":0,"9":0,"10":0,"11":0,"12":0,"13":0,"14":0,"15":0,"16":0,"17":0,"18":0,"19":0,"20":0,"21":0,"22":0,"23":0,"24":0,"25":0,"26":0,"27":0,"28":0,"29":0,"30":0,"31":0,"32":0,"33":0,"34":0,"35":0,"36":0,"37":0,"38":0,"39":0,"40":0,"41":0,"42":0,"43":0,"44":0,"45":0,"46":0,"47":0,"48":0,"49":0,"50":0,"51":0,"52":0,"53":0,"54":0,"55":0,"56":0,"57":0,"58":0,"59":0,"60":0,"61":0,"62":31},"f":{"0":0,"1":0,"2":0,"3":0,"4":0,"5":0,"6":0,"7":0},"b":{"0":[0,0],"1":[0,0],"2":[0,0],"3":[0,0],"4":[0,0],"5":[0,0],"6":[0,0],"7":[0,0],"8":[0,0],"9":[0,0],"10":[0,0],"11":[0,0]},"_coverageSchema":"1a1c01bbd47fc00a2c39e90264f33305004495a9","hash":"e110c2eb2da795030964ebd1af2afbcd581e06a3"}
,"C:\\Users\\Member\\HACKTIV8\\final-project\\artmart-server\\controllers\\RatingController.js": {"path":"C:\\Users\\Member\\HACKTIV8\\final-project\\artmart-server\\controllers\\RatingController.js","statementMap":{"0":{"start":{"line":1,"column":26},"end":{"line":1,"column":53}},"1":{"start":{"line":5,"column":4},"end":{"line":14,"column":5}},"2":{"start":{"line":6,"column":19},"end":{"line":10,"column":8}},"3":{"start":{"line":11,"column":6},"end":{"line":11,"column":32}},"4":{"start":{"line":13,"column":6},"end":{"line":13,"column":15}},"5":{"start":{"line":18,"column":4},"end":{"line":27,"column":5}},"6":{"start":{"line":19,"column":19},"end":{"line":23,"column":8}},"7":{"start":{"line":24,"column":6},"end":{"line":24,"column":32}},"8":{"start":{"line":26,"column":6},"end":{"line":26,"column":15}},"9":{"start":{"line":31,"column":4},"end":{"line":52,"column":5}},"10":{"start":{"line":32,"column":18},"end":{"line":36,"column":7}},"11":{"start":{"line":38,"column":19},"end":{"line":38,"column":43}},"12":{"start":{"line":40,"column":24},"end":{"line":42,"column":7}},"13":{"start":{"line":44,"column":31},"end":{"line":48,"column":8}},"14":{"start":{"line":49,"column":6},"end":{"line":49,"column":32}},"15":{"start":{"line":51,"column":6},"end":{"line":51,"column":15}},"16":{"start":{"line":56,"column":4},"end":{"line":83,"column":5}},"17":{"start":{"line":57,"column":18},"end":{"line":59,"column":7}},"18":{"start":{"line":60,"column":6},"end":{"line":60,"column":38}},"19":{"start":{"line":60,"column":22},"end":{"line":60,"column":38}},"20":{"start":{"line":62,"column":6},"end":{"line":64,"column":7}},"21":{"start":{"line":63,"column":8},"end":{"line":63,"column":99}},"22":{"start":{"line":66,"column":17},"end":{"line":71,"column":8}},"23":{"start":{"line":72,"column":22},"end":{"line":72,"column":29}},"24":{"start":{"line":74,"column":6},"end":{"line":80,"column":7}},"25":{"start":{"line":75,"column":22},"end":{"line":75,"column":32}},"26":{"start":{"line":77,"column":8},"end":{"line":77,"column":38}},"27":{"start":{"line":79,"column":8},"end":{"line":79,"column":40}},"28":{"start":{"line":82,"column":6},"end":{"line":82,"column":15}},"29":{"start":{"line":87,"column":4},"end":{"line":96,"column":5}},"30":{"start":{"line":88,"column":19},"end":{"line":92,"column":8}},"31":{"start":{"line":93,"column":6},"end":{"line":93,"column":58}},"32":{"start":{"line":95,"column":6},"end":{"line":95,"column":15}},"33":{"start":{"line":100,"column":0},"end":{"line":100,"column":33}}},"fnMap":{"0":{"name":"(anonymous_0)","decl":{"start":{"line":4,"column":2},"end":{"line":4,"column":3}},"loc":{"start":{"line":4,"column":47},"end":{"line":15,"column":3}},"line":4},"1":{"name":"(anonymous_1)","decl":{"start":{"line":17,"column":2},"end":{"line":17,"column":3}},"loc":{"start":{"line":17,"column":45},"end":{"line":28,"column":3}},"line":17},"2":{"name":"(anonymous_2)","decl":{"start":{"line":30,"column":2},"end":{"line":30,"column":3}},"loc":{"start":{"line":30,"column":37},"end":{"line":53,"column":3}},"line":30},"3":{"name":"(anonymous_3)","decl":{"start":{"line":55,"column":2},"end":{"line":55,"column":3}},"loc":{"start":{"line":55,"column":36},"end":{"line":84,"column":3}},"line":55},"4":{"name":"(anonymous_4)","decl":{"start":{"line":86,"column":2},"end":{"line":86,"column":3}},"loc":{"start":{"line":86,"column":39},"end":{"line":97,"column":3}},"line":86}},"branchMap":{"0":{"loc":{"start":{"line":60,"column":6},"end":{"line":60,"column":38}},"type":"if","locations":[{"start":{"line":60,"column":6},"end":{"line":60,"column":38}},{"start":{"line":60,"column":6},"end":{"line":60,"column":38}}],"line":60},"1":{"loc":{"start":{"line":62,"column":6},"end":{"line":64,"column":7}},"type":"if","locations":[{"start":{"line":62,"column":6},"end":{"line":64,"column":7}},{"start":{"line":62,"column":6},"end":{"line":64,"column":7}}],"line":62},"2":{"loc":{"start":{"line":74,"column":6},"end":{"line":80,"column":7}},"type":"if","locations":[{"start":{"line":74,"column":6},"end":{"line":80,"column":7}},{"start":{"line":74,"column":6},"end":{"line":80,"column":7}}],"line":74}},"s":{"0":31,"1":0,"2":0,"3":0,"4":0,"5":0,"6":0,"7":0,"8":0,"9":0,"10":0,"11":0,"12":0,"13":0,"14":0,"15":0,"16":0,"17":0,"18":0,"19":0,"20":0,"21":0,"22":0,"23":0,"24":0,"25":0,"26":0,"27":0,"28":0,"29":0,"30":0,"31":0,"32":0,"33":31},"f":{"0":0,"1":0,"2":0,"3":0,"4":0},"b":{"0":[0,0],"1":[0,0],"2":[0,0]},"_coverageSchema":"1a1c01bbd47fc00a2c39e90264f33305004495a9","hash":"6ff3c65adc52d43b938ac621e483a49f4225f2ca"}
,"C:\\Users\\Member\\HACKTIV8\\final-project\\artmart-server\\controllers\\ReviewController.js": {"path":"C:\\Users\\Member\\HACKTIV8\\final-project\\artmart-server\\controllers\\ReviewController.js","statementMap":{"0":{"start":{"line":1,"column":26},"end":{"line":1,"column":53}},"1":{"start":{"line":5,"column":4},"end":{"line":14,"column":5}},"2":{"start":{"line":6,"column":19},"end":{"line":10,"column":8}},"3":{"start":{"line":11,"column":6},"end":{"line":11,"column":32}},"4":{"start":{"line":13,"column":6},"end":{"line":13,"column":15}},"5":{"start":{"line":18,"column":4},"end":{"line":27,"column":5}},"6":{"start":{"line":19,"column":19},"end":{"line":23,"column":8}},"7":{"start":{"line":24,"column":6},"end":{"line":24,"column":32}},"8":{"start":{"line":26,"column":6},"end":{"line":26,"column":15}},"9":{"start":{"line":31,"column":4},"end":{"line":54,"column":5}},"10":{"start":{"line":32,"column":37},"end":{"line":32,"column":45}},"11":{"start":{"line":33,"column":18},"end":{"line":38,"column":7}},"12":{"start":{"line":40,"column":19},"end":{"line":40,"column":43}},"13":{"start":{"line":42,"column":24},"end":{"line":44,"column":7}},"14":{"start":{"line":46,"column":31},"end":{"line":50,"column":8}},"15":{"start":{"line":51,"column":6},"end":{"line":51,"column":32}},"16":{"start":{"line":53,"column":6},"end":{"line":53,"column":15}},"17":{"start":{"line":58,"column":4},"end":{"line":89,"column":5}},"18":{"start":{"line":59,"column":37},"end":{"line":59,"column":45}},"19":{"start":{"line":60,"column":18},"end":{"line":63,"column":7}},"20":{"start":{"line":64,"column":6},"end":{"line":64,"column":38}},"21":{"start":{"line":64,"column":22},"end":{"line":64,"column":38}},"22":{"start":{"line":65,"column":6},"end":{"line":65,"column":50}},"23":{"start":{"line":65,"column":28},"end":{"line":65,"column":50}},"24":{"start":{"line":67,"column":6},"end":{"line":69,"column":7}},"25":{"start":{"line":68,"column":8},"end":{"line":68,"column":99}},"26":{"start":{"line":72,"column":17},"end":{"line":77,"column":8}},"27":{"start":{"line":78,"column":22},"end":{"line":78,"column":29}},"28":{"start":{"line":80,"column":6},"end":{"line":86,"column":7}},"29":{"start":{"line":81,"column":22},"end":{"line":81,"column":32}},"30":{"start":{"line":83,"column":8},"end":{"line":83,"column":38}},"31":{"start":{"line":85,"column":8},"end":{"line":85,"column":40}},"32":{"start":{"line":88,"column":6},"end":{"line":88,"column":15}},"33":{"start":{"line":93,"column":4},"end":{"line":102,"column":5}},"34":{"start":{"line":94,"column":19},"end":{"line":98,"column":8}},"35":{"start":{"line":99,"column":6},"end":{"line":99,"column":58}},"36":{"start":{"line":101,"column":6},"end":{"line":101,"column":15}},"37":{"start":{"line":106,"column":0},"end":{"line":106,"column":33}}},"fnMap":{"0":{"name":"(anonymous_0)","decl":{"start":{"line":4,"column":2},"end":{"line":4,"column":3}},"loc":{"start":{"line":4,"column":47},"end":{"line":15,"column":3}},"line":4},"1":{"name":"(anonymous_1)","decl":{"start":{"line":17,"column":2},"end":{"line":17,"column":3}},"loc":{"start":{"line":17,"column":45},"end":{"line":28,"column":3}},"line":17},"2":{"name":"(anonymous_2)","decl":{"start":{"line":30,"column":2},"end":{"line":30,"column":3}},"loc":{"start":{"line":30,"column":37},"end":{"line":55,"column":3}},"line":30},"3":{"name":"(anonymous_3)","decl":{"start":{"line":57,"column":2},"end":{"line":57,"column":3}},"loc":{"start":{"line":57,"column":36},"end":{"line":90,"column":3}},"line":57},"4":{"name":"(anonymous_4)","decl":{"start":{"line":92,"column":2},"end":{"line":92,"column":3}},"loc":{"start":{"line":92,"column":39},"end":{"line":103,"column":3}},"line":92}},"branchMap":{"0":{"loc":{"start":{"line":64,"column":6},"end":{"line":64,"column":38}},"type":"if","locations":[{"start":{"line":64,"column":6},"end":{"line":64,"column":38}},{"start":{"line":64,"column":6},"end":{"line":64,"column":38}}],"line":64},"1":{"loc":{"start":{"line":65,"column":6},"end":{"line":65,"column":50}},"type":"if","locations":[{"start":{"line":65,"column":6},"end":{"line":65,"column":50}},{"start":{"line":65,"column":6},"end":{"line":65,"column":50}}],"line":65},"2":{"loc":{"start":{"line":67,"column":6},"end":{"line":69,"column":7}},"type":"if","locations":[{"start":{"line":67,"column":6},"end":{"line":69,"column":7}},{"start":{"line":67,"column":6},"end":{"line":69,"column":7}}],"line":67},"3":{"loc":{"start":{"line":80,"column":6},"end":{"line":86,"column":7}},"type":"if","locations":[{"start":{"line":80,"column":6},"end":{"line":86,"column":7}},{"start":{"line":80,"column":6},"end":{"line":86,"column":7}}],"line":80}},"s":{"0":31,"1":0,"2":0,"3":0,"4":0,"5":0,"6":0,"7":0,"8":0,"9":0,"10":0,"11":0,"12":0,"13":0,"14":0,"15":0,"16":0,"17":0,"18":0,"19":0,"20":0,"21":0,"22":0,"23":0,"24":0,"25":0,"26":0,"27":0,"28":0,"29":0,"30":0,"31":0,"32":0,"33":0,"34":0,"35":0,"36":0,"37":31},"f":{"0":0,"1":0,"2":0,"3":0,"4":0},"b":{"0":[0,0],"1":[0,0],"2":[0,0],"3":[0,0]},"_coverageSchema":"1a1c01bbd47fc00a2c39e90264f33305004495a9","hash":"4e133372e05378c5351f2a1076ae030f7fee8d68"}
,"C:\\Users\\Member\\HACKTIV8\\final-project\\artmart-server\\controllers\\UserController.js": {"path":"C:\\Users\\Member\\HACKTIV8\\final-project\\artmart-server\\controllers\\UserController.js","statementMap":{"0":{"start":{"line":1,"column":17},"end":{"line":1,"column":44}},"1":{"start":{"line":2,"column":27},"end":{"line":2,"column":56}},"2":{"start":{"line":3,"column":26},"end":{"line":3,"column":52}},"3":{"start":{"line":7,"column":4},"end":{"line":21,"column":5}},"4":{"start":{"line":8,"column":17},"end":{"line":12,"column":8}},"5":{"start":{"line":13,"column":6},"end":{"line":18,"column":7}},"6":{"start":{"line":14,"column":8},"end":{"line":14,"column":39}},"7":{"start":{"line":15,"column":8},"end":{"line":15,"column":34}},"8":{"start":{"line":17,"column":8},"end":{"line":17,"column":40}},"9":{"start":{"line":20,"column":6},"end":{"line":20,"column":15}},"10":{"start":{"line":25,"column":4},"end":{"line":38,"column":5}},"11":{"start":{"line":26,"column":81},"end":{"line":26,"column":89}},"12":{"start":{"line":27,"column":17},"end":{"line":34,"column":8}},"13":{"start":{"line":35,"column":6},"end":{"line":35,"column":34}},"14":{"start":{"line":37,"column":6},"end":{"line":37,"column":16}},"15":{"start":{"line":42,"column":4},"end":{"line":91,"column":5}},"16":{"start":{"line":43,"column":44},"end":{"line":43,"column":52}},"17":{"start":{"line":45,"column":6},"end":{"line":87,"column":7}},"18":{"start":{"line":46,"column":19},"end":{"line":50,"column":10}},"19":{"start":{"line":51,"column":8},"end":{"line":65,"column":9}},"20":{"start":{"line":52,"column":10},"end":{"line":52,"column":51}},"21":{"start":{"line":54,"column":24},"end":{"line":54,"column":63}},"22":{"start":{"line":55,"column":10},"end":{"line":64,"column":11}},"23":{"start":{"line":56,"column":12},"end":{"line":56,"column":53}},"24":{"start":{"line":58,"column":28},"end":{"line":61,"column":13}},"25":{"start":{"line":62,"column":33},"end":{"line":62,"column":56}},"26":{"start":{"line":63,"column":12},"end":{"line":63,"column":104}},"27":{"start":{"line":67,"column":19},"end":{"line":71,"column":10}},"28":{"start":{"line":72,"column":8},"end":{"line":86,"column":9}},"29":{"start":{"line":73,"column":10},"end":{"line":73,"column":51}},"30":{"start":{"line":75,"column":24},"end":{"line":75,"column":63}},"31":{"start":{"line":76,"column":10},"end":{"line":85,"column":11}},"32":{"start":{"line":77,"column":12},"end":{"line":77,"column":53}},"33":{"start":{"line":79,"column":28},"end":{"line":82,"column":13}},"34":{"start":{"line":83,"column":33},"end":{"line":83,"column":56}},"35":{"start":{"line":84,"column":12},"end":{"line":84,"column":104}},"36":{"start":{"line":90,"column":6},"end":{"line":90,"column":16}},"37":{"start":{"line":95,"column":4},"end":{"line":131,"column":5}},"38":{"start":{"line":96,"column":16},"end":{"line":102,"column":7}},"39":{"start":{"line":103,"column":6},"end":{"line":103,"column":44}},"40":{"start":{"line":103,"column":25},"end":{"line":103,"column":44}},"41":{"start":{"line":104,"column":6},"end":{"line":104,"column":38}},"42":{"start":{"line":104,"column":22},"end":{"line":104,"column":38}},"43":{"start":{"line":105,"column":6},"end":{"line":105,"column":46}},"44":{"start":{"line":105,"column":26},"end":{"line":105,"column":46}},"45":{"start":{"line":106,"column":6},"end":{"line":106,"column":44}},"46":{"start":{"line":106,"column":25},"end":{"line":106,"column":44}},"47":{"start":{"line":107,"column":6},"end":{"line":107,"column":56}},"48":{"start":{"line":107,"column":31},"end":{"line":107,"column":56}},"49":{"start":{"line":109,"column":6},"end":{"line":111,"column":7}},"50":{"start":{"line":110,"column":8},"end":{"line":110,"column":99}},"51":{"start":{"line":113,"column":17},"end":{"line":118,"column":8}},"52":{"start":{"line":119,"column":22},"end":{"line":119,"column":29}},"53":{"start":{"line":121,"column":6},"end":{"line":127,"column":7}},"54":{"start":{"line":122,"column":22},"end":{"line":122,"column":32}},"55":{"start":{"line":123,"column":8},"end":{"line":123,"column":42}},"56":{"start":{"line":124,"column":8},"end":{"line":124,"column":38}},"57":{"start":{"line":126,"column":8},"end":{"line":126,"column":40}},"58":{"start":{"line":130,"column":6},"end":{"line":130,"column":15}},"59":{"start":{"line":135,"column":0},"end":{"line":135,"column":31}}},"fnMap":{"0":{"name":"(anonymous_0)","decl":{"start":{"line":6,"column":2},"end":{"line":6,"column":3}},"loc":{"start":{"line":6,"column":40},"end":{"line":22,"column":3}},"line":6},"1":{"name":"(anonymous_1)","decl":{"start":{"line":24,"column":2},"end":{"line":24,"column":3}},"loc":{"start":{"line":24,"column":41},"end":{"line":39,"column":3}},"line":24},"2":{"name":"(anonymous_2)","decl":{"start":{"line":41,"column":2},"end":{"line":41,"column":3}},"loc":{"start":{"line":41,"column":38},"end":{"line":92,"column":3}},"line":41},"3":{"name":"(anonymous_3)","decl":{"start":{"line":94,"column":2},"end":{"line":94,"column":3}},"loc":{"start":{"line":94,"column":36},"end":{"line":132,"column":3}},"line":94}},"branchMap":{"0":{"loc":{"start":{"line":13,"column":6},"end":{"line":18,"column":7}},"type":"if","locations":[{"start":{"line":13,"column":6},"end":{"line":18,"column":7}},{"start":{"line":13,"column":6},"end":{"line":18,"column":7}}],"line":13},"1":{"loc":{"start":{"line":45,"column":6},"end":{"line":87,"column":7}},"type":"if","locations":[{"start":{"line":45,"column":6},"end":{"line":87,"column":7}},{"start":{"line":45,"column":6},"end":{"line":87,"column":7}}],"line":45},"2":{"loc":{"start":{"line":51,"column":8},"end":{"line":65,"column":9}},"type":"if","locations":[{"start":{"line":51,"column":8},"end":{"line":65,"column":9}},{"start":{"line":51,"column":8},"end":{"line":65,"column":9}}],"line":51},"3":{"loc":{"start":{"line":55,"column":10},"end":{"line":64,"column":11}},"type":"if","locations":[{"start":{"line":55,"column":10},"end":{"line":64,"column":11}},{"start":{"line":55,"column":10},"end":{"line":64,"column":11}}],"line":55},"4":{"loc":{"start":{"line":72,"column":8},"end":{"line":86,"column":9}},"type":"if","locations":[{"start":{"line":72,"column":8},"end":{"line":86,"column":9}},{"start":{"line":72,"column":8},"end":{"line":86,"column":9}}],"line":72},"5":{"loc":{"start":{"line":76,"column":10},"end":{"line":85,"column":11}},"type":"if","locations":[{"start":{"line":76,"column":10},"end":{"line":85,"column":11}},{"start":{"line":76,"column":10},"end":{"line":85,"column":11}}],"line":76},"6":{"loc":{"start":{"line":103,"column":6},"end":{"line":103,"column":44}},"type":"if","locations":[{"start":{"line":103,"column":6},"end":{"line":103,"column":44}},{"start":{"line":103,"column":6},"end":{"line":103,"column":44}}],"line":103},"7":{"loc":{"start":{"line":104,"column":6},"end":{"line":104,"column":38}},"type":"if","locations":[{"start":{"line":104,"column":6},"end":{"line":104,"column":38}},{"start":{"line":104,"column":6},"end":{"line":104,"column":38}}],"line":104},"8":{"loc":{"start":{"line":105,"column":6},"end":{"line":105,"column":46}},"type":"if","locations":[{"start":{"line":105,"column":6},"end":{"line":105,"column":46}},{"start":{"line":105,"column":6},"end":{"line":105,"column":46}}],"line":105},"9":{"loc":{"start":{"line":106,"column":6},"end":{"line":106,"column":44}},"type":"if","locations":[{"start":{"line":106,"column":6},"end":{"line":106,"column":44}},{"start":{"line":106,"column":6},"end":{"line":106,"column":44}}],"line":106},"10":{"loc":{"start":{"line":107,"column":6},"end":{"line":107,"column":56}},"type":"if","locations":[{"start":{"line":107,"column":6},"end":{"line":107,"column":56}},{"start":{"line":107,"column":6},"end":{"line":107,"column":56}}],"line":107},"11":{"loc":{"start":{"line":109,"column":6},"end":{"line":111,"column":7}},"type":"if","locations":[{"start":{"line":109,"column":6},"end":{"line":111,"column":7}},{"start":{"line":109,"column":6},"end":{"line":111,"column":7}}],"line":109},"12":{"loc":{"start":{"line":121,"column":6},"end":{"line":127,"column":7}},"type":"if","locations":[{"start":{"line":121,"column":6},"end":{"line":127,"column":7}},{"start":{"line":121,"column":6},"end":{"line":127,"column":7}}],"line":121}},"s":{"0":31,"1":31,"2":31,"3":0,"4":0,"5":0,"6":0,"7":0,"8":0,"9":0,"10":0,"11":0,"12":0,"13":0,"14":0,"15":0,"16":0,"17":0,"18":0,"19":0,"20":0,"21":0,"22":0,"23":0,"24":0,"25":0,"26":0,"27":0,"28":0,"29":0,"30":0,"31":0,"32":0,"33":0,"34":0,"35":0,"36":0,"37":0,"38":0,"39":0,"40":0,"41":0,"42":0,"43":0,"44":0,"45":0,"46":0,"47":0,"48":0,"49":0,"50":0,"51":0,"52":0,"53":0,"54":0,"55":0,"56":0,"57":0,"58":0,"59":31},"f":{"0":0,"1":0,"2":0,"3":0},"b":{"0":[0,0],"1":[0,0],"2":[0,0],"3":[0,0],"4":[0,0],"5":[0,0],"6":[0,0],"7":[0,0],"8":[0,0],"9":[0,0],"10":[0,0],"11":[0,0],"12":[0,0]},"_coverageSchema":"1a1c01bbd47fc00a2c39e90264f33305004495a9","hash":"310f9992ead0fbeeea82b2b8f69633ca6dbf89f4"}
,"C:\\Users\\Member\\HACKTIV8\\final-project\\artmart-server\\helpers\\bcrypt.js": {"path":"C:\\Users\\Member\\HACKTIV8\\final-project\\artmart-server\\helpers\\bcrypt.js","statementMap":{"0":{"start":{"line":1,"column":13},"end":{"line":1,"column":32}},"1":{"start":{"line":4,"column":15},"end":{"line":4,"column":37}},"2":{"start":{"line":5,"column":15},"end":{"line":5,"column":50}},"3":{"start":{"line":6,"column":2},"end":{"line":6,"column":13}},"4":{"start":{"line":10,"column":2},"end":{"line":10,"column":54}},"5":{"start":{"line":13,"column":0},"end":{"line":16,"column":1}}},"fnMap":{"0":{"name":"hashPassword","decl":{"start":{"line":3,"column":9},"end":{"line":3,"column":21}},"loc":{"start":{"line":3,"column":37},"end":{"line":7,"column":1}},"line":3},"1":{"name":"checkPassword","decl":{"start":{"line":9,"column":9},"end":{"line":9,"column":22}},"loc":{"start":{"line":9,"column":50},"end":{"line":11,"column":1}},"line":9}},"branchMap":{},"s":{"0":31,"1":1,"2":1,"3":0,"4":0,"5":31},"f":{"0":1,"1":0},"b":{},"_coverageSchema":"1a1c01bbd47fc00a2c39e90264f33305004495a9","hash":"0376b53f4cae1f22170edb6aee92038d31687aec"}
,"C:\\Users\\Member\\HACKTIV8\\final-project\\artmart-server\\helpers\\jwt.js": {"path":"C:\\Users\\Member\\HACKTIV8\\final-project\\artmart-server\\helpers\\jwt.js","statementMap":{"0":{"start":{"line":1,"column":12},"end":{"line":1,"column":36}},"1":{"start":{"line":2,"column":19},"end":{"line":2,"column":41}},"2":{"start":{"line":5,"column":16},"end":{"line":5,"column":47}},"3":{"start":{"line":6,"column":2},"end":{"line":6,"column":14}},"4":{"start":{"line":10,"column":18},"end":{"line":10,"column":47}},"5":{"start":{"line":11,"column":2},"end":{"line":11,"column":16}},"6":{"start":{"line":14,"column":0},"end":{"line":17,"column":1}}},"fnMap":{"0":{"name":"generateToken","decl":{"start":{"line":4,"column":9},"end":{"line":4,"column":22}},"loc":{"start":{"line":4,"column":33},"end":{"line":7,"column":1}},"line":4},"1":{"name":"checkToken","decl":{"start":{"line":9,"column":9},"end":{"line":9,"column":19}},"loc":{"start":{"line":9,"column":28},"end":{"line":12,"column":1}},"line":9}},"branchMap":{},"s":{"0":31,"1":31,"2":6,"3":4,"4":0,"5":0,"6":31},"f":{"0":6,"1":0},"b":{},"_coverageSchema":"1a1c01bbd47fc00a2c39e90264f33305004495a9","hash":"59734c13f69fcddad45159f6eeec6c2ccc3c512e"}
,"C:\\Users\\Member\\HACKTIV8\\final-project\\artmart-server\\middlewares\\auth.js": {"path":"C:\\Users\\Member\\HACKTIV8\\final-project\\artmart-server\\middlewares\\auth.js","statementMap":{"0":{"start":{"line":1,"column":23},"end":{"line":1,"column":49}},"1":{"start":{"line":2,"column":25},"end":{"line":2,"column":52}},"2":{"start":{"line":5,"column":2},"end":{"line":34,"column":3}},"3":{"start":{"line":6,"column":18},"end":{"line":6,"column":55}},"4":{"start":{"line":8,"column":19},"end":{"line":12,"column":6}},"5":{"start":{"line":14,"column":21},"end":{"line":18,"column":6}},"6":{"start":{"line":20,"column":4},"end":{"line":31,"column":5}},"7":{"start":{"line":21,"column":6},"end":{"line":21,"column":61}},"8":{"start":{"line":23,"column":6},"end":{"line":30,"column":7}},"9":{"start":{"line":24,"column":8},"end":{"line":24,"column":36}},"10":{"start":{"line":25,"column":8},"end":{"line":25,"column":15}},"11":{"start":{"line":28,"column":8},"end":{"line":28,"column":32}},"12":{"start":{"line":29,"column":8},"end":{"line":29,"column":15}},"13":{"start":{"line":33,"column":4},"end":{"line":33,"column":14}},"14":{"start":{"line":38,"column":2},"end":{"line":53,"column":3}},"15":{"start":{"line":39,"column":21},"end":{"line":39,"column":39}},"16":{"start":{"line":40,"column":15},"end":{"line":44,"column":6}},"17":{"start":{"line":45,"column":4},"end":{"line":49,"column":5}},"18":{"start":{"line":46,"column":6},"end":{"line":46,"column":55}},"19":{"start":{"line":47,"column":11},"end":{"line":49,"column":5}},"20":{"start":{"line":48,"column":6},"end":{"line":48,"column":12}},"21":{"start":{"line":51,"column":4},"end":{"line":51,"column":30}},"22":{"start":{"line":52,"column":4},"end":{"line":52,"column":14}},"23":{"start":{"line":56,"column":0},"end":{"line":59,"column":1}}},"fnMap":{"0":{"name":"authenticate","decl":{"start":{"line":4,"column":15},"end":{"line":4,"column":27}},"loc":{"start":{"line":4,"column":45},"end":{"line":35,"column":1}},"line":4},"1":{"name":"authorize","decl":{"start":{"line":37,"column":15},"end":{"line":37,"column":24}},"loc":{"start":{"line":37,"column":42},"end":{"line":54,"column":1}},"line":37}},"branchMap":{"0":{"loc":{"start":{"line":20,"column":4},"end":{"line":31,"column":5}},"type":"if","locations":[{"start":{"line":20,"column":4},"end":{"line":31,"column":5}},{"start":{"line":20,"column":4},"end":{"line":31,"column":5}}],"line":20},"1":{"loc":{"start":{"line":20,"column":9},"end":{"line":20,"column":33}},"type":"binary-expr","locations":[{"start":{"line":20,"column":9},"end":{"line":20,"column":18}},{"start":{"line":20,"column":22},"end":{"line":20,"column":33}}],"line":20},"2":{"loc":{"start":{"line":23,"column":6},"end":{"line":30,"column":7}},"type":"if","locations":[{"start":{"line":23,"column":6},"end":{"line":30,"column":7}},{"start":{"line":23,"column":6},"end":{"line":30,"column":7}}],"line":23},"3":{"loc":{"start":{"line":45,"column":4},"end":{"line":49,"column":5}},"type":"if","locations":[{"start":{"line":45,"column":4},"end":{"line":49,"column":5}},{"start":{"line":45,"column":4},"end":{"line":49,"column":5}}],"line":45},"4":{"loc":{"start":{"line":47,"column":11},"end":{"line":49,"column":5}},"type":"if","locations":[{"start":{"line":47,"column":11},"end":{"line":49,"column":5}},{"start":{"line":47,"column":11},"end":{"line":49,"column":5}}],"line":47}},"s":{"0":31,"1":31,"2":0,"3":0,"4":0,"5":0,"6":0,"7":0,"8":0,"9":0,"10":0,"11":0,"12":0,"13":0,"14":0,"15":0,"16":0,"17":0,"18":0,"19":0,"20":0,"21":0,"22":0,"23":31},"f":{"0":0,"1":0},"b":{"0":[0,0],"1":[0,0],"2":[0,0],"3":[0,0],"4":[0,0]},"_coverageSchema":"1a1c01bbd47fc00a2c39e90264f33305004495a9","hash":"d183053c745fdeac4d68b1eb6b0d02dd8d80dde8"}
,"C:\\Users\\Member\\HACKTIV8\\final-project\\artmart-server\\middlewares\\errorHandlers.js": {"path":"C:\\Users\\Member\\HACKTIV8\\final-project\\artmart-server\\middlewares\\errorHandlers.js","statementMap":{"0":{"start":{"line":2,"column":2},"end":{"line":2,"column":36}},"1":{"start":{"line":3,"column":2},"end":{"line":3,"column":42}},"2":{"start":{"line":4,"column":2},"end":{"line":4,"column":19}},"3":{"start":{"line":5,"column":2},"end":{"line":9,"column":3}},"4":{"start":{"line":6,"column":17},"end":{"line":8,"column":6}},"5":{"start":{"line":7,"column":6},"end":{"line":7,"column":22}},"6":{"start":{"line":11,"column":2},"end":{"line":34,"column":3}},"7":{"start":{"line":13,"column":6},"end":{"line":13,"column":39}},"8":{"start":{"line":14,"column":6},"end":{"line":14,"column":12}},"9":{"start":{"line":16,"column":6},"end":{"line":16,"column":84}},"10":{"start":{"line":17,"column":6},"end":{"line":17,"column":12}},"11":{"start":{"line":19,"column":6},"end":{"line":19,"column":60}},"12":{"start":{"line":20,"column":6},"end":{"line":20,"column":12}},"13":{"start":{"line":22,"column":6},"end":{"line":22,"column":69}},"14":{"start":{"line":23,"column":6},"end":{"line":23,"column":12}},"15":{"start":{"line":25,"column":6},"end":{"line":25,"column":64}},"16":{"start":{"line":26,"column":6},"end":{"line":26,"column":12}},"17":{"start":{"line":28,"column":6},"end":{"line":28,"column":63}},"18":{"start":{"line":29,"column":6},"end":{"line":29,"column":12}},"19":{"start":{"line":31,"column":6},"end":{"line":31,"column":86}},"20":{"start":{"line":33,"column":6},"end":{"line":33,"column":66}},"21":{"start":{"line":37,"column":0},"end":{"line":37,"column":30}}},"fnMap":{"0":{"name":"errorHandlers","decl":{"start":{"line":1,"column":9},"end":{"line":1,"column":22}},"loc":{"start":{"line":1,"column":45},"end":{"line":35,"column":1}},"line":1},"1":{"name":"(anonymous_1)","decl":{"start":{"line":6,"column":33},"end":{"line":6,"column":34}},"loc":{"start":{"line":6,"column":38},"end":{"line":8,"column":5}},"line":6}},"branchMap":{"0":{"loc":{"start":{"line":5,"column":2},"end":{"line":9,"column":3}},"type":"if","locations":[{"start":{"line":5,"column":2},"end":{"line":9,"column":3}},{"start":{"line":5,"column":2},"end":{"line":9,"column":3}}],"line":5},"1":{"loc":{"start":{"line":11,"column":2},"end":{"line":34,"column":3}},"type":"switch","locations":[{"start":{"line":12,"column":4},"end":{"line":14,"column":12}},{"start":{"line":15,"column":4},"end":{"line":17,"column":12}},{"start":{"line":18,"column":4},"end":{"line":20,"column":12}},{"start":{"line":21,"column":4},"end":{"line":23,"column":12}},{"start":{"line":24,"column":4},"end":{"line":26,"column":12}},{"start":{"line":27,"column":4},"end":{"line":29,"column":12}},{"start":{"line":30,"column":4},"end":{"line":31,"column":86}},{"start":{"line":32,"column":4},"end":{"line":33,"column":66}}],"line":11}},"s":{"0":0,"1":0,"2":0,"3":0,"4":0,"5":0,"6":0,"7":0,"8":0,"9":0,"10":0,"11":0,"12":0,"13":0,"14":0,"15":0,"16":0,"17":0,"18":0,"19":0,"20":0,"21":31},"f":{"0":0,"1":0},"b":{"0":[0,0],"1":[0,0,0,0,0,0,0,0]},"_coverageSchema":"1a1c01bbd47fc00a2c39e90264f33305004495a9","hash":"c975e816617d1a8502ad165f7c51d8838dac5cc5"}
,"C:\\Users\\Member\\HACKTIV8\\final-project\\artmart-server\\models\\artist.js": {"path":"C:\\Users\\Member\\HACKTIV8\\final-project\\artmart-server\\models\\artist.js","statementMap":{"0":{"start":{"line":2,"column":26},"end":{"line":2,"column":55}},"1":{"start":{"line":6,"column":4},"end":{"line":6,"column":24}},"2":{"start":{"line":7,"column":0},"end":{"line":102,"column":2}},"3":{"start":{"line":16,"column":6},"end":{"line":18,"column":8}},"4":{"start":{"line":19,"column":6},"end":{"line":19,"column":36}},"5":{"start":{"line":20,"column":6},"end":{"line":20,"column":35}},"6":{"start":{"line":21,"column":6},"end":{"line":21,"column":36}},"7":{"start":{"line":22,"column":6},"end":{"line":22,"column":35}},"8":{"start":{"line":23,"column":6},"end":{"line":23,"column":35}},"9":{"start":{"line":26,"column":2},"end":{"line":100,"column":5}},"10":{"start":{"line":94,"column":8},"end":{"line":94,"column":56}},"11":{"start":{"line":95,"column":8},"end":{"line":97,"column":9}},"12":{"start":{"line":96,"column":10},"end":{"line":96,"column":107}},"13":{"start":{"line":101,"column":2},"end":{"line":101,"column":16}}},"fnMap":{"0":{"name":"(anonymous_0)","decl":{"start":{"line":7,"column":17},"end":{"line":7,"column":18}},"loc":{"start":{"line":7,"column":43},"end":{"line":102,"column":1}},"line":7},"1":{"name":"(anonymous_1)","decl":{"start":{"line":14,"column":4},"end":{"line":14,"column":5}},"loc":{"start":{"line":14,"column":29},"end":{"line":24,"column":5}},"line":14},"2":{"name":"(anonymous_2)","decl":{"start":{"line":93,"column":20},"end":{"line":93,"column":21}},"loc":{"start":{"line":93,"column":41},"end":{"line":98,"column":7}},"line":93}},"branchMap":{"0":{"loc":{"start":{"line":95,"column":8},"end":{"line":97,"column":9}},"type":"if","locations":[{"start":{"line":95,"column":8},"end":{"line":97,"column":9}},{"start":{"line":95,"column":8},"end":{"line":97,"column":9}}],"line":95}},"s":{"0":31,"1":31,"2":31,"3":31,"4":31,"5":31,"6":31,"7":31,"8":31,"9":31,"10":1,"11":0,"12":0,"13":31},"f":{"0":31,"1":31,"2":1},"b":{"0":[0,0]},"_coverageSchema":"1a1c01bbd47fc00a2c39e90264f33305004495a9","hash":"a68f45487b96e44890e94af08de68d56a05e2181"}
,"C:\\Users\\Member\\HACKTIV8\\final-project\\artmart-server\\models\\category.js": {"path":"C:\\Users\\Member\\HACKTIV8\\final-project\\artmart-server\\models\\category.js","statementMap":{"0":{"start":{"line":4,"column":4},"end":{"line":4,"column":24}},"1":{"start":{"line":5,"column":0},"end":{"line":31,"column":2}},"2":{"start":{"line":14,"column":6},"end":{"line":14,"column":38}},"3":{"start":{"line":17,"column":2},"end":{"line":29,"column":5}},"4":{"start":{"line":30,"column":2},"end":{"line":30,"column":18}}},"fnMap":{"0":{"name":"(anonymous_0)","decl":{"start":{"line":5,"column":17},"end":{"line":5,"column":18}},"loc":{"start":{"line":5,"column":43},"end":{"line":31,"column":1}},"line":5},"1":{"name":"(anonymous_1)","decl":{"start":{"line":12,"column":4},"end":{"line":12,"column":5}},"loc":{"start":{"line":12,"column":29},"end":{"line":15,"column":5}},"line":12}},"branchMap":{},"s":{"0":31,"1":31,"2":31,"3":31,"4":31},"f":{"0":31,"1":31},"b":{},"_coverageSchema":"1a1c01bbd47fc00a2c39e90264f33305004495a9","hash":"e6305f012ee459e51bd67c9d065312454cdd35b1"}
,"C:\\Users\\Member\\HACKTIV8\\final-project\\artmart-server\\models\\comment.js": {"path":"C:\\Users\\Member\\HACKTIV8\\final-project\\artmart-server\\models\\comment.js","statementMap":{"0":{"start":{"line":4,"column":4},"end":{"line":4,"column":24}},"1":{"start":{"line":5,"column":0},"end":{"line":48,"column":2}},"2":{"start":{"line":14,"column":6},"end":{"line":14,"column":36}},"3":{"start":{"line":15,"column":6},"end":{"line":15,"column":38}},"4":{"start":{"line":18,"column":2},"end":{"line":46,"column":5}},"5":{"start":{"line":47,"column":2},"end":{"line":47,"column":17}}},"fnMap":{"0":{"name":"(anonymous_0)","decl":{"start":{"line":5,"column":17},"end":{"line":5,"column":18}},"loc":{"start":{"line":5,"column":43},"end":{"line":48,"column":1}},"line":5},"1":{"name":"(anonymous_1)","decl":{"start":{"line":12,"column":4},"end":{"line":12,"column":5}},"loc":{"start":{"line":12,"column":29},"end":{"line":16,"column":5}},"line":12}},"branchMap":{},"s":{"0":31,"1":31,"2":31,"3":31,"4":31,"5":31},"f":{"0":31,"1":31},"b":{},"_coverageSchema":"1a1c01bbd47fc00a2c39e90264f33305004495a9","hash":"1b3706f5bbf93365cba84eb9aa82eb8832ab8652"}
,"C:\\Users\\Member\\HACKTIV8\\final-project\\artmart-server\\models\\index.js": {"path":"C:\\Users\\Member\\HACKTIV8\\final-project\\artmart-server\\models\\index.js","statementMap":{"0":{"start":{"line":3,"column":11},"end":{"line":3,"column":24}},"1":{"start":{"line":4,"column":13},"end":{"line":4,"column":28}},"2":{"start":{"line":5,"column":18},"end":{"line":5,"column":38}},"3":{"start":{"line":6,"column":17},"end":{"line":6,"column":42}},"4":{"start":{"line":7,"column":12},"end":{"line":7,"column":49}},"5":{"start":{"line":8,"column":15},"end":{"line":8,"column":63}},"6":{"start":{"line":9,"column":11},"end":{"line":9,"column":13}},"7":{"start":{"line":12,"column":0},"end":{"line":16,"column":1}},"8":{"start":{"line":13,"column":2},"end":{"line":13,"column":74}},"9":{"start":{"line":15,"column":2},"end":{"line":15,"column":87}},"10":{"start":{"line":18,"column":0},"end":{"line":26,"column":5}},"11":{"start":{"line":21,"column":4},"end":{"line":21,"column":90}},"12":{"start":{"line":24,"column":18},"end":{"line":24,"column":85}},"13":{"start":{"line":25,"column":4},"end":{"line":25,"column":27}},"14":{"start":{"line":28,"column":0},"end":{"line":32,"column":3}},"15":{"start":{"line":29,"column":2},"end":{"line":31,"column":3}},"16":{"start":{"line":30,"column":4},"end":{"line":30,"column":32}},"17":{"start":{"line":34,"column":0},"end":{"line":34,"column":25}},"18":{"start":{"line":35,"column":0},"end":{"line":35,"column":25}},"19":{"start":{"line":37,"column":0},"end":{"line":37,"column":20}}},"fnMap":{"0":{"name":"(anonymous_0)","decl":{"start":{"line":20,"column":10},"end":{"line":20,"column":11}},"loc":{"start":{"line":20,"column":18},"end":{"line":22,"column":3}},"line":20},"1":{"name":"(anonymous_1)","decl":{"start":{"line":23,"column":11},"end":{"line":23,"column":12}},"loc":{"start":{"line":23,"column":19},"end":{"line":26,"column":3}},"line":23},"2":{"name":"(anonymous_2)","decl":{"start":{"line":28,"column":24},"end":{"line":28,"column":25}},"loc":{"start":{"line":28,"column":37},"end":{"line":32,"column":1}},"line":28}},"branchMap":{"0":{"loc":{"start":{"line":7,"column":12},"end":{"line":7,"column":49}},"type":"binary-expr","locations":[{"start":{"line":7,"column":12},"end":{"line":7,"column":32}},{"start":{"line":7,"column":36},"end":{"line":7,"column":49}}],"line":7},"1":{"loc":{"start":{"line":12,"column":0},"end":{"line":16,"column":1}},"type":"if","locations":[{"start":{"line":12,"column":0},"end":{"line":16,"column":1}},{"start":{"line":12,"column":0},"end":{"line":16,"column":1}}],"line":12},"2":{"loc":{"start":{"line":21,"column":11},"end":{"line":21,"column":89}},"type":"binary-expr","locations":[{"start":{"line":21,"column":12},"end":{"line":21,"column":35}},{"start":{"line":21,"column":41},"end":{"line":21,"column":58}},{"start":{"line":21,"column":64},"end":{"line":21,"column":88}}],"line":21},"3":{"loc":{"start":{"line":29,"column":2},"end":{"line":31,"column":3}},"type":"if","locations":[{"start":{"line":29,"column":2},"end":{"line":31,"column":3}},{"start":{"line":29,"column":2},"end":{"line":31,"column":3}}],"line":29}},"s":{"0":31,"1":31,"2":31,"3":31,"4":31,"5":31,"6":31,"7":31,"8":0,"9":31,"10":31,"11":310,"12":279,"13":279,"14":31,"15":279,"16":279,"17":31,"18":31,"19":31},"f":{"0":310,"1":279,"2":279},"b":{"0":[31,0],"1":[0,31],"2":[310,310,279],"3":[279,0]},"_coverageSchema":"1a1c01bbd47fc00a2c39e90264f33305004495a9","hash":"88518fda96d37aef535fdc994422d56ae9cc607d"}
,"C:\\Users\\Member\\HACKTIV8\\final-project\\artmart-server\\models\\option.js": {"path":"C:\\Users\\Member\\HACKTIV8\\final-project\\artmart-server\\models\\option.js","statementMap":{"0":{"start":{"line":4,"column":4},"end":{"line":4,"column":24}},"1":{"start":{"line":5,"column":0},"end":{"line":47,"column":2}},"2":{"start":{"line":14,"column":6},"end":{"line":14,"column":37}},"3":{"start":{"line":17,"column":2},"end":{"line":45,"column":5}},"4":{"start":{"line":46,"column":2},"end":{"line":46,"column":16}}},"fnMap":{"0":{"name":"(anonymous_0)","decl":{"start":{"line":5,"column":17},"end":{"line":5,"column":18}},"loc":{"start":{"line":5,"column":43},"end":{"line":47,"column":1}},"line":5},"1":{"name":"(anonymous_1)","decl":{"start":{"line":12,"column":4},"end":{"line":12,"column":5}},"loc":{"start":{"line":12,"column":29},"end":{"line":15,"column":5}},"line":12}},"branchMap":{},"s":{"0":31,"1":31,"2":31,"3":31,"4":31},"f":{"0":31,"1":31},"b":{},"_coverageSchema":"1a1c01bbd47fc00a2c39e90264f33305004495a9","hash":"eda441e8ae9bc1d46051f439caf22e5f3b8e3975"}
,"C:\\Users\\Member\\HACKTIV8\\final-project\\artmart-server\\models\\order.js": {"path":"C:\\Users\\Member\\HACKTIV8\\final-project\\artmart-server\\models\\order.js","statementMap":{"0":{"start":{"line":4,"column":4},"end":{"line":4,"column":24}},"1":{"start":{"line":5,"column":0},"end":{"line":65,"column":2}},"2":{"start":{"line":14,"column":6},"end":{"line":14,"column":34}},"3":{"start":{"line":15,"column":6},"end":{"line":15,"column":36}},"4":{"start":{"line":16,"column":6},"end":{"line":16,"column":36}},"5":{"start":{"line":17,"column":6},"end":{"line":17,"column":36}},"6":{"start":{"line":20,"column":2},"end":{"line":63,"column":5}},"7":{"start":{"line":64,"column":2},"end":{"line":64,"column":15}}},"fnMap":{"0":{"name":"(anonymous_0)","decl":{"start":{"line":5,"column":17},"end":{"line":5,"column":18}},"loc":{"start":{"line":5,"column":43},"end":{"line":65,"column":1}},"line":5},"1":{"name":"(anonymous_1)","decl":{"start":{"line":12,"column":4},"end":{"line":12,"column":5}},"loc":{"start":{"line":12,"column":29},"end":{"line":18,"column":5}},"line":12}},"branchMap":{},"s":{"0":31,"1":31,"2":31,"3":31,"4":31,"5":31,"6":31,"7":31},"f":{"0":31,"1":31},"b":{},"_coverageSchema":"1a1c01bbd47fc00a2c39e90264f33305004495a9","hash":"eec9c17e6a188c7e8741bbc87f821b39f097631e"}
,"C:\\Users\\Member\\HACKTIV8\\final-project\\artmart-server\\models\\picture.js": {"path":"C:\\Users\\Member\\HACKTIV8\\final-project\\artmart-server\\models\\picture.js","statementMap":{"0":{"start":{"line":4,"column":4},"end":{"line":4,"column":24}},"1":{"start":{"line":5,"column":0},"end":{"line":61,"column":2}},"2":{"start":{"line":14,"column":6},"end":{"line":14,"column":40}},"3":{"start":{"line":15,"column":6},"end":{"line":15,"column":38}},"4":{"start":{"line":16,"column":6},"end":{"line":16,"column":36}},"5":{"start":{"line":19,"column":2},"end":{"line":59,"column":5}},"6":{"start":{"line":60,"column":2},"end":{"line":60,"column":17}}},"fnMap":{"0":{"name":"(anonymous_0)","decl":{"start":{"line":5,"column":17},"end":{"line":5,"column":18}},"loc":{"start":{"line":5,"column":43},"end":{"line":61,"column":1}},"line":5},"1":{"name":"(anonymous_1)","decl":{"start":{"line":12,"column":4},"end":{"line":12,"column":5}},"loc":{"start":{"line":12,"column":29},"end":{"line":17,"column":5}},"line":12}},"branchMap":{},"s":{"0":31,"1":31,"2":31,"3":31,"4":31,"5":31,"6":31},"f":{"0":31,"1":31},"b":{},"_coverageSchema":"1a1c01bbd47fc00a2c39e90264f33305004495a9","hash":"1c19176609ad027e6ab4fb26c1fb17c415d82338"}
,"C:\\Users\\Member\\HACKTIV8\\final-project\\artmart-server\\models\\rating.js": {"path":"C:\\Users\\Member\\HACKTIV8\\final-project\\artmart-server\\models\\rating.js","statementMap":{"0":{"start":{"line":4,"column":4},"end":{"line":4,"column":24}},"1":{"start":{"line":5,"column":0},"end":{"line":50,"column":2}},"2":{"start":{"line":14,"column":6},"end":{"line":16,"column":8}},"3":{"start":{"line":17,"column":6},"end":{"line":17,"column":37}},"4":{"start":{"line":20,"column":2},"end":{"line":48,"column":5}},"5":{"start":{"line":49,"column":2},"end":{"line":49,"column":16}}},"fnMap":{"0":{"name":"(anonymous_0)","decl":{"start":{"line":5,"column":17},"end":{"line":5,"column":18}},"loc":{"start":{"line":5,"column":43},"end":{"line":50,"column":1}},"line":5},"1":{"name":"(anonymous_1)","decl":{"start":{"line":12,"column":4},"end":{"line":12,"column":5}},"loc":{"start":{"line":12,"column":29},"end":{"line":18,"column":5}},"line":12}},"branchMap":{},"s":{"0":31,"1":31,"2":31,"3":31,"4":31,"5":31},"f":{"0":31,"1":31},"b":{},"_coverageSchema":"1a1c01bbd47fc00a2c39e90264f33305004495a9","hash":"9303cd654d7ed246e4f82929682cd9c5ab8ea6e5"}
,"C:\\Users\\Member\\HACKTIV8\\final-project\\artmart-server\\models\\review.js": {"path":"C:\\Users\\Member\\HACKTIV8\\final-project\\artmart-server\\models\\review.js","statementMap":{"0":{"start":{"line":4,"column":4},"end":{"line":4,"column":24}},"1":{"start":{"line":5,"column":0},"end":{"line":58,"column":2}},"2":{"start":{"line":14,"column":6},"end":{"line":16,"column":8}},"3":{"start":{"line":17,"column":6},"end":{"line":17,"column":37}},"4":{"start":{"line":20,"column":2},"end":{"line":56,"column":5}},"5":{"start":{"line":57,"column":2},"end":{"line":57,"column":16}}},"fnMap":{"0":{"name":"(anonymous_0)","decl":{"start":{"line":5,"column":17},"end":{"line":5,"column":18}},"loc":{"start":{"line":5,"column":43},"end":{"line":58,"column":1}},"line":5},"1":{"name":"(anonymous_1)","decl":{"start":{"line":12,"column":4},"end":{"line":12,"column":5}},"loc":{"start":{"line":12,"column":29},"end":{"line":18,"column":5}},"line":12}},"branchMap":{},"s":{"0":31,"1":31,"2":31,"3":31,"4":31,"5":31},"f":{"0":31,"1":31},"b":{},"_coverageSchema":"1a1c01bbd47fc00a2c39e90264f33305004495a9","hash":"c5c6ac51f12dd8174293605566e298830097664e"}
,"C:\\Users\\Member\\HACKTIV8\\final-project\\artmart-server\\models\\user.js": {"path":"C:\\Users\\Member\\HACKTIV8\\final-project\\artmart-server\\models\\user.js","statementMap":{"0":{"start":{"line":2,"column":26},"end":{"line":2,"column":55}},"1":{"start":{"line":6,"column":4},"end":{"line":6,"column":24}},"2":{"start":{"line":7,"column":0},"end":{"line":90,"column":2}},"3":{"start":{"line":16,"column":6},"end":{"line":18,"column":8}},"4":{"start":{"line":19,"column":6},"end":{"line":21,"column":8}},"5":{"start":{"line":22,"column":6},"end":{"line":24,"column":8}},"6":{"start":{"line":25,"column":6},"end":{"line":25,"column":32}},"7":{"start":{"line":26,"column":6},"end":{"line":26,"column":34}},"8":{"start":{"line":27,"column":6},"end":{"line":27,"column":34}},"9":{"start":{"line":30,"column":2},"end":{"line":88,"column":5}},"10":{"start":{"line":82,"column":8},"end":{"line":82,"column":52}},"11":{"start":{"line":83,"column":8},"end":{"line":85,"column":9}},"12":{"start":{"line":84,"column":10},"end":{"line":84,"column":101}},"13":{"start":{"line":89,"column":2},"end":{"line":89,"column":14}}},"fnMap":{"0":{"name":"(anonymous_0)","decl":{"start":{"line":7,"column":17},"end":{"line":7,"column":18}},"loc":{"start":{"line":7,"column":43},"end":{"line":90,"column":1}},"line":7},"1":{"name":"(anonymous_1)","decl":{"start":{"line":14,"column":4},"end":{"line":14,"column":5}},"loc":{"start":{"line":14,"column":29},"end":{"line":28,"column":5}},"line":14},"2":{"name":"(anonymous_2)","decl":{"start":{"line":81,"column":20},"end":{"line":81,"column":21}},"loc":{"start":{"line":81,"column":39},"end":{"line":86,"column":7}},"line":81}},"branchMap":{"0":{"loc":{"start":{"line":83,"column":8},"end":{"line":85,"column":9}},"type":"if","locations":[{"start":{"line":83,"column":8},"end":{"line":85,"column":9}},{"start":{"line":83,"column":8},"end":{"line":85,"column":9}}],"line":83}},"s":{"0":31,"1":31,"2":31,"3":31,"4":31,"5":31,"6":31,"7":31,"8":31,"9":31,"10":0,"11":0,"12":0,"13":31},"f":{"0":31,"1":31,"2":0},"b":{"0":[0,0]},"_coverageSchema":"1a1c01bbd47fc00a2c39e90264f33305004495a9","hash":"eb673334dfeccb6c54709834e5b40eea9ca262d7"}
,"C:\\Users\\Member\\HACKTIV8\\final-project\\artmart-server\\routes\\artistsRouter.js": {"path":"C:\\Users\\Member\\HACKTIV8\\final-project\\artmart-server\\routes\\artistsRouter.js","statementMap":{"0":{"start":{"line":1,"column":15},"end":{"line":1,"column":43}},"1":{"start":{"line":2,"column":25},"end":{"line":2,"column":68}},"2":{"start":{"line":3,"column":25},"end":{"line":3,"column":56}},"3":{"start":{"line":5,"column":0},"end":{"line":5,"column":59}},"4":{"start":{"line":7,"column":0},"end":{"line":7,"column":60}},"5":{"start":{"line":9,"column":0},"end":{"line":9,"column":54}},"6":{"start":{"line":11,"column":0},"end":{"line":11,"column":69}},"7":{"start":{"line":13,"column":0},"end":{"line":13,"column":23}}},"fnMap":{},"branchMap":{},"s":{"0":31,"1":31,"2":31,"3":31,"4":31,"5":31,"6":31,"7":31},"f":{},"b":{},"_coverageSchema":"1a1c01bbd47fc00a2c39e90264f33305004495a9","hash":"f66666f918a27c352d2b1e822771b6f3ace6689d"}
,"C:\\Users\\Member\\HACKTIV8\\final-project\\artmart-server\\routes\\commentsRouter.js": {"path":"C:\\Users\\Member\\HACKTIV8\\final-project\\artmart-server\\routes\\commentsRouter.js","statementMap":{"0":{"start":{"line":1,"column":15},"end":{"line":1,"column":43}},"1":{"start":{"line":2,"column":26},"end":{"line":2,"column":70}},"2":{"start":{"line":4,"column":0},"end":{"line":4,"column":68}},"3":{"start":{"line":6,"column":0},"end":{"line":6,"column":81}},"4":{"start":{"line":8,"column":0},"end":{"line":8,"column":94}},"5":{"start":{"line":10,"column":0},"end":{"line":10,"column":96}},"6":{"start":{"line":12,"column":0},"end":{"line":12,"column":23}}},"fnMap":{},"branchMap":{},"s":{"0":31,"1":31,"2":31,"3":31,"4":31,"5":31,"6":31},"f":{},"b":{},"_coverageSchema":"1a1c01bbd47fc00a2c39e90264f33305004495a9","hash":"2589704be15a1ed0c370995923c2c1241e110b08"}
,"C:\\Users\\Member\\HACKTIV8\\final-project\\artmart-server\\routes\\indexRouter.js": {"path":"C:\\Users\\Member\\HACKTIV8\\final-project\\artmart-server\\routes\\indexRouter.js","statementMap":{"0":{"start":{"line":1,"column":15},"end":{"line":1,"column":43}},"1":{"start":{"line":2,"column":20},"end":{"line":2,"column":45}},"2":{"start":{"line":3,"column":22},"end":{"line":3,"column":49}},"3":{"start":{"line":4,"column":21},"end":{"line":4,"column":47}},"4":{"start":{"line":5,"column":23},"end":{"line":5,"column":51}},"5":{"start":{"line":6,"column":22},"end":{"line":6,"column":49}},"6":{"start":{"line":7,"column":23},"end":{"line":7,"column":51}},"7":{"start":{"line":8,"column":22},"end":{"line":8,"column":49}},"8":{"start":{"line":9,"column":22},"end":{"line":9,"column":49}},"9":{"start":{"line":11,"column":0},"end":{"line":11,"column":24}},"10":{"start":{"line":13,"column":0},"end":{"line":13,"column":26}},"11":{"start":{"line":15,"column":0},"end":{"line":15,"column":25}},"12":{"start":{"line":17,"column":0},"end":{"line":17,"column":27}},"13":{"start":{"line":19,"column":0},"end":{"line":19,"column":26}},"14":{"start":{"line":21,"column":0},"end":{"line":21,"column":27}},"15":{"start":{"line":23,"column":0},"end":{"line":23,"column":26}},"16":{"start":{"line":25,"column":0},"end":{"line":25,"column":26}},"17":{"start":{"line":29,"column":0},"end":{"line":29,"column":23}}},"fnMap":{},"branchMap":{},"s":{"0":31,"1":31,"2":31,"3":31,"4":31,"5":31,"6":31,"7":31,"8":31,"9":31,"10":31,"11":31,"12":31,"13":31,"14":31,"15":31,"16":31,"17":31},"f":{},"b":{},"_coverageSchema":"1a1c01bbd47fc00a2c39e90264f33305004495a9","hash":"9ec2f8ed815319b20c51ed00bdb50486dcd9819c"}
,"C:\\Users\\Member\\HACKTIV8\\final-project\\artmart-server\\routes\\optionsRouter.js": {"path":"C:\\Users\\Member\\HACKTIV8\\final-project\\artmart-server\\routes\\optionsRouter.js","statementMap":{"0":{"start":{"line":1,"column":15},"end":{"line":1,"column":43}},"1":{"start":{"line":2,"column":26},"end":{"line":2,"column":69}},"2":{"start":{"line":4,"column":0},"end":{"line":4,"column":66}},"3":{"start":{"line":6,"column":0},"end":{"line":6,"column":65}},"4":{"start":{"line":8,"column":0},"end":{"line":8,"column":73}},"5":{"start":{"line":10,"column":0},"end":{"line":10,"column":79}},"6":{"start":{"line":12,"column":0},"end":{"line":12,"column":23}}},"fnMap":{},"branchMap":{},"s":{"0":31,"1":31,"2":31,"3":31,"4":31,"5":31,"6":31},"f":{},"b":{},"_coverageSchema":"1a1c01bbd47fc00a2c39e90264f33305004495a9","hash":"1c6d21c193032e55a89a94c5645736760c17ccd3"}
,"C:\\Users\\Member\\HACKTIV8\\final-project\\artmart-server\\routes\\ordersRouter.js": {"path":"C:\\Users\\Member\\HACKTIV8\\final-project\\artmart-server\\routes\\ordersRouter.js","statementMap":{"0":{"start":{"line":1,"column":15},"end":{"line":1,"column":43}},"1":{"start":{"line":2,"column":24},"end":{"line":2,"column":66}},"2":{"start":{"line":3,"column":25},"end":{"line":3,"column":56}},"3":{"start":{"line":5,"column":0},"end":{"line":5,"column":66}},"4":{"start":{"line":7,"column":0},"end":{"line":7,"column":72}},"5":{"start":{"line":9,"column":0},"end":{"line":9,"column":60}},"6":{"start":{"line":11,"column":0},"end":{"line":11,"column":72}},"7":{"start":{"line":13,"column":0},"end":{"line":13,"column":89}},"8":{"start":{"line":15,"column":0},"end":{"line":15,"column":83}},"9":{"start":{"line":17,"column":0},"end":{"line":17,"column":79}},"10":{"start":{"line":19,"column":0},"end":{"line":19,"column":23}}},"fnMap":{},"branchMap":{},"s":{"0":31,"1":31,"2":31,"3":31,"4":31,"5":31,"6":31,"7":31,"8":31,"9":31,"10":31},"f":{},"b":{},"_coverageSchema":"1a1c01bbd47fc00a2c39e90264f33305004495a9","hash":"0edcc904969d071f63f9940f9721f1c8ae8e9439"}
,"C:\\Users\\Member\\HACKTIV8\\final-project\\artmart-server\\routes\\picturesRouter.js": {"path":"C:\\Users\\Member\\HACKTIV8\\final-project\\artmart-server\\routes\\picturesRouter.js","statementMap":{"0":{"start":{"line":1,"column":15},"end":{"line":1,"column":43}},"1":{"start":{"line":2,"column":26},"end":{"line":2,"column":70}},"2":{"start":{"line":3,"column":25},"end":{"line":3,"column":56}},"3":{"start":{"line":5,"column":0},"end":{"line":5,"column":50}},"4":{"start":{"line":7,"column":0},"end":{"line":7,"column":70}},"5":{"start":{"line":9,"column":0},"end":{"line":9,"column":76}},"6":{"start":{"line":11,"column":0},"end":{"line":11,"column":81}},"7":{"start":{"line":13,"column":0},"end":{"line":13,"column":87}},"8":{"start":{"line":15,"column":0},"end":{"line":15,"column":68}},"9":{"start":{"line":17,"column":0},"end":{"line":17,"column":76}},"10":{"start":{"line":19,"column":0},"end":{"line":19,"column":82}},"11":{"start":{"line":22,"column":0},"end":{"line":22,"column":23}}},"fnMap":{},"branchMap":{},"s":{"0":31,"1":31,"2":31,"3":31,"4":31,"5":31,"6":31,"7":31,"8":31,"9":31,"10":31,"11":31},"f":{},"b":{},"_coverageSchema":"1a1c01bbd47fc00a2c39e90264f33305004495a9","hash":"aceaaaf444b70a194248ff6de525ac15faa93fd8"}
,"C:\\Users\\Member\\HACKTIV8\\final-project\\artmart-server\\routes\\ratingsRouter.js": {"path":"C:\\Users\\Member\\HACKTIV8\\final-project\\artmart-server\\routes\\ratingsRouter.js","statementMap":{"0":{"start":{"line":1,"column":15},"end":{"line":1,"column":43}},"1":{"start":{"line":2,"column":26},"end":{"line":2,"column":69}},"2":{"start":{"line":4,"column":0},"end":{"line":4,"column":74}},"3":{"start":{"line":6,"column":0},"end":{"line":6,"column":68}},"4":{"start":{"line":8,"column":0},"end":{"line":8,"column":96}},"5":{"start":{"line":10,"column":0},"end":{"line":10,"column":87}},"6":{"start":{"line":12,"column":0},"end":{"line":12,"column":93}},"7":{"start":{"line":14,"column":0},"end":{"line":14,"column":23}}},"fnMap":{},"branchMap":{},"s":{"0":31,"1":31,"2":31,"3":31,"4":31,"5":31,"6":31,"7":31},"f":{},"b":{},"_coverageSchema":"1a1c01bbd47fc00a2c39e90264f33305004495a9","hash":"a17be597e9a7d4643468442461ef1f594c47b6a0"}
,"C:\\Users\\Member\\HACKTIV8\\final-project\\artmart-server\\routes\\reviewsRouter.js": {"path":"C:\\Users\\Member\\HACKTIV8\\final-project\\artmart-server\\routes\\reviewsRouter.js","statementMap":{"0":{"start":{"line":1,"column":15},"end":{"line":1,"column":43}},"1":{"start":{"line":2,"column":26},"end":{"line":2,"column":69}},"2":{"start":{"line":4,"column":0},"end":{"line":4,"column":74}},"3":{"start":{"line":6,"column":0},"end":{"line":6,"column":68}},"4":{"start":{"line":8,"column":0},"end":{"line":8,"column":96}},"5":{"start":{"line":10,"column":0},"end":{"line":10,"column":87}},"6":{"start":{"line":12,"column":0},"end":{"line":12,"column":93}},"7":{"start":{"line":14,"column":0},"end":{"line":14,"column":23}}},"fnMap":{},"branchMap":{},"s":{"0":31,"1":31,"2":31,"3":31,"4":31,"5":31,"6":31,"7":31},"f":{},"b":{},"_coverageSchema":"1a1c01bbd47fc00a2c39e90264f33305004495a9","hash":"59b11e3d935bc96a2a4dca701c5d5fcebb49b7cf"}
,"C:\\Users\\Member\\HACKTIV8\\final-project\\artmart-server\\routes\\usersRouter.js": {"path":"C:\\Users\\Member\\HACKTIV8\\final-project\\artmart-server\\routes\\usersRouter.js","statementMap":{"0":{"start":{"line":1,"column":15},"end":{"line":1,"column":43}},"1":{"start":{"line":2,"column":23},"end":{"line":2,"column":64}},"2":{"start":{"line":3,"column":25},"end":{"line":3,"column":56}},"3":{"start":{"line":5,"column":0},"end":{"line":5,"column":53}},"4":{"start":{"line":7,"column":0},"end":{"line":7,"column":56}},"5":{"start":{"line":9,"column":0},"end":{"line":9,"column":50}},"6":{"start":{"line":11,"column":0},"end":{"line":11,"column":63}},"7":{"start":{"line":13,"column":0},"end":{"line":13,"column":23}}},"fnMap":{},"branchMap":{},"s":{"0":31,"1":31,"2":31,"3":31,"4":31,"5":31,"6":31,"7":31},"f":{},"b":{},"_coverageSchema":"1a1c01bbd47fc00a2c39e90264f33305004495a9","hash":"47426ed36f871033de89aac24df7473ae43111ec"}
}
