TN:
SF:app.js
FNF:0
FNH:0
DA:1,39
DA:2,39
DA:5,39
DA:6,39
DA:7,39
DA:8,39
DA:9,39
DA:12,39
DA:14,39
DA:16,39
DA:18,39
DA:20,39
DA:22,39
LF:13
LH:13
BRDA:1,0,0,39
BRDA:1,0,1,0
BRDA:1,1,0,39
BRDA:1,1,1,39
BRF:4
BRH:3
end_of_record
TN:
SF:config\config.js
FNF:0
FNH:0
DA:1,39
DA:2,39
DA:4,39
DA:6,39
DA:7,39
DA:8,39
DA:9,39
DA:10,39
DA:12,39
LF:9
LH:9
BRDA:1,0,0,39
BRDA:1,0,1,0
BRDA:4,1,0,39
BRDA:4,1,1,0
BRDA:4,2,0,39
BRDA:4,2,1,39
BRF:6
BRH:4
end_of_record
TN:
SF:controllers\ArtistController.js
FN:6,(anonymous_0)
FN:24,(anonymous_1)
FN:46,(anonymous_2)
FN:120,(anonymous_3)
FNF:4
FNH:3
FNDA:2,(anonymous_0)
FNDA:7,(anonymous_1)
FNDA:6,(anonymous_2)
FNDA:0,(anonymous_3)
DA:1,39
DA:2,39
DA:3,39
DA:7,2
DA:8,2
DA:13,2
DA:14,1
DA:15,1
DA:17,1
DA:20,0
DA:25,7
DA:26,7
DA:27,7
DA:39,1
DA:40,1
DA:42,6
DA:47,6
DA:48,6
DA:52,6
DA:53,2
DA:56,2
DA:57,1
DA:59,1
DA:61,1
DA:62,1
DA:68,1
DA:70,1
DA:77,0
DA:82,6
DA:83,3
DA:86,3
DA:87,1
DA:89,2
DA:91,2
DA:92,1
DA:98,1
DA:100,1
DA:107,1
DA:112,6
DA:113,1
DA:116,0
DA:121,0
DA:122,0
DA:129,0
DA:130,0
DA:131,0
DA:132,0
DA:133,0
DA:135,0
DA:136,0
DA:139,0
DA:145,0
DA:147,0
DA:148,0
DA:149,0
DA:150,0
DA:152,0
DA:156,0
DA:161,39
LF:59
LH:39
BRDA:13,0,0,1
BRDA:13,0,1,1
BRDA:52,1,0,2
BRDA:52,1,1,4
BRDA:52,2,0,6
BRDA:52,2,1,3
BRDA:56,3,0,1
BRDA:56,3,1,1
BRDA:61,4,0,1
BRDA:61,4,1,0
BRDA:82,5,0,3
BRDA:82,5,1,3
BRDA:82,6,0,6
BRDA:82,6,1,4
BRDA:86,7,0,1
BRDA:86,7,1,2
BRDA:91,8,0,1
BRDA:91,8,1,1
BRDA:112,9,0,1
BRDA:112,9,1,5
BRDA:112,10,0,6
BRDA:112,10,1,4
BRDA:129,11,0,0
BRDA:129,11,1,0
BRDA:130,12,0,0
BRDA:130,12,1,0
BRDA:131,13,0,0
BRDA:131,13,1,0
BRDA:132,14,0,0
BRDA:132,14,1,0
BRDA:133,15,0,0
BRDA:133,15,1,0
BRDA:135,16,0,0
BRDA:135,16,1,0
BRDA:147,17,0,0
BRDA:147,17,1,0
BRF:36
BRH:21
end_of_record
TN:
SF:controllers\CommentController.js
FN:4,(anonymous_0)
FN:21,(anonymous_1)
FN:39,(anonymous_2)
FN:59,(anonymous_3)
FN:90,(anonymous_4)
FNF:5
FNH:4
FNDA:2,(anonymous_0)
FNDA:3,(anonymous_1)
FNDA:2,(anonymous_2)
FNDA:0,(anonymous_3)
FNDA:1,(anonymous_4)
DA:1,39
DA:5,2
DA:6,2
DA:15,2
DA:17,0
DA:22,3
DA:24,3
DA:25,3
DA:28,3
DA:29,2
DA:31,1
DA:35,0
DA:40,2
DA:41,2
DA:47,2
DA:48,1
DA:50,1
DA:51,1
DA:55,0
DA:60,0
DA:61,0
DA:65,0
DA:66,0
DA:68,0
DA:74,0
DA:76,0
DA:77,0
DA:78,0
DA:79,0
DA:81,0
DA:86,0
DA:91,1
DA:92,1
DA:97,1
DA:98,0
DA:100,1
DA:104,0
DA:109,39
LF:38
LH:21
BRDA:28,0,0,2
BRDA:28,0,1,1
BRDA:47,1,0,1
BRDA:47,1,1,1
BRDA:65,2,0,0
BRDA:65,2,1,0
BRDA:76,3,0,0
BRDA:76,3,1,0
BRDA:97,4,0,0
BRDA:97,4,1,1
BRF:10
BRH:5
end_of_record
TN:
SF:controllers\OptionController.js
FN:4,(anonymous_0)
FN:20,(anonymous_1)
FN:35,(anonymous_2)
FN:49,(anonymous_3)
FN:82,(anonymous_4)
FNF:5
FNH:4
FNDA:1,(anonymous_0)
FNDA:1,(anonymous_1)
FNDA:2,(anonymous_2)
FNDA:2,(anonymous_3)
FNDA:0,(anonymous_4)
DA:1,39
DA:5,1
DA:6,1
DA:14,1
DA:16,0
DA:21,1
DA:22,1
DA:24,1
DA:25,1
DA:27,0
DA:31,0
DA:36,2
DA:37,2
DA:38,2
DA:43,1
DA:45,1
DA:50,2
DA:51,2
DA:52,2
DA:56,2
DA:57,2
DA:59,2
DA:60,1
DA:63,1
DA:69,1
DA:71,1
DA:72,1
DA:73,1
DA:75,0
DA:78,0
DA:83,0
DA:86,0
DA:91,39
LF:33
LH:26
BRDA:24,0,0,1
BRDA:24,0,1,0
BRDA:56,1,0,1
BRDA:56,1,1,1
BRDA:57,2,0,2
BRDA:57,2,1,0
BRDA:59,3,0,1
BRDA:59,3,1,1
BRDA:71,4,0,1
BRDA:71,4,1,0
BRF:10
BRH:7
end_of_record
TN:
SF:controllers\OrderController.js
FN:5,(anonymous_0)
FN:22,(anonymous_1)
FN:39,(anonymous_2)
FN:59,(anonymous_3)
FN:79,(anonymous_4)
FN:111,(anonymous_5)
FN:143,(anonymous_6)
FN:170,(anonymous_7)
FN:212,(anonymous_8)
FN:238,(anonymous_9)
FN:260,(anonymous_10)
FN:274,(anonymous_11)
FN:277,(anonymous_12)
FNF:13
FNH:9
FNDA:1,(anonymous_0)
FNDA:1,(anonymous_1)
FNDA:1,(anonymous_2)
FNDA:1,(anonymous_3)
FNDA:1,(anonymous_4)
FNDA:3,(anonymous_5)
FNDA:0,(anonymous_6)
FNDA:1,(anonymous_7)
FNDA:1,(anonymous_8)
FNDA:1,(anonymous_9)
FNDA:0,(anonymous_10)
FNDA:0,(anonymous_11)
FNDA:0,(anonymous_12)
DA:1,39
DA:2,39
DA:6,1
DA:7,1
DA:16,1
DA:18,0
DA:23,1
DA:24,1
DA:33,1
DA:35,0
DA:40,1
DA:41,1
DA:53,1
DA:55,0
DA:60,1
DA:61,1
DA:73,1
DA:75,0
DA:80,1
DA:81,1
DA:82,1
DA:83,1
DA:84,1
DA:86,1
DA:87,0
DA:93,0
DA:95,1
DA:98,1
DA:99,0
DA:101,1
DA:104,1
DA:110,1
DA:111,1
DA:112,3
DA:113,3
DA:118,1
DA:131,1
DA:136,0
DA:139,1
DA:144,0
DA:145,0
DA:150,0
DA:157,0
DA:159,0
DA:160,0
DA:161,0
DA:163,0
DA:166,0
DA:171,1
DA:172,1
DA:177,1
DA:183,1
DA:184,0
DA:186,1
DA:187,1
DA:189,1
DA:190,1
DA:196,1
DA:198,1
DA:199,1
DA:200,1
DA:202,0
DA:207,0
DA:213,1
DA:214,1
DA:215,1
DA:216,0
DA:218,1
DA:224,1
DA:226,1
DA:227,1
DA:228,1
DA:230,0
DA:234,0
DA:239,1
DA:240,1
DA:241,1
DA:247,1
DA:249,1
DA:250,1
DA:251,1
DA:253,0
DA:256,0
DA:261,0
DA:262,0
DA:264,0
DA:275,0
DA:278,0
DA:282,0
DA:287,39
LF:90
LH:59
BRDA:82,0,0,1
BRDA:82,0,1,1
BRDA:86,1,0,0
BRDA:86,1,1,1
BRDA:98,2,0,0
BRDA:98,2,1,1
BRDA:110,3,0,1
BRDA:110,3,1,0
BRDA:112,4,0,3
BRDA:112,4,1,0
BRDA:159,5,0,0
BRDA:159,5,1,0
BRDA:183,6,0,0
BRDA:183,6,1,1
BRDA:198,7,0,1
BRDA:198,7,1,0
BRDA:215,8,0,0
BRDA:215,8,1,1
BRDA:226,9,0,1
BRDA:226,9,1,0
BRDA:249,10,0,1
BRDA:249,10,1,0
BRF:22
BRH:11
end_of_record
TN:
SF:controllers\PictureController.js
FN:4,(anonymous_0)
FN:17,(anonymous_1)
FN:34,(anonymous_2)
FN:51,(anonymous_3)
FN:74,(anonymous_4)
FN:96,(anonymous_5)
FN:118,(anonymous_6)
FN:161,(anonymous_7)
FN:192,(anonymous_8)
FNF:9
FNH:8
FNDA:1,(anonymous_0)
FNDA:1,(anonymous_1)
FNDA:1,(anonymous_2)
FNDA:2,(anonymous_3)
FNDA:2,(anonymous_4)
FNDA:4,(anonymous_5)
FNDA:2,(anonymous_6)
FNDA:0,(anonymous_7)
FNDA:1,(anonymous_8)
DA:1,39
DA:5,1
DA:6,1
DA:11,1
DA:13,0
DA:18,1
DA:19,1
DA:28,1
DA:30,0
DA:35,1
DA:36,1
DA:45,1
DA:47,0
DA:52,2
DA:53,2
DA:63,2
DA:64,1
DA:66,1
DA:69,0
DA:75,2
DA:76,2
DA:86,2
DA:87,1
DA:89,1
DA:92,0
DA:97,4
DA:98,4
DA:99,4
DA:100,4
DA:111,4
DA:112,1
DA:114,3
DA:119,2
DA:120,2
DA:129,2
DA:130,2
DA:131,2
DA:132,2
DA:133,2
DA:134,2
DA:135,2
DA:137,2
DA:138,1
DA:141,1
DA:147,1
DA:149,1
DA:150,1
DA:151,1
DA:153,0
DA:157,0
DA:162,0
DA:163,0
DA:166,0
DA:168,0
DA:169,0
DA:172,0
DA:178,0
DA:180,0
DA:181,0
DA:182,0
DA:184,0
DA:188,0
DA:193,1
DA:194,1
DA:199,1
DA:200,0
DA:202,1
DA:205,0
DA:210,39
LF:69
LH:48
BRDA:63,0,0,1
BRDA:63,0,1,1
BRDA:86,1,0,1
BRDA:86,1,1,1
BRDA:99,2,0,0
BRDA:99,2,1,4
BRDA:129,3,0,1
BRDA:129,3,1,1
BRDA:130,4,0,2
BRDA:130,4,1,0
BRDA:131,5,0,2
BRDA:131,5,1,0
BRDA:132,6,0,2
BRDA:132,6,1,0
BRDA:133,7,0,2
BRDA:133,7,1,0
BRDA:134,8,0,2
BRDA:134,8,1,0
BRDA:135,9,0,2
BRDA:135,9,1,0
BRDA:137,10,0,1
BRDA:137,10,1,1
BRDA:149,11,0,1
BRDA:149,11,1,0
BRDA:166,12,0,0
BRDA:166,12,1,0
BRDA:168,13,0,0
BRDA:168,13,1,0
BRDA:180,14,0,0
BRDA:180,14,1,0
BRDA:199,15,0,0
BRDA:199,15,1,1
BRF:32
BRH:17
end_of_record
TN:
SF:controllers\RatingController.js
FN:4,(anonymous_0)
FN:17,(anonymous_1)
FN:35,(anonymous_2)
FN:53,(anonymous_3)
FN:66,(anonymous_4)
FN:91,(anonymous_5)
FN:123,(anonymous_6)
FNF:7
FNH:7
FNDA:1,(anonymous_0)
FNDA:2,(anonymous_1)
FNDA:2,(anonymous_2)
FNDA:1,(anonymous_3)
FNDA:1,(anonymous_4)
FNDA:2,(anonymous_5)
FNDA:1,(anonymous_6)
DA:1,39
DA:5,1
DA:6,1
DA:11,1
DA:13,0
DA:18,2
DA:19,2
DA:24,2
DA:25,1
DA:27,1
DA:31,0
DA:36,2
DA:37,2
DA:42,2
DA:43,1
DA:45,1
DA:49,0
DA:54,1
DA:55,1
DA:60,1
DA:62,0
DA:67,1
DA:68,1
DA:74,1
DA:76,1
DA:80,1
DA:85,1
DA:87,0
DA:92,2
DA:93,2
DA:96,2
DA:98,2
DA:99,1
DA:102,1
DA:109,1
DA:111,1
DA:112,1
DA:114,1
DA:116,0
DA:119,0
DA:124,1
DA:125,1
DA:131,1
DA:132,0
DA:135,1
DA:137,0
DA:142,39
LF:47
LH:38
BRDA:24,0,0,1
BRDA:24,0,1,1
BRDA:42,1,0,1
BRDA:42,1,1,1
BRDA:96,2,0,1
BRDA:96,2,1,1
BRDA:98,3,0,1
BRDA:98,3,1,1
BRDA:111,4,0,1
BRDA:111,4,1,0
BRDA:131,5,0,0
BRDA:131,5,1,1
BRF:12
BRH:10
end_of_record
TN:
SF:controllers\ReviewController.js
FN:4,(anonymous_0)
FN:17,(anonymous_1)
FN:30,(anonymous_2)
FN:48,(anonymous_3)
FN:66,(anonymous_4)
FN:93,(anonymous_5)
FN:128,(anonymous_6)
FNF:7
FNH:5
FNDA:1,(anonymous_0)
FNDA:1,(anonymous_1)
FNDA:2,(anonymous_2)
FNDA:2,(anonymous_3)
FNDA:2,(anonymous_4)
FNDA:0,(anonymous_5)
FNDA:0,(anonymous_6)
DA:1,39
DA:5,1
DA:6,1
DA:11,1
DA:13,0
DA:18,1
DA:19,1
DA:24,1
DA:26,0
DA:31,2
DA:32,2
DA:37,2
DA:38,1
DA:40,1
DA:44,0
DA:49,2
DA:50,2
DA:55,2
DA:56,1
DA:58,1
DA:62,0
DA:67,2
DA:68,2
DA:69,2
DA:76,2
DA:78,1
DA:82,1
DA:87,1
DA:89,1
DA:94,0
DA:95,0
DA:96,0
DA:100,0
DA:101,0
DA:103,0
DA:104,0
DA:108,0
DA:114,0
DA:116,0
DA:117,0
DA:119,0
DA:121,0
DA:124,0
DA:129,0
DA:130,0
DA:135,0
DA:136,0
DA:139,0
DA:141,0
DA:146,39
LF:50
LH:26
BRDA:37,0,0,1
BRDA:37,0,1,1
BRDA:55,1,0,1
BRDA:55,1,1,1
BRDA:100,2,0,0
BRDA:100,2,1,0
BRDA:101,3,0,0
BRDA:101,3,1,0
BRDA:103,4,0,0
BRDA:103,4,1,0
BRDA:116,5,0,0
BRDA:116,5,1,0
BRDA:135,6,0,0
BRDA:135,6,1,0
BRF:14
BRH:4
end_of_record
TN:
SF:controllers\UserController.js
FN:6,(anonymous_0)
FN:24,(anonymous_1)
FN:43,(anonymous_2)
FN:107,(anonymous_3)
FNF:4
FNH:4
FNDA:2,(anonymous_0)
FNDA:7,(anonymous_1)
FNDA:6,(anonymous_2)
FNDA:1,(anonymous_3)
DA:1,39
DA:2,39
DA:3,39
DA:7,2
DA:8,2
DA:13,2
DA:14,1
DA:15,1
DA:17,1
DA:20,0
DA:25,7
DA:26,7
DA:27,7
DA:36,1
DA:37,1
DA:39,6
DA:44,6
DA:45,6
DA:47,6
DA:48,2
DA:53,2
DA:54,1
DA:56,1
DA:57,1
DA:58,0
DA:60,1
DA:65,1
DA:66,1
DA:75,4
DA:80,4
DA:81,2
DA:83,2
DA:84,2
DA:85,1
DA:87,1
DA:92,1
DA:93,1
DA:103,0
DA:108,1
DA:109,1
DA:116,1
DA:117,1
DA:118,1
DA:119,1
DA:120,1
DA:122,1
DA:123,0
DA:126,1
DA:132,1
DA:134,1
DA:135,1
DA:136,1
DA:137,1
DA:139,0
DA:143,0
DA:148,39
LF:56
LH:50
BRDA:13,0,0,1
BRDA:13,0,1,1
BRDA:47,1,0,2
BRDA:47,1,1,4
BRDA:53,2,0,1
BRDA:53,2,1,1
BRDA:57,3,0,0
BRDA:57,3,1,1
BRDA:80,4,0,2
BRDA:80,4,1,2
BRDA:84,5,0,1
BRDA:84,5,1,1
BRDA:116,6,0,0
BRDA:116,6,1,1
BRDA:117,7,0,1
BRDA:117,7,1,0
BRDA:118,8,0,1
BRDA:118,8,1,0
BRDA:119,9,0,1
BRDA:119,9,1,0
BRDA:120,10,0,1
BRDA:120,10,1,0
BRDA:122,11,0,0
BRDA:122,11,1,1
BRDA:134,12,0,1
BRDA:134,12,1,0
BRF:26
BRH:18
end_of_record
TN:
SF:controllers\categoriesController.js
FN:4,(anonymous_0)
FNF:1
FNH:1
FNDA:1,(anonymous_0)
DA:1,39
DA:5,1
DA:6,1
DA:8,1
DA:10,0
DA:15,39
LF:6
LH:5
BRF:0
BRH:0
end_of_record
TN:
SF:helpers\bcrypt.js
FN:3,hashPassword
FN:9,checkPassword
FNF:2
FNH:2
FNDA:3,hashPassword
FNDA:6,checkPassword
DA:1,39
DA:4,3
DA:5,3
DA:6,3
DA:10,6
DA:13,39
LF:6
LH:6
BRF:0
BRH:0
end_of_record
TN:
SF:helpers\jwt.js
FN:9,generateToken
FN:14,checkToken
FNF:2
FNH:2
FNDA:26,generateToken
FNDA:58,checkToken
DA:1,39
DA:2,39
DA:5,39
DA:7,39
DA:10,26
DA:11,26
DA:15,58
DA:16,45
DA:19,39
LF:9
LH:9
BRDA:1,0,0,39
BRDA:1,0,1,0
BRDA:1,1,0,39
BRDA:1,1,1,39
BRDA:7,2,0,39
BRDA:7,2,1,0
BRF:6
BRH:4
end_of_record
TN:
SF:middlewares\auth.js
FN:4,authenticate
FN:37,authorizeUserEdit
FN:59,authorizeArtistEdit
FN:81,authorizeUserOrder
FN:103,authorizeArtistOrder
FN:125,authorizeUserPicture
FN:144,authorizeArtistPicture
FN:166,authorizeUserComment
FN:185,authorizeArtistOption
FN:207,authorizeUserRating
FNF:10
FNH:9
FNDA:58,authenticate
FNDA:6,authorizeUserEdit
FNDA:6,authorizeArtistEdit
FNDA:1,authorizeUserOrder
FNDA:4,authorizeArtistOrder
FNDA:0,authorizeUserPicture
FNDA:3,authorizeArtistPicture
FNDA:1,authorizeUserComment
FNDA:3,authorizeArtistOption
FNDA:5,authorizeUserRating
DA:1,39
DA:2,39
DA:5,58
DA:6,58
DA:8,45
DA:14,45
DA:20,45
DA:21,0
DA:23,45
DA:24,30
DA:25,30
DA:28,15
DA:29,15
DA:33,13
DA:38,6
DA:39,6
DA:40,6
DA:45,6
DA:46,0
DA:49,6
DA:50,5
DA:51,1
DA:52,1
DA:55,0
DA:60,6
DA:61,6
DA:62,6
DA:67,6
DA:68,0
DA:71,6
DA:72,6
DA:73,0
DA:74,0
DA:77,0
DA:82,1
DA:83,1
DA:84,1
DA:89,1
DA:90,0
DA:93,1
DA:94,0
DA:95,1
DA:96,1
DA:99,0
DA:104,4
DA:105,4
DA:106,4
DA:111,4
DA:112,0
DA:115,4
DA:116,0
DA:117,4
DA:118,4
DA:121,0
DA:126,0
DA:127,0
DA:128,0
DA:134,0
DA:135,0
DA:136,0
DA:137,0
DA:140,0
DA:145,3
DA:146,3
DA:147,3
DA:152,3
DA:153,0
DA:156,3
DA:157,0
DA:158,3
DA:159,3
DA:162,0
DA:167,1
DA:168,1
DA:169,1
DA:175,1
DA:176,0
DA:177,1
DA:178,1
DA:181,0
DA:186,3
DA:187,3
DA:188,3
DA:193,3
DA:194,1
DA:197,2
DA:198,0
DA:199,2
DA:200,2
DA:203,0
DA:208,5
DA:209,5
DA:210,5
DA:216,5
DA:217,0
DA:218,3
DA:219,3
DA:222,2
DA:226,39
LF:99
LH:70
BRDA:20,0,0,0
BRDA:20,0,1,45
BRDA:20,1,0,45
BRDA:20,1,1,30
BRDA:23,2,0,30
BRDA:23,2,1,15
BRDA:45,3,0,0
BRDA:45,3,1,6
BRDA:49,4,0,5
BRDA:49,4,1,1
BRDA:51,5,0,1
BRDA:51,5,1,0
BRDA:67,6,0,0
BRDA:67,6,1,6
BRDA:71,7,0,6
BRDA:71,7,1,0
BRDA:73,8,0,0
BRDA:73,8,1,0
BRDA:89,9,0,0
BRDA:89,9,1,1
BRDA:93,10,0,0
BRDA:93,10,1,1
BRDA:95,11,0,1
BRDA:95,11,1,0
BRDA:111,12,0,0
BRDA:111,12,1,4
BRDA:115,13,0,0
BRDA:115,13,1,4
BRDA:117,14,0,4
BRDA:117,14,1,0
BRDA:134,15,0,0
BRDA:134,15,1,0
BRDA:136,16,0,0
BRDA:136,16,1,0
BRDA:152,17,0,0
BRDA:152,17,1,3
BRDA:156,18,0,0
BRDA:156,18,1,3
BRDA:158,19,0,3
BRDA:158,19,1,0
BRDA:175,20,0,0
BRDA:175,20,1,1
BRDA:177,21,0,1
BRDA:177,21,1,0
BRDA:193,22,0,1
BRDA:193,22,1,2
BRDA:197,23,0,0
BRDA:197,23,1,2
BRDA:199,24,0,2
BRDA:199,24,1,0
BRDA:216,25,0,0
BRDA:216,25,1,3
BRDA:218,26,0,3
BRDA:218,26,1,0
BRF:54
BRH:28
end_of_record
TN:
SF:middlewares\errorHandlers.js
FN:1,errorHandlers
FN:6,(anonymous_1)
FNF:2
FNH:2
FNDA:55,errorHandlers
FNDA:26,(anonymous_1)
DA:2,55
DA:4,55
DA:5,55
DA:6,21
DA:7,26
DA:11,55
DA:13,20
DA:14,20
DA:16,1
DA:17,1
DA:19,10
DA:20,10
DA:22,8
DA:23,8
DA:25,0
DA:26,0
DA:28,13
DA:29,13
DA:31,1
DA:32,1
DA:34,0
DA:35,0
DA:37,2
DA:41,39
LF:24
LH:20
BRDA:5,0,0,21
BRDA:5,0,1,34
BRDA:11,1,0,20
BRDA:11,1,1,1
BRDA:11,1,2,10
BRDA:11,1,3,8
BRDA:11,1,4,0
BRDA:11,1,5,13
BRDA:11,1,6,1
BRDA:11,1,7,0
BRDA:11,1,8,2
BRF:11
BRH:9
end_of_record
TN:
SF:models\artist.js
FN:7,(anonymous_0)
FN:14,(anonymous_1)
FN:102,(anonymous_2)
FNF:3
FNH:3
FNDA:39,(anonymous_0)
FNDA:39,(anonymous_1)
FNDA:2,(anonymous_2)
DA:2,39
DA:6,39
DA:7,39
DA:16,39
DA:19,39
DA:20,39
DA:21,39
DA:22,39
DA:23,39
DA:26,39
DA:103,2
DA:104,2
DA:105,0
DA:110,39
LF:14
LH:13
BRDA:104,0,0,0
BRDA:104,0,1,2
BRF:2
BRH:1
end_of_record
TN:
SF:models\category.js
FN:5,(anonymous_0)
FN:12,(anonymous_1)
FNF:2
FNH:2
FNDA:39,(anonymous_0)
FNDA:39,(anonymous_1)
DA:4,39
DA:5,39
DA:14,39
DA:17,39
DA:30,39
LF:5
LH:5
BRF:0
BRH:0
end_of_record
TN:
SF:models\comment.js
FN:5,(anonymous_0)
FN:12,(anonymous_1)
FNF:2
FNH:2
FNDA:39,(anonymous_0)
FNDA:39,(anonymous_1)
DA:4,39
DA:5,39
DA:14,39
DA:15,39
DA:18,39
DA:47,39
LF:6
LH:6
BRF:0
BRH:0
end_of_record
TN:
SF:models\index.js
FN:20,(anonymous_0)
FN:23,(anonymous_1)
FN:28,(anonymous_2)
FNF:3
FNH:3
FNDA:390,(anonymous_0)
FNDA:351,(anonymous_1)
FNDA:351,(anonymous_2)
DA:3,39
DA:4,39
DA:5,39
DA:6,39
DA:7,39
DA:8,39
DA:9,39
DA:12,39
DA:13,0
DA:15,39
DA:18,39
DA:21,390
DA:24,351
DA:25,351
DA:28,39
DA:29,351
DA:30,351
DA:34,39
DA:35,39
DA:37,39
LF:20
LH:19
BRDA:7,0,0,39
BRDA:7,0,1,0
BRDA:12,1,0,0
BRDA:12,1,1,39
BRDA:21,2,0,390
BRDA:21,2,1,390
BRDA:21,2,2,351
BRDA:29,3,0,351
BRDA:29,3,1,0
BRF:9
BRH:6
end_of_record
TN:
SF:models\option.js
FN:5,(anonymous_0)
FN:12,(anonymous_1)
FNF:2
FNH:2
FNDA:39,(anonymous_0)
FNDA:39,(anonymous_1)
DA:4,39
DA:5,39
DA:14,39
DA:17,39
DA:46,39
LF:5
LH:5
BRF:0
BRH:0
end_of_record
TN:
SF:models\order.js
FN:5,(anonymous_0)
FN:12,(anonymous_1)
FNF:2
FNH:2
FNDA:39,(anonymous_0)
FNDA:39,(anonymous_1)
DA:4,39
DA:5,39
DA:14,39
DA:15,39
DA:16,39
DA:17,39
DA:20,39
DA:72,39
LF:8
LH:8
BRF:0
BRH:0
end_of_record
TN:
SF:models\picture.js
FN:5,(anonymous_0)
FN:12,(anonymous_1)
FNF:2
FNH:2
FNDA:39,(anonymous_0)
FNDA:39,(anonymous_1)
DA:4,39
DA:5,39
DA:14,39
DA:15,39
DA:16,39
DA:19,39
DA:60,39
LF:7
LH:7
BRF:0
BRH:0
end_of_record
TN:
SF:models\rating.js
FN:5,(anonymous_0)
FN:12,(anonymous_1)
FNF:2
FNH:2
FNDA:39,(anonymous_0)
FNDA:39,(anonymous_1)
DA:4,39
DA:5,39
DA:14,39
DA:17,39
DA:20,39
DA:49,39
LF:6
LH:6
BRF:0
BRH:0
end_of_record
TN:
SF:models\review.js
FN:5,(anonymous_0)
FN:12,(anonymous_1)
FNF:2
FNH:2
FNDA:39,(anonymous_0)
FNDA:39,(anonymous_1)
DA:4,39
DA:5,39
DA:14,39
DA:17,39
DA:20,39
DA:57,39
LF:6
LH:6
BRF:0
BRH:0
end_of_record
TN:
SF:models\user.js
FN:7,(anonymous_0)
FN:14,(anonymous_1)
FN:82,(anonymous_2)
FNF:3
FNH:3
FNDA:39,(anonymous_0)
FNDA:39,(anonymous_1)
FNDA:1,(anonymous_2)
DA:2,39
DA:6,39
DA:7,39
DA:16,39
DA:19,39
DA:22,39
DA:25,39
DA:26,39
DA:27,39
DA:30,39
DA:83,1
DA:84,1
DA:85,0
DA:90,39
LF:14
LH:13
BRDA:84,0,0,0
BRDA:84,0,1,1
BRF:2
BRH:1
end_of_record
TN:
SF:routes\artistsRouter.js
FNF:0
FNH:0
DA:1,39
DA:2,39
DA:3,39
DA:5,39
DA:7,39
DA:9,39
DA:11,39
DA:13,39
LF:8
LH:8
BRF:0
BRH:0
end_of_record
TN:
SF:routes\catRouter.js
FNF:0
FNH:0
DA:1,39
DA:2,39
DA:5,39
DA:8,39
LF:4
LH:4
BRF:0
BRH:0
end_of_record
TN:
SF:routes\commentsRouter.js
FNF:0
FNH:0
DA:1,39
DA:2,39
DA:3,39
DA:5,39
DA:7,39
DA:9,39
DA:11,39
DA:13,39
DA:15,39
DA:17,39
LF:10
LH:10
BRF:0
BRH:0
end_of_record
TN:
SF:routes\indexRouter.js
FN:12,(anonymous_0)
FNF:1
FNH:0
FNDA:0,(anonymous_0)
DA:1,39
DA:2,39
DA:3,39
DA:4,39
DA:5,39
DA:6,39
DA:7,39
DA:8,39
DA:9,39
DA:10,39
DA:12,39
DA:13,0
DA:16,39
DA:18,39
DA:20,39
DA:22,39
DA:24,39
DA:26,39
DA:28,39
DA:30,39
DA:32,39
DA:35,39
LF:22
LH:21
BRF:0
BRH:0
end_of_record
TN:
SF:routes\optionsRouter.js
FNF:0
FNH:0
DA:1,39
DA:2,39
DA:3,39
DA:5,39
DA:7,39
DA:9,39
DA:11,39
DA:13,39
DA:15,39
LF:9
LH:9
BRF:0
BRH:0
end_of_record
TN:
SF:routes\ordersRouter.js
FNF:0
FNH:0
DA:1,39
DA:2,39
DA:3,39
DA:5,39
DA:7,39
DA:9,39
DA:11,39
DA:13,39
DA:15,39
DA:17,39
DA:19,39
DA:21,39
DA:23,39
DA:25,39
LF:14
LH:14
BRF:0
BRH:0
end_of_record
TN:
SF:routes\picturesRouter.js
FNF:0
FNH:0
DA:1,39
DA:2,39
DA:3,39
DA:5,39
DA:7,39
DA:9,39
DA:11,39
DA:13,39
DA:15,39
DA:17,39
DA:19,39
DA:21,39
DA:24,39
LF:13
LH:13
BRF:0
BRH:0
end_of_record
TN:
SF:routes\ratingsRouter.js
FNF:0
FNH:0
DA:1,39
DA:2,39
DA:3,39
DA:5,39
DA:7,39
DA:9,39
DA:11,39
DA:13,39
DA:15,39
DA:17,39
DA:19,39
LF:11
LH:11
BRF:0
BRH:0
end_of_record
TN:
SF:routes\reviewsRouter.js
FNF:0
FNH:0
DA:1,39
DA:2,39
DA:3,39
DA:5,39
DA:7,39
DA:9,39
DA:11,39
DA:13,39
DA:15,39
DA:17,39
DA:19,39
LF:11
LH:11
BRF:0
BRH:0
end_of_record
TN:
SF:routes\usersRouter.js
FNF:0
FNH:0
DA:1,39
DA:2,39
DA:3,39
DA:5,39
DA:7,39
DA:9,39
DA:11,39
DA:13,39
LF:8
LH:8
BRF:0
BRH:0
end_of_record
