TN:
SF:app.js
FNF:0
FNH:0
DA:1,40
DA:2,40
DA:5,40
DA:6,40
DA:7,40
DA:8,40
DA:9,40
DA:12,40
DA:14,40
DA:16,40
DA:18,40
DA:20,40
DA:22,40
LF:13
LH:13
BRDA:1,0,0,40
BRDA:1,0,1,0
BRDA:1,1,0,40
BRDA:1,1,1,40
BRF:4
BRH:3
end_of_record
TN:
SF:config\config.js
FNF:0
FNH:0
DA:1,40
DA:2,40
DA:4,40
DA:6,40
DA:7,40
DA:8,40
DA:9,40
DA:10,40
DA:12,40
LF:9
LH:9
BRDA:1,0,0,40
BRDA:1,0,1,0
BRDA:4,1,0,40
BRDA:4,1,1,0
BRDA:4,2,0,40
BRDA:4,2,1,40
BRF:6
BRH:4
end_of_record
TN:
SF:controllers\ArtistController.js
FN:6,(anonymous_0)
FN:24,(anonymous_1)
FN:46,(anonymous_2)
FN:123,(anonymous_3)
FNF:4
FNH:4
FNDA:3,(anonymous_0)
FNDA:7,(anonymous_1)
FNDA:6,(anonymous_2)
FNDA:1,(anonymous_3)
DA:1,40
DA:2,40
DA:3,40
DA:7,3
DA:8,3
DA:13,2
DA:14,1
DA:15,1
DA:17,1
DA:20,1
DA:25,7
DA:26,7
DA:27,7
DA:39,1
DA:40,1
DA:42,6
DA:47,6
DA:48,6
DA:52,6
DA:53,2
DA:56,2
DA:57,1
DA:59,1
DA:61,1
DA:62,1
DA:68,1
DA:70,1
DA:78,0
DA:83,6
DA:84,3
DA:87,3
DA:88,2
DA:90,1
DA:92,1
DA:93,1
DA:99,1
DA:101,1
DA:109,0
DA:114,6
DA:115,1
DA:119,0
DA:124,1
DA:125,1
DA:132,1
DA:138,1
DA:139,0
DA:142,1
DA:148,1
DA:150,1
DA:151,1
DA:152,1
DA:153,1
DA:165,40
LF:53
LH:49
BRDA:13,0,0,1
BRDA:13,0,1,1
BRDA:52,1,0,2
BRDA:52,1,1,4
BRDA:52,2,0,6
BRDA:52,2,1,3
BRDA:56,3,0,1
BRDA:56,3,1,1
BRDA:61,4,0,1
BRDA:61,4,1,0
BRDA:83,5,0,3
BRDA:83,5,1,3
BRDA:83,6,0,6
BRDA:83,6,1,4
BRDA:87,7,0,2
BRDA:87,7,1,1
BRDA:92,8,0,1
BRDA:92,8,1,0
BRDA:114,9,0,1
BRDA:114,9,1,5
BRDA:114,10,0,6
BRDA:114,10,1,4
BRDA:132,11,0,0
BRDA:132,11,1,1
BRDA:138,12,0,0
BRDA:138,12,1,1
BRDA:150,13,0,1
BRDA:150,13,1,0
BRF:28
BRH:23
end_of_record
TN:
SF:controllers\CommentController.js
FN:4,(anonymous_0)
FN:21,(anonymous_1)
FN:39,(anonymous_2)
FN:59,(anonymous_3)
FN:90,(anonymous_4)
FNF:5
FNH:5
FNDA:2,(anonymous_0)
FNDA:6,(anonymous_1)
FNDA:2,(anonymous_2)
FNDA:2,(anonymous_3)
FNDA:1,(anonymous_4)
DA:1,40
DA:5,2
DA:6,2
DA:15,1
DA:17,1
DA:22,6
DA:24,6
DA:25,6
DA:28,4
DA:29,2
DA:31,2
DA:35,2
DA:40,2
DA:41,2
DA:47,2
DA:48,1
DA:50,1
DA:51,1
DA:60,2
DA:61,2
DA:65,2
DA:66,1
DA:68,1
DA:74,1
DA:76,1
DA:77,1
DA:78,1
DA:79,1
DA:91,1
DA:92,1
DA:97,1
DA:101,1
DA:110,40
LF:33
LH:33
BRDA:28,0,0,2
BRDA:28,0,1,2
BRDA:47,1,0,1
BRDA:47,1,1,1
BRDA:65,2,0,1
BRDA:65,2,1,1
BRDA:76,3,0,1
BRDA:76,3,1,0
BRDA:97,4,0,0
BRDA:97,4,1,1
BRF:10
BRH:8
end_of_record
TN:
SF:controllers\OptionController.js
FN:4,(anonymous_0)
FN:21,(anonymous_1)
FN:36,(anonymous_2)
FN:50,(anonymous_3)
FN:84,(anonymous_4)
FNF:5
FNH:5
FNDA:1,(anonymous_0)
FNDA:1,(anonymous_1)
FNDA:1,(anonymous_2)
FNDA:2,(anonymous_3)
FNDA:1,(anonymous_4)
DA:1,40
DA:5,1
DA:6,1
DA:14,1
DA:22,1
DA:23,1
DA:25,1
DA:26,1
DA:37,1
DA:38,1
DA:39,1
DA:44,1
DA:51,2
DA:52,2
DA:53,2
DA:57,2
DA:60,2
DA:61,1
DA:64,1
DA:70,1
DA:72,1
DA:73,1
DA:74,1
DA:85,1
DA:86,1
DA:90,1
DA:95,1
DA:103,40
LF:28
LH:28
BRDA:25,0,0,1
BRDA:25,0,1,0
BRDA:57,1,0,1
BRDA:57,1,1,1
BRDA:60,2,0,1
BRDA:60,2,1,1
BRDA:72,3,0,1
BRDA:72,3,1,0
BRDA:90,4,0,0
BRDA:90,4,1,1
BRF:10
BRH:7
end_of_record
TN:
SF:controllers\OrderController.js
FN:5,(anonymous_0)
FN:22,(anonymous_1)
FN:39,(anonymous_2)
FN:59,(anonymous_3)
FN:79,(anonymous_4)
FN:146,(anonymous_5)
FN:173,(anonymous_6)
FN:216,(anonymous_7)
FN:286,(anonymous_8)
FN:319,(anonymous_9)
FN:336,(anonymous_10)
FN:339,(anonymous_11)
FNF:12
FNH:10
FNDA:1,(anonymous_0)
FNDA:1,(anonymous_1)
FNDA:1,(anonymous_2)
FNDA:1,(anonymous_3)
FNDA:1,(anonymous_4)
FNDA:0,(anonymous_5)
FNDA:1,(anonymous_6)
FNDA:2,(anonymous_7)
FNDA:2,(anonymous_8)
FNDA:1,(anonymous_9)
FNDA:0,(anonymous_10)
FNDA:1,(anonymous_11)
DA:1,40
DA:2,40
DA:6,1
DA:7,1
DA:16,1
DA:23,1
DA:24,1
DA:33,1
DA:40,1
DA:41,1
DA:53,1
DA:60,1
DA:61,1
DA:73,1
DA:80,1
DA:81,1
DA:82,1
DA:83,1
DA:84,1
DA:86,1
DA:96,1
DA:99,1
DA:103,1
DA:106,1
DA:112,1
DA:121,1
DA:134,1
DA:139,1
DA:174,1
DA:175,1
DA:180,1
DA:186,1
DA:190,1
DA:191,1
DA:193,1
DA:194,1
DA:200,1
DA:202,1
DA:203,1
DA:204,1
DA:217,2
DA:219,2
DA:224,2
DA:225,1
DA:229,1
DA:246,1
DA:253,1
DA:258,1
DA:260,1
DA:261,1
DA:263,1
DA:276,0
DA:282,1
DA:287,2
DA:288,2
DA:293,2
DA:294,1
DA:297,1
DA:298,1
DA:304,1
DA:306,1
DA:307,1
DA:308,1
DA:320,1
DA:321,1
DA:328,1
DA:340,1
DA:341,1
DA:350,40
LF:69
LH:68
BRDA:82,0,0,1
BRDA:82,0,1,1
BRDA:86,1,0,0
BRDA:86,1,1,1
BRDA:99,2,0,0
BRDA:99,2,1,1
BRDA:112,3,0,0
BRDA:112,3,1,1
BRDA:186,4,0,0
BRDA:186,4,1,1
BRDA:202,5,0,1
BRDA:202,5,1,0
BRDA:224,6,0,1
BRDA:224,6,1,1
BRDA:253,7,0,0
BRDA:253,7,1,1
BRDA:260,8,0,1
BRDA:260,8,1,0
BRDA:293,9,0,1
BRDA:293,9,1,1
BRDA:306,10,0,1
BRDA:306,10,1,0
BRF:22
BRH:14
end_of_record
TN:
SF:controllers\PictureController.js
FN:4,(anonymous_0)
FN:22,(anonymous_1)
FN:28,(anonymous_2)
FN:39,(anonymous_3)
FN:46,(anonymous_4)
FN:61,(anonymous_5)
FN:78,(anonymous_6)
FN:95,(anonymous_7)
FN:118,(anonymous_8)
FN:140,(anonymous_9)
FN:162,(anonymous_10)
FN:205,(anonymous_11)
FN:236,(anonymous_12)
FNF:13
FNH:13
FNDA:1,(anonymous_0)
FNDA:5,(anonymous_1)
FNDA:20,(anonymous_2)
FNDA:4,(anonymous_3)
FNDA:2,(anonymous_4)
FNDA:2,(anonymous_5)
FNDA:2,(anonymous_6)
FNDA:3,(anonymous_7)
FNDA:3,(anonymous_8)
FNDA:4,(anonymous_9)
FNDA:2,(anonymous_10)
FNDA:1,(anonymous_11)
FNDA:1,(anonymous_12)
DA:1,40
DA:5,1
DA:6,1
DA:16,1
DA:17,1
DA:19,1
DA:21,1
DA:22,1
DA:23,5
DA:24,5
DA:27,5
DA:28,5
DA:29,20
DA:30,4
DA:37,1
DA:38,5
DA:39,5
DA:40,4
DA:42,5
DA:43,5
DA:46,1
DA:47,2
DA:48,10
DA:49,2
DA:55,1
DA:62,2
DA:63,2
DA:72,1
DA:74,1
DA:79,2
DA:80,2
DA:89,1
DA:91,1
DA:96,3
DA:97,3
DA:107,2
DA:108,1
DA:110,1
DA:113,1
DA:119,3
DA:120,3
DA:130,2
DA:131,1
DA:133,1
DA:136,1
DA:141,4
DA:142,4
DA:143,4
DA:144,4
DA:155,4
DA:156,1
DA:158,3
DA:163,2
DA:164,2
DA:173,2
DA:174,2
DA:175,2
DA:176,2
DA:177,2
DA:178,2
DA:179,2
DA:181,2
DA:182,1
DA:185,1
DA:191,1
DA:193,1
DA:194,1
DA:195,1
DA:206,1
DA:207,1
DA:210,1
DA:212,1
DA:216,1
DA:222,1
DA:224,1
DA:225,1
DA:226,1
DA:237,1
DA:238,1
DA:243,1
DA:246,1
DA:254,40
LF:82
LH:82
BRDA:21,0,0,1
BRDA:21,0,1,0
BRDA:23,1,0,5
BRDA:23,1,1,0
BRDA:27,2,0,5
BRDA:27,2,1,0
BRDA:29,3,0,4
BRDA:29,3,1,16
BRDA:43,4,0,4
BRDA:43,4,1,1
BRDA:48,5,0,2
BRDA:48,5,1,8
BRDA:107,6,0,1
BRDA:107,6,1,1
BRDA:130,7,0,1
BRDA:130,7,1,1
BRDA:143,8,0,0
BRDA:143,8,1,4
BRDA:173,9,0,1
BRDA:173,9,1,1
BRDA:174,10,0,2
BRDA:174,10,1,0
BRDA:175,11,0,2
BRDA:175,11,1,0
BRDA:176,12,0,2
BRDA:176,12,1,0
BRDA:177,13,0,2
BRDA:177,13,1,0
BRDA:178,14,0,2
BRDA:178,14,1,0
BRDA:179,15,0,2
BRDA:179,15,1,0
BRDA:181,16,0,1
BRDA:181,16,1,1
BRDA:193,17,0,1
BRDA:193,17,1,0
BRDA:210,18,0,0
BRDA:210,18,1,1
BRDA:212,19,0,0
BRDA:212,19,1,1
BRDA:224,20,0,1
BRDA:224,20,1,0
BRDA:243,21,0,0
BRDA:243,21,1,1
BRF:44
BRH:29
end_of_record
TN:
SF:controllers\RatingController.js
FN:4,(anonymous_0)
FN:17,(anonymous_1)
FN:26,(anonymous_2)
FN:37,(anonymous_3)
FN:56,(anonymous_4)
FN:74,(anonymous_5)
FN:87,(anonymous_6)
FN:129,(anonymous_7)
FN:162,(anonymous_8)
FNF:9
FNH:9
FNDA:2,(anonymous_0)
FNDA:2,(anonymous_1)
FNDA:3,(anonymous_2)
FNDA:2,(anonymous_3)
FNDA:3,(anonymous_4)
FNDA:2,(anonymous_5)
FNDA:1,(anonymous_6)
FNDA:2,(anonymous_7)
FNDA:1,(anonymous_8)
DA:1,40
DA:5,2
DA:6,2
DA:11,1
DA:13,1
DA:18,2
DA:19,2
DA:24,1
DA:26,1
DA:27,3
DA:30,1
DA:31,1
DA:33,1
DA:38,2
DA:39,2
DA:44,2
DA:45,1
DA:47,1
DA:57,3
DA:58,3
DA:63,2
DA:64,1
DA:66,1
DA:70,1
DA:75,2
DA:76,2
DA:81,1
DA:83,1
DA:88,1
DA:89,1
DA:95,1
DA:97,1
DA:100,1
DA:104,1
DA:110,1
DA:112,1
DA:116,1
DA:121,1
DA:130,2
DA:131,2
DA:134,2
DA:136,2
DA:137,1
DA:140,1
DA:147,1
DA:149,1
DA:150,1
DA:152,1
DA:163,1
DA:164,1
DA:170,1
DA:177,40
LF:52
LH:52
BRDA:44,0,0,1
BRDA:44,0,1,1
BRDA:63,1,0,1
BRDA:63,1,1,1
BRDA:95,2,0,0
BRDA:95,2,1,1
BRDA:97,3,0,0
BRDA:97,3,1,1
BRDA:100,4,0,0
BRDA:100,4,1,1
BRDA:134,5,0,1
BRDA:134,5,1,1
BRDA:136,6,0,1
BRDA:136,6,1,1
BRDA:149,7,0,1
BRDA:149,7,1,0
BRF:16
BRH:12
end_of_record
TN:
SF:controllers\ReviewController.js
FN:4,(anonymous_0)
FN:17,(anonymous_1)
FN:30,(anonymous_2)
FN:48,(anonymous_3)
FN:66,(anonymous_4)
FN:111,(anonymous_5)
FN:147,(anonymous_6)
FNF:7
FNH:7
FNDA:2,(anonymous_0)
FNDA:2,(anonymous_1)
FNDA:3,(anonymous_2)
FNDA:3,(anonymous_3)
FNDA:1,(anonymous_4)
FNDA:2,(anonymous_5)
FNDA:1,(anonymous_6)
DA:1,40
DA:5,2
DA:6,2
DA:11,1
DA:13,1
DA:18,2
DA:19,2
DA:24,1
DA:26,1
DA:31,3
DA:32,3
DA:37,2
DA:38,1
DA:40,1
DA:44,1
DA:49,3
DA:50,3
DA:55,2
DA:56,1
DA:58,1
DA:62,1
DA:67,1
DA:68,1
DA:75,1
DA:76,1
DA:79,1
DA:81,1
DA:84,1
DA:85,1
DA:92,1
DA:94,1
DA:98,1
DA:103,1
DA:107,1
DA:112,2
DA:113,2
DA:114,2
DA:118,2
DA:119,2
DA:121,2
DA:122,1
DA:126,1
DA:132,1
DA:134,1
DA:135,1
DA:137,1
DA:148,1
DA:149,1
DA:155,1
DA:162,40
LF:50
LH:50
BRDA:37,0,0,1
BRDA:37,0,1,1
BRDA:55,1,0,1
BRDA:55,1,1,1
BRDA:75,2,0,1
BRDA:75,2,1,0
BRDA:79,3,0,0
BRDA:79,3,1,1
BRDA:81,4,0,0
BRDA:81,4,1,1
BRDA:118,5,0,1
BRDA:118,5,1,1
BRDA:119,6,0,2
BRDA:119,6,1,0
BRDA:121,7,0,1
BRDA:121,7,1,1
BRDA:134,8,0,1
BRDA:134,8,1,0
BRF:18
BRH:13
end_of_record
TN:
SF:controllers\UserController.js
FN:6,(anonymous_0)
FN:24,(anonymous_1)
FN:43,(anonymous_2)
FN:108,(anonymous_3)
FNF:4
FNH:4
FNDA:3,(anonymous_0)
FNDA:7,(anonymous_1)
FNDA:7,(anonymous_2)
FNDA:1,(anonymous_3)
DA:1,40
DA:2,40
DA:3,40
DA:7,3
DA:8,3
DA:13,2
DA:14,1
DA:15,1
DA:17,1
DA:20,1
DA:25,7
DA:26,7
DA:27,7
DA:36,1
DA:37,1
DA:39,6
DA:44,7
DA:45,7
DA:47,7
DA:48,2
DA:53,2
DA:54,1
DA:56,1
DA:57,1
DA:61,1
DA:66,1
DA:67,1
DA:75,5
DA:80,4
DA:81,3
DA:83,1
DA:84,1
DA:88,1
DA:93,1
DA:94,1
DA:104,1
DA:109,1
DA:110,1
DA:117,1
DA:118,1
DA:119,1
DA:120,1
DA:121,1
DA:123,1
DA:128,1
DA:134,1
DA:136,1
DA:137,1
DA:138,1
DA:139,1
DA:152,40
LF:51
LH:51
BRDA:13,0,0,1
BRDA:13,0,1,1
BRDA:47,1,0,2
BRDA:47,1,1,5
BRDA:53,2,0,1
BRDA:53,2,1,1
BRDA:57,3,0,0
BRDA:57,3,1,1
BRDA:80,4,0,3
BRDA:80,4,1,1
BRDA:84,5,0,0
BRDA:84,5,1,1
BRDA:117,6,0,0
BRDA:117,6,1,1
BRDA:118,7,0,1
BRDA:118,7,1,0
BRDA:119,8,0,1
BRDA:119,8,1,0
BRDA:120,9,0,1
BRDA:120,9,1,0
BRDA:121,10,0,1
BRDA:121,10,1,0
BRDA:123,11,0,0
BRDA:123,11,1,1
BRDA:136,12,0,1
BRDA:136,12,1,0
BRF:26
BRH:17
end_of_record
TN:
SF:controllers\categoriesController.js
FN:4,(anonymous_0)
FNF:1
FNH:1
FNDA:1,(anonymous_0)
DA:1,40
DA:5,1
DA:6,1
DA:8,1
DA:15,40
LF:5
LH:5
BRF:0
BRH:0
end_of_record
TN:
SF:helpers\bcrypt.js
FN:3,hashPassword
FN:9,checkPassword
FNF:2
FNH:2
FNDA:9,hashPassword
FNDA:4,checkPassword
DA:1,40
DA:4,9
DA:5,9
DA:6,9
DA:10,4
DA:13,40
LF:6
LH:6
BRF:0
BRH:0
end_of_record
TN:
SF:helpers\jwt.js
FN:9,generateToken
FN:14,checkToken
FNF:2
FNH:2
FNDA:24,generateToken
FNDA:79,checkToken
DA:5,40
DA:7,40
DA:10,24
DA:11,24
DA:15,79
DA:16,60
DA:19,40
LF:7
LH:7
BRDA:7,0,0,35
BRDA:7,0,1,5
BRF:2
BRH:2
end_of_record
TN:
SF:middlewares\auth.js
FN:4,authenticate
FN:39,authorizeUserEdit
FN:67,authorizeArtistEdit
FN:91,authorizeUserOrder
FN:119,authorizeArtistOrder
FN:147,authorizeUserPicture
FN:170,authorizeArtistPicture
FN:193,authorizeUserComment
FN:213,authorizeArtistOption
FN:241,authorizeUserRating
FN:264,authorUserReview
FNF:11
FNH:11
FNDA:79,authenticate
FNDA:1,authorizeUserEdit
FNDA:1,authorizeArtistEdit
FNDA:1,authorizeUserOrder
FNDA:6,authorizeArtistOrder
FNDA:1,authorizeUserPicture
FNDA:4,authorizeArtistPicture
FNDA:4,authorizeUserComment
FNDA:5,authorizeArtistOption
FNDA:6,authorizeUserRating
FNDA:6,authorUserReview
DA:1,40
DA:2,40
DA:5,79
DA:6,79
DA:8,60
DA:14,60
DA:20,60
DA:21,10
DA:23,50
DA:24,25
DA:26,25
DA:29,25
DA:31,25
DA:35,19
DA:40,1
DA:41,1
DA:42,1
DA:48,1
DA:49,1
DA:68,1
DA:69,1
DA:70,1
DA:75,1
DA:80,1
DA:83,1
DA:84,1
DA:92,1
DA:93,1
DA:94,1
DA:100,1
DA:101,1
DA:120,6
DA:121,6
DA:122,6
DA:128,6
DA:129,6
DA:148,1
DA:150,1
DA:151,1
DA:157,1
DA:158,1
DA:171,4
DA:172,4
DA:173,4
DA:178,4
DA:179,1
DA:182,3
DA:185,3
DA:186,3
DA:194,4
DA:195,4
DA:196,4
DA:202,4
DA:205,3
DA:206,3
DA:209,1
DA:214,5
DA:215,5
DA:216,5
DA:222,4
DA:223,3
DA:226,3
DA:227,0
DA:230,3
DA:232,0
DA:237,2
DA:242,6
DA:243,6
DA:244,6
DA:250,5
DA:251,3
DA:260,3
DA:265,6
DA:266,6
DA:267,6
DA:273,5
DA:274,3
DA:283,3
DA:287,40
LF:79
LH:77
BRDA:20,0,0,10
BRDA:20,0,1,50
BRDA:20,1,0,60
BRDA:20,1,1,35
BRDA:23,2,0,25
BRDA:23,2,1,25
BRDA:48,3,0,1
BRDA:48,3,1,0
BRDA:75,4,0,0
BRDA:75,4,1,1
BRDA:80,5,0,0
BRDA:80,5,1,1
BRDA:83,6,0,1
BRDA:83,6,1,0
BRDA:100,7,0,1
BRDA:100,7,1,0
BRDA:128,8,0,6
BRDA:128,8,1,0
BRDA:157,9,0,1
BRDA:157,9,1,0
BRDA:178,10,0,1
BRDA:178,10,1,3
BRDA:182,11,0,0
BRDA:182,11,1,3
BRDA:185,12,0,3
BRDA:185,12,1,0
BRDA:202,13,0,0
BRDA:202,13,1,3
BRDA:205,14,0,3
BRDA:205,14,1,0
BRDA:222,15,0,3
BRDA:222,15,1,0
BRDA:226,16,0,0
BRDA:226,16,1,3
BRDA:230,17,0,0
BRDA:230,17,1,3
BRDA:250,18,0,3
BRDA:250,18,1,0
BRDA:273,19,0,3
BRDA:273,19,1,0
BRF:40
BRH:24
end_of_record
TN:
SF:middlewares\errorHandlers.js
FN:1,errorHandlers
FN:6,(anonymous_1)
FNF:2
FNH:2
FNDA:90,errorHandlers
FNDA:24,(anonymous_1)
DA:5,90
DA:6,21
DA:7,24
DA:11,90
DA:13,20
DA:14,20
DA:16,1
DA:17,1
DA:19,11
DA:20,11
DA:22,8
DA:23,8
DA:28,19
DA:29,19
DA:38,1
DA:39,1
DA:41,1
DA:42,1
DA:44,29
DA:48,40
LF:20
LH:20
BRDA:5,0,0,21
BRDA:5,0,1,69
BRDA:11,1,0,20
BRDA:11,1,1,1
BRDA:11,1,2,11
BRDA:11,1,3,8
BRDA:11,1,4,19
BRDA:11,1,5,1
BRDA:11,1,6,1
BRDA:11,1,7,29
BRF:10
BRH:10
end_of_record
TN:
SF:models\artist.js
FN:7,(anonymous_0)
FN:14,(anonymous_1)
FN:102,(anonymous_2)
FNF:3
FNH:3
FNDA:40,(anonymous_0)
FNDA:40,(anonymous_1)
FNDA:5,(anonymous_2)
DA:2,40
DA:6,40
DA:7,40
DA:16,40
DA:19,40
DA:20,40
DA:21,40
DA:22,40
DA:23,40
DA:26,40
DA:103,5
DA:104,5
DA:105,1
DA:110,40
LF:14
LH:14
BRDA:104,0,0,1
BRDA:104,0,1,4
BRF:2
BRH:2
end_of_record
TN:
SF:models\category.js
FN:5,(anonymous_0)
FN:12,(anonymous_1)
FNF:2
FNH:2
FNDA:40,(anonymous_0)
FNDA:40,(anonymous_1)
DA:4,40
DA:5,40
DA:14,40
DA:17,40
DA:31,40
LF:5
LH:5
BRF:0
BRH:0
end_of_record
TN:
SF:models\comment.js
FN:5,(anonymous_0)
FN:12,(anonymous_1)
FNF:2
FNH:2
FNDA:40,(anonymous_0)
FNDA:40,(anonymous_1)
DA:4,40
DA:5,40
DA:14,40
DA:15,40
DA:18,40
DA:48,40
LF:6
LH:6
BRF:0
BRH:0
end_of_record
TN:
SF:models\index.js
FN:21,(anonymous_0)
FN:24,(anonymous_1)
FN:29,(anonymous_2)
FNF:3
FNH:3
FNDA:400,(anonymous_0)
FNDA:360,(anonymous_1)
FNDA:360,(anonymous_2)
DA:3,40
DA:4,40
DA:5,40
DA:6,40
DA:7,40
DA:8,40
DA:9,40
DA:12,40
DA:14,0
DA:16,40
DA:19,40
DA:22,400
DA:25,360
DA:26,360
DA:29,40
DA:30,360
DA:31,360
DA:35,40
DA:36,40
DA:38,40
LF:20
LH:19
BRDA:7,0,0,40
BRDA:7,0,1,0
BRDA:12,1,0,0
BRDA:12,1,1,40
BRDA:22,2,0,400
BRDA:22,2,1,400
BRDA:22,2,2,360
BRDA:30,3,0,360
BRDA:30,3,1,0
BRF:9
BRH:6
end_of_record
TN:
SF:models\option.js
FN:5,(anonymous_0)
FN:12,(anonymous_1)
FNF:2
FNH:2
FNDA:40,(anonymous_0)
FNDA:40,(anonymous_1)
DA:4,40
DA:5,40
DA:14,40
DA:17,40
DA:46,40
LF:5
LH:5
BRF:0
BRH:0
end_of_record
TN:
SF:models\order.js
FN:5,(anonymous_0)
FN:12,(anonymous_1)
FNF:2
FNH:2
FNDA:40,(anonymous_0)
FNDA:40,(anonymous_1)
DA:4,40
DA:5,40
DA:14,40
DA:15,40
DA:16,40
DA:17,40
DA:20,40
DA:79,40
LF:8
LH:8
BRF:0
BRH:0
end_of_record
TN:
SF:models\picture.js
FN:5,(anonymous_0)
FN:12,(anonymous_1)
FNF:2
FNH:2
FNDA:40,(anonymous_0)
FNDA:40,(anonymous_1)
DA:4,40
DA:5,40
DA:14,40
DA:15,40
DA:16,40
DA:19,40
DA:62,40
LF:7
LH:7
BRF:0
BRH:0
end_of_record
TN:
SF:models\rating.js
FN:5,(anonymous_0)
FN:12,(anonymous_1)
FNF:2
FNH:2
FNDA:40,(anonymous_0)
FNDA:40,(anonymous_1)
DA:4,40
DA:5,40
DA:14,40
DA:17,40
DA:20,40
DA:49,40
LF:6
LH:6
BRF:0
BRH:0
end_of_record
TN:
SF:models\review.js
FN:5,(anonymous_0)
FN:12,(anonymous_1)
FNF:2
FNH:2
FNDA:40,(anonymous_0)
FNDA:40,(anonymous_1)
DA:4,40
DA:5,40
DA:14,40
DA:17,40
DA:20,40
DA:59,40
LF:6
LH:6
BRF:0
BRH:0
end_of_record
TN:
SF:models\user.js
FN:7,(anonymous_0)
FN:14,(anonymous_1)
FN:82,(anonymous_2)
FNF:3
FNH:3
FNDA:40,(anonymous_0)
FNDA:40,(anonymous_1)
FNDA:4,(anonymous_2)
DA:2,40
DA:6,40
DA:7,40
DA:16,40
DA:19,40
DA:22,40
DA:25,40
DA:26,40
DA:27,40
DA:30,40
DA:83,4
DA:84,4
DA:85,3
DA:90,40
LF:14
LH:14
BRDA:84,0,0,3
BRDA:84,0,1,1
BRF:2
BRH:2
end_of_record
TN:
SF:routes\artistsRouter.js
FNF:0
FNH:0
DA:1,40
DA:2,40
DA:3,40
DA:5,40
DA:7,40
DA:9,40
DA:11,40
DA:13,40
LF:8
LH:8
BRF:0
BRH:0
end_of_record
TN:
SF:routes\catRouter.js
FNF:0
FNH:0
DA:1,40
DA:2,40
DA:5,40
DA:8,40
LF:4
LH:4
BRF:0
BRH:0
end_of_record
TN:
SF:routes\commentsRouter.js
FNF:0
FNH:0
DA:1,40
DA:2,40
DA:3,40
DA:5,40
DA:7,40
DA:9,40
DA:11,40
DA:13,40
DA:15,40
DA:17,40
LF:10
LH:10
BRF:0
BRH:0
end_of_record
TN:
SF:routes\indexRouter.js
FN:12,(anonymous_0)
FNF:1
FNH:1
FNDA:1,(anonymous_0)
DA:1,40
DA:2,40
DA:3,40
DA:4,40
DA:5,40
DA:6,40
DA:7,40
DA:8,40
DA:9,40
DA:10,40
DA:12,40
DA:13,1
DA:16,40
DA:18,40
DA:20,40
DA:22,40
DA:24,40
DA:26,40
DA:28,40
DA:30,40
DA:32,40
DA:35,40
LF:22
LH:22
BRF:0
BRH:0
end_of_record
TN:
SF:routes\optionsRouter.js
FNF:0
FNH:0
DA:1,40
DA:2,40
DA:3,40
DA:5,40
DA:7,40
DA:9,40
DA:11,40
DA:13,40
DA:15,40
LF:9
LH:9
BRF:0
BRH:0
end_of_record
TN:
SF:routes\ordersRouter.js
FNF:0
FNH:0
DA:1,40
DA:2,40
DA:3,40
DA:5,40
DA:7,40
DA:9,40
DA:11,40
DA:13,40
DA:15,40
DA:17,40
DA:19,40
DA:21,40
DA:23,40
DA:25,40
LF:14
LH:14
BRF:0
BRH:0
end_of_record
TN:
SF:routes\picturesRouter.js
FNF:0
FNH:0
DA:1,40
DA:2,40
DA:3,40
DA:5,40
DA:7,40
DA:9,40
DA:11,40
DA:13,40
DA:15,40
DA:17,40
DA:19,40
DA:21,40
DA:24,40
LF:13
LH:13
BRF:0
BRH:0
end_of_record
TN:
SF:routes\ratingsRouter.js
FNF:0
FNH:0
DA:1,40
DA:2,40
DA:3,40
DA:5,40
DA:7,40
DA:9,40
DA:11,40
DA:13,40
DA:15,40
DA:17,40
DA:19,40
DA:21,40
LF:12
LH:12
BRF:0
BRH:0
end_of_record
TN:
SF:routes\reviewsRouter.js
FNF:0
FNH:0
DA:1,40
DA:2,40
DA:3,40
DA:5,40
DA:7,40
DA:9,40
DA:11,40
DA:13,40
DA:15,40
DA:17,40
DA:19,40
LF:11
LH:11
BRF:0
BRH:0
end_of_record
TN:
SF:routes\usersRouter.js
FNF:0
FNH:0
DA:1,40
DA:2,40
DA:3,40
DA:5,40
DA:7,40
DA:9,40
DA:11,40
DA:13,40
LF:8
LH:8
BRF:0
BRH:0
end_of_record
